nohup: ignoring input
Running 1m test @ http://nginx-thrift.social-network.svc.cluster.local:8080/wrk2-api/home-timeline/read
  2 threads and 50 connections

  Thread calibration: mean lat.: 965.785ms, rate sampling interval: 6397ms
  Thread calibration: mean lat.: 923.752ms, rate sampling interval: 6283ms

-----------------------------------------------------------------------
Test Results @ http://nginx-thrift.social-network.svc.cluster.local:8080/wrk2-api/home-timeline/read 
  Thread Stats   Avg      Stdev     99%   +/- Stdev
    Latency    23.49s    10.99s   43.22s    58.19%
    Req/Sec    35.14      2.82    42.00     78.57%
  Latency Distribution (HdrHistogram - Recorded Latency)
 50.000%   22.84s 
 75.000%   33.01s 
 90.000%   38.99s 
 99.000%   43.22s 
 99.900%   44.83s 
 99.990%   45.65s 
 99.999%   45.65s 
100.000%   45.65s 

  Detailed Percentile spectrum:
       Value   Percentile   TotalCount 1/(1-Percentile)

    3325.951     0.000000            1         1.00
    8167.423     0.100000          354         1.11
   12353.535     0.200000          707         1.25
   16383.999     0.300000         1061         1.43
   19873.791     0.400000         1415         1.67
   22839.295     0.500000         1769         2.00
   24510.463     0.550000         1945         2.22
   26460.159     0.600000         2121         2.50
   28606.463     0.650000         2299         2.86
   30818.303     0.700000         2475         3.33
   33013.759     0.750000         2652         4.00
   34045.951     0.775000         2740         4.44
   35061.759     0.800000         2831         5.00
   35946.495     0.825000         2920         5.71
   36896.767     0.850000         3007         6.67
   37912.575     0.875000         3097         8.00
   38502.399     0.887500         3138         8.89
   38993.919     0.900000         3183        10.00
   39485.439     0.912500         3228        11.43
   39976.959     0.925000         3270        13.33
   40468.479     0.937500         3316        16.00
   40730.623     0.943750         3337        17.78
   40959.999     0.950000         3360        20.00
   41254.911     0.956250         3384        22.86
   41549.823     0.962500         3407        26.67
   41811.967     0.968750         3427        32.00
   41877.503     0.971875         3436        35.56
   42074.111     0.975000         3449        40.00
   42303.487     0.978125         3459        45.71
   42500.095     0.981250         3469        53.33
   42663.935     0.984375         3481        64.00
   42827.775     0.985938         3487        71.11
   42991.615     0.987500         3492        80.00
   43122.687     0.989062         3497        91.43
   43286.527     0.990625         3502       106.67
   43384.831     0.992188         3508       128.00
   43483.135     0.992969         3512       142.22
   43646.975     0.993750         3513       160.00
   43712.511     0.994531         3516       182.86
   43909.119     0.995313         3519       213.33
   44072.959     0.996094         3523       256.00
   44072.959     0.996484         3523       284.44
   44105.727     0.996875         3524       320.00
   44367.871     0.997266         3526       365.71
   44433.407     0.997656         3527       426.67
   44564.479     0.998047         3529       512.00
   44564.479     0.998242         3529       568.89
   44761.087     0.998437         3530       640.00
   44826.623     0.998633         3531       731.43
   44826.623     0.998828         3531       853.33
   44924.927     0.999023         3532      1024.00
   44924.927     0.999121         3532      1137.78
   45252.607     0.999219         3533      1280.00
   45252.607     0.999316         3533      1462.86
   45252.607     0.999414         3533      1706.67
   45350.911     0.999512         3534      2048.00
   45350.911     0.999561         3534      2275.56
   45350.911     0.999609         3534      2560.00
   45350.911     0.999658         3534      2925.71
   45350.911     0.999707         3534      3413.33
   45645.823     0.999756         3535      4096.00
   45645.823     1.000000         3535          inf
#[Mean    =    23485.621, StdDeviation   =    10985.238]
#[Max     =    45613.056, Total count    =         3535]
#[Buckets =           27, SubBuckets     =         2048]
-----------------------------------------------------------------------
  5048 requests in 1.00m, 1.37MB read
Requests/sec:     84.09  
Transfer/sec:     23.32KB
Running 1m test @ http://nginx-thrift.social-network2.svc.cluster.local:8080/wrk2-api/home-timeline/read
  2 threads and 50 connections

  Thread calibration: mean lat.: 781.013ms, rate sampling interval: 5496ms
  Thread calibration: mean lat.: 823.535ms, rate sampling interval: 5681ms

-----------------------------------------------------------------------
Test Results @ http://nginx-thrift.social-network2.svc.cluster.local:8080/wrk2-api/home-timeline/read 
  Thread Stats   Avg      Stdev     99%   +/- Stdev
    Latency    21.20s    11.00s   42.83s    59.67%
    Req/Sec    33.12      5.83    43.00     70.59%
  Latency Distribution (HdrHistogram - Recorded Latency)
 50.000%   19.87s 
 75.000%   30.38s 
 90.000%   37.72s 
 99.000%   42.83s 
 99.900%   44.34s 
 99.990%   44.63s 
 99.999%   44.63s 
100.000%   44.63s 

  Detailed Percentile spectrum:
       Value   Percentile   TotalCount 1/(1-Percentile)

    2775.039     0.000000            1         1.00
    7315.455     0.100000          335         1.11
   10117.119     0.200000          671         1.25
   13074.431     0.300000         1005         1.43
   16465.919     0.400000         1339         1.67
   19873.791     0.500000         1676         2.00
   21905.407     0.550000         1841         2.22
   23707.647     0.600000         2013         2.50
   25591.807     0.650000         2177         2.86
   28049.407     0.700000         2343         3.33
   30392.319     0.750000         2511         4.00
   31293.439     0.775000         2594         4.44
   32276.479     0.800000         2678         5.00
   33374.207     0.825000         2762         5.71
   34570.239     0.850000         2847         6.67
   36208.639     0.875000         2930         8.00
   36962.303     0.887500         2971         8.89
   37748.735     0.900000         3014        10.00
   38436.863     0.912500         3056        11.43
   39124.991     0.925000         3096        13.33
   39682.047     0.937500         3140        16.00
   39944.191     0.943750         3160        17.78
   40239.103     0.950000         3181        20.00
   40566.783     0.956250         3203        22.86
   40959.999     0.962500         3224        26.67
   41254.911     0.968750         3245        32.00
   41385.983     0.971875         3253        35.56
   41549.823     0.975000         3264        40.00
   41811.967     0.978125         3274        45.71
   42106.879     0.981250         3285        53.33
   42303.487     0.984375         3295        64.00
   42401.791     0.985938         3300        71.11
   42663.935     0.987500         3307        80.00
   42762.239     0.989062         3311        91.43
   42893.311     0.990625         3317       106.67
   42958.847     0.992188         3321       128.00
   43057.151     0.992969         3324       142.22
   43253.759     0.993750         3327       160.00
   43417.599     0.994531         3329       182.86
   43515.903     0.995313         3332       213.33
   43548.671     0.996094         3334       256.00
   43745.279     0.996484         3336       284.44
   43778.047     0.996875         3337       320.00
   43810.815     0.997266         3338       365.71
   43909.119     0.997656         3340       426.67
   43974.655     0.998047         3341       512.00
   44040.191     0.998242         3342       568.89
   44040.191     0.998437         3342       640.00
   44171.263     0.998633         3343       731.43
   44335.103     0.998828         3345       853.33
   44335.103     0.999023         3345      1024.00
   44335.103     0.999121         3345      1137.78
   44335.103     0.999219         3345      1280.00
   44335.103     0.999316         3345      1462.86
   44433.407     0.999414         3346      1706.67
   44433.407     0.999512         3346      2048.00
   44433.407     0.999561         3346      2275.56
   44433.407     0.999609         3346      2560.00
   44433.407     0.999658         3346      2925.71
   44630.015     0.999707         3347      3413.33
   44630.015     1.000000         3347          inf
#[Mean    =    21198.131, StdDeviation   =    11003.610]
#[Max     =    44597.248, Total count    =         3347]
#[Buckets =           27, SubBuckets     =         2048]
-----------------------------------------------------------------------
  5221 requests in 1.00m, 1.42MB read
Requests/sec:     86.98  
Transfer/sec:     24.20KB
Running 1m test @ http://nginx-thrift.social-network3.svc.cluster.local:8080/wrk2-api/home-timeline/read
  2 threads and 50 connections

  Thread calibration: mean lat.: 368.746ms, rate sampling interval: 1444ms
  Thread calibration: mean lat.: 335.349ms, rate sampling interval: 1302ms

-----------------------------------------------------------------------
Test Results @ http://nginx-thrift.social-network3.svc.cluster.local:8080/wrk2-api/home-timeline/read 
  Thread Stats   Avg      Stdev     99%   +/- Stdev
    Latency     9.19s    10.47s   32.34s    77.90%
    Req/Sec    51.50     41.74   168.00     84.72%
  Latency Distribution (HdrHistogram - Recorded Latency)
 50.000%    3.52s 
 75.000%   17.79s 
 90.000%   26.53s 
 99.000%   32.34s 
 99.900%   34.37s 
 99.990%   35.52s 
 99.999%   35.65s 
100.000%   35.65s 

  Detailed Percentile spectrum:
       Value   Percentile   TotalCount 1/(1-Percentile)

      72.127     0.000000            1         1.00
     187.775     0.100000          516         1.11
     301.567     0.200000         1032         1.25
     464.895     0.300000         1547         1.43
     834.047     0.400000         2062         1.67
    3516.415     0.500000         2577         2.00
    6127.615     0.550000         2835         2.22
    8708.095     0.600000         3092         2.50
   11911.167     0.650000         3351         2.86
   14794.751     0.700000         3608         3.33
   17793.023     0.750000         3866         4.00
   19365.887     0.775000         3994         4.44
   20873.215     0.800000         4123         5.00
   22183.935     0.825000         4253         5.71
   23740.415     0.850000         4384         6.67
   25214.975     0.875000         4509         8.00
   25886.719     0.887500         4576         8.89
   26525.695     0.900000         4638        10.00
   27131.903     0.912500         4706        11.43
   27721.727     0.925000         4771        13.33
   28377.087     0.937500         4833        16.00
   28655.615     0.943750         4865        17.78
   29081.599     0.950000         4896        20.00
   29523.967     0.956250         4928        22.86
   29900.799     0.962500         4960        26.67
   30375.935     0.968750         4992        32.00
   30654.463     0.971875         5010        35.56
   30982.143     0.975000         5025        40.00
   31195.135     0.978125         5042        45.71
   31375.359     0.981250         5057        53.33
   31719.423     0.984375         5073        64.00
   31850.495     0.985938         5081        71.11
   32014.335     0.987500         5090        80.00
   32210.943     0.989062         5097        91.43
   32456.703     0.990625         5106       106.67
   32653.311     0.992188         5113       128.00
   32751.615     0.992969         5117       142.22
   32915.455     0.993750         5122       160.00
   33013.759     0.994531         5125       182.86
   33079.295     0.995313         5129       213.33
   33259.519     0.996094         5133       256.00
   33390.591     0.996484         5135       284.44
   33423.359     0.996875         5137       320.00
   33652.735     0.997266         5139       365.71
   33816.575     0.997656         5141       426.67
   33947.647     0.998047         5143       512.00
   34045.951     0.998242         5144       568.89
   34111.487     0.998437         5145       640.00
   34275.327     0.998633         5146       731.43
   34308.095     0.998828         5147       853.33
   34373.631     0.999023         5148      1024.00
   34668.543     0.999121         5149      1137.78
   34668.543     0.999219         5149      1280.00
   34734.079     0.999316         5150      1462.86
   34734.079     0.999414         5150      1706.67
   34996.223     0.999512         5151      2048.00
   34996.223     0.999561         5151      2275.56
   34996.223     0.999609         5151      2560.00
   35520.511     0.999658         5152      2925.71
   35520.511     0.999707         5152      3413.33
   35520.511     0.999756         5152      4096.00
   35520.511     0.999780         5152      4551.11
   35520.511     0.999805         5152      5120.00
   35651.583     0.999829         5153      5851.43
   35651.583     1.000000         5153          inf
#[Mean    =     9185.096, StdDeviation   =    10472.050]
#[Max     =    35618.816, Total count    =         5153]
#[Buckets =           27, SubBuckets     =         2048]
-----------------------------------------------------------------------
  8076 requests in 1.00m, 2.19MB read
Requests/sec:    134.53  
Transfer/sec:     37.41KB
Running 5m test @ http://nginx-thrift.social-network.svc.cluster.local:8080/wrk2-api/home-timeline/read
  2 threads and 50 connections

  Thread calibration: mean lat.: 138.819ms, rate sampling interval: 500ms
  Thread calibration: mean lat.: 151.508ms, rate sampling interval: 581ms

-----------------------------------------------------------------------
Test Results @ http://nginx-thrift.social-network.svc.cluster.local:8080/wrk2-api/home-timeline/read 
  Thread Stats   Avg      Stdev     99%   +/- Stdev
    Latency     1.77m     1.14m    3.72m    57.13%
    Req/Sec    33.23     21.10   116.00     78.76%
  Latency Distribution (HdrHistogram - Recorded Latency)
 50.000%    1.74m 
 75.000%    2.76m 
 90.000%    3.36m 
 99.000%    3.72m 
 99.900%    3.79m 
 99.990%    3.82m 
 99.999%    3.84m 
100.000%    3.84m 

  Detailed Percentile spectrum:
       Value   Percentile   TotalCount 1/(1-Percentile)

      48.607     0.000000            1         1.00
   11345.919     0.100000         1938         1.11
   33751.039     0.200000         3876         1.25
   57769.983     0.300000         5817         1.43
   79560.703     0.400000         7751         1.67
  104267.775     0.500000         9689         2.00
  117309.439     0.550000        10657         2.22
  131137.535     0.600000        11629         2.50
  144310.271     0.650000        12599         2.86
  155320.319     0.700000        13571         3.33
  165412.863     0.750000        14536         4.00
  171311.103     0.775000        15017         4.44
  176816.127     0.800000        15505         5.00
  182321.151     0.825000        15986         5.71
  188481.535     0.850000        16476         6.67
  195428.351     0.875000        16955         8.00
  198443.007     0.887500        17203         8.89
  201326.591     0.900000        17441        10.00
  204341.247     0.912500        17687        11.43
  207093.759     0.925000        17928        13.33
  209846.271     0.937500        18179        16.00
  211419.135     0.943750        18297        17.78
  212729.855     0.950000        18408        20.00
  214302.719     0.956250        18536        22.86
  215875.583     0.962500        18658        26.67
  217448.447     0.968750        18776        32.00
  218103.807     0.971875        18833        35.56
  218890.239     0.975000        18894        40.00
  219676.671     0.978125        18954        45.71
  220594.175     0.981250        19018        53.33
  221249.535     0.984375        19074        64.00
  221773.823     0.985938        19108        71.11
  222167.039     0.987500        19142        80.00
  222691.327     0.989062        19174        91.43
  223215.615     0.990625        19198       106.67
  223739.903     0.992188        19230       128.00
  224002.047     0.992969        19243       142.22
  224264.191     0.993750        19255       160.00
  224657.407     0.994531        19275       182.86
  225050.623     0.995313        19290       213.33
  225574.911     0.996094        19304       256.00
  225705.983     0.996484        19308       284.44
  225837.055     0.996875        19316       320.00
  226099.199     0.997266        19325       365.71
  226361.343     0.997656        19332       426.67
  226492.415     0.998047        19341       512.00
  226623.487     0.998242        19344       568.89
  226885.631     0.998437        19346       640.00
  227147.775     0.998633        19350       731.43
  227409.919     0.998828        19355       853.33
  227540.991     0.999023        19358      1024.00
  227672.063     0.999121        19361      1137.78
  227672.063     0.999219        19361      1280.00
  227934.207     0.999316        19364      1462.86
  228065.279     0.999414        19365      1706.67
  228327.423     0.999512        19368      2048.00
  228327.423     0.999561        19368      2275.56
  228458.495     0.999609        19369      2560.00
  228589.567     0.999658        19371      2925.71
  228589.567     0.999707        19371      3413.33
  228982.783     0.999756        19372      4096.00
  228982.783     0.999780        19372      4551.11
  229244.927     0.999805        19373      5120.00
  229244.927     0.999829        19373      5851.43
  229375.999     0.999854        19374      6826.67
  229375.999     0.999878        19374      8192.00
  229375.999     0.999890        19374      9102.22
  230031.359     0.999902        19375     10240.00
  230031.359     0.999915        19375     11702.86
  230031.359     0.999927        19375     13653.33
  230031.359     0.999939        19375     16384.00
  230031.359     0.999945        19375     18204.44
  230424.575     0.999951        19376     20480.00
  230424.575     1.000000        19376          inf
#[Mean    =   106049.393, StdDeviation   =    68289.370]
#[Max     =   230293.504, Total count    =        19376]
#[Buckets =           27, SubBuckets     =         2048]
-----------------------------------------------------------------------
  22334 requests in 5.00m, 6.05MB read
Requests/sec:     74.44  
Transfer/sec:     20.64KB
Running 5m test @ http://nginx-thrift.social-network2.svc.cluster.local:8080/wrk2-api/home-timeline/read
  2 threads and 50 connections

  Thread calibration: mean lat.: 271.997ms, rate sampling interval: 872ms
  Thread calibration: mean lat.: 278.923ms, rate sampling interval: 767ms

-----------------------------------------------------------------------
Test Results @ http://nginx-thrift.social-network2.svc.cluster.local:8080/wrk2-api/home-timeline/read 
  Thread Stats   Avg      Stdev     99%   +/- Stdev
    Latency     1.88m     1.08m    3.76m    58.41%
    Req/Sec    32.48     11.97    58.00     75.35%
  Latency Distribution (HdrHistogram - Recorded Latency)
 50.000%    1.87m 
 75.000%    2.78m 
 90.000%    3.40m 
 99.000%    3.76m 
 99.900%    3.84m 
 99.990%    3.89m 
 99.999%    3.92m 
100.000%    3.92m 

  Detailed Percentile spectrum:
       Value   Percentile   TotalCount 1/(1-Percentile)

    1887.231     0.000000            1         1.00
   24199.167     0.100000         1914         1.11
   45776.895     0.200000         3827         1.25
   67043.327     0.300000         5743         1.43
   89063.423     0.400000         7655         1.67
  112132.095     0.500000         9572         2.00
  123535.359     0.550000        10533         2.22
  135004.159     0.600000        11484         2.50
  145883.135     0.650000        12441         2.86
  158072.831     0.700000        13398         3.33
  166985.727     0.750000        14357         4.00
  172097.535     0.775000        14837         4.44
  178520.063     0.800000        15312         5.00
  184680.447     0.825000        15795         5.71
  190316.543     0.850000        16273         6.67
  196870.143     0.875000        16750         8.00
  200671.231     0.887500        16984         8.89
  204210.175     0.900000        17223        10.00
  207224.831     0.912500        17463        11.43
  210501.631     0.925000        17702        13.33
  213516.287     0.937500        17940        16.00
  215089.151     0.943750        18065        17.78
  216399.871     0.950000        18180        20.00
  217841.663     0.956250        18310        22.86
  219021.311     0.962500        18421        26.67
  220332.031     0.968750        18555        32.00
  220987.391     0.971875        18609        35.56
  221511.679     0.975000        18662        40.00
  222167.039     0.978125        18720        45.71
  222822.399     0.981250        18779        53.33
  223870.975     0.984375        18845        64.00
  224264.191     0.985938        18870        71.11
  224657.407     0.987500        18899        80.00
  225181.695     0.989062        18936        91.43
  225574.911     0.990625        18961       106.67
  226099.199     0.992188        18988       128.00
  226361.343     0.992969        19003       142.22
  226754.559     0.993750        19018       160.00
  227016.703     0.994531        19033       182.86
  227409.919     0.995313        19047       213.33
  227803.135     0.996094        19061       256.00
  227934.207     0.996484        19068       284.44
  228196.351     0.996875        19079       320.00
  228327.423     0.997266        19084       365.71
  228589.567     0.997656        19091       426.67
  228982.783     0.998047        19100       512.00
  229244.927     0.998242        19103       568.89
  229638.143     0.998437        19108       640.00
  229769.215     0.998633        19111       731.43
  229900.287     0.998828        19114       853.33
  230424.575     0.999023        19117      1024.00
  230555.647     0.999121        19121      1137.78
  230555.647     0.999219        19121      1280.00
  230686.719     0.999316        19122      1462.86
  230948.863     0.999414        19126      1706.67
  230948.863     0.999512        19126      2048.00
  231473.151     0.999561        19127      2275.56
  231604.223     0.999609        19128      2560.00
  231735.295     0.999658        19129      2925.71
  231997.439     0.999707        19130      3413.33
  232521.727     0.999756        19131      4096.00
  232521.727     0.999780        19131      4551.11
  232652.799     0.999805        19132      5120.00
  232652.799     0.999829        19132      5851.43
  233439.231     0.999854        19133      6826.67
  233439.231     0.999878        19133      8192.00
  233439.231     0.999890        19133      9102.22
  233963.519     0.999902        19134     10240.00
  233963.519     0.999915        19134     11702.86
  233963.519     0.999927        19134     13653.33
  233963.519     0.999939        19134     16384.00
  233963.519     0.999945        19134     18204.44
  235012.095     0.999951        19135     20480.00
  235012.095     1.000000        19135          inf
#[Mean    =   112757.656, StdDeviation   =    64651.193]
#[Max     =   234881.024, Total count    =        19135]
#[Buckets =           27, SubBuckets     =         2048]
-----------------------------------------------------------------------
  21362 requests in 5.00m, 5.81MB read
Requests/sec:     71.20  
Transfer/sec:     19.82KB
Running 5m test @ http://nginx-thrift.social-network3.svc.cluster.local:8080/wrk2-api/home-timeline/read
  2 threads and 50 connections

  Thread calibration: mean lat.: 604.529ms, rate sampling interval: 3389ms
  Thread calibration: mean lat.: 612.232ms, rate sampling interval: 4247ms

-----------------------------------------------------------------------
Test Results @ http://nginx-thrift.social-network3.svc.cluster.local:8080/wrk2-api/home-timeline/read 
  Thread Stats   Avg      Stdev     99%   +/- Stdev
    Latency     2.03m     1.14m    3.89m    55.94%
    Req/Sec    29.60      5.66    42.00     77.78%
  Latency Distribution (HdrHistogram - Recorded Latency)
 50.000%    2.02m 
 75.000%    3.07m 
 90.000%    3.54m 
 99.000%    3.89m 
 99.900%    3.97m 
 99.990%    4.01m 
 99.999%    4.04m 
100.000%    4.04m 

  Detailed Percentile spectrum:
       Value   Percentile   TotalCount 1/(1-Percentile)

    3450.879     0.000000            1         1.00
   27377.663     0.100000         1743         1.11
   48988.159     0.200000         3484         1.25
   73007.103     0.300000         5228         1.43
   96272.383     0.400000         6971         1.67
  121176.063     0.500000         8707         2.00
  135659.519     0.550000         9577         2.22
  149553.151     0.600000        10453         2.50
  161873.919     0.650000        11321         2.86
  173277.183     0.700000        12189         3.33
  184156.159     0.750000        13062         4.00
  189267.967     0.775000        13498         4.44
  194510.847     0.800000        13935         5.00
  199491.583     0.825000        14372         5.71
  203816.959     0.850000        14806         6.67
  208535.551     0.875000        15250         8.00
  210632.703     0.887500        15462         8.89
  212598.783     0.900000        15675        10.00
  214958.079     0.912500        15892        11.43
  217186.303     0.925000        16107        13.33
  219807.743     0.937500        16335        16.00
  221118.463     0.943750        16434        17.78
  222691.327     0.950000        16545        20.00
  224264.191     0.956250        16652        22.86
  226099.199     0.962500        16766        26.67
  227540.991     0.968750        16868        32.00
  228458.495     0.971875        16931        35.56
  229113.855     0.975000        16978        40.00
  230031.359     0.978125        17034        45.71
  230817.791     0.981250        17087        53.33
  231866.367     0.984375        17151        64.00
  232259.583     0.985938        17169        71.11
  232914.943     0.987500        17208        80.00
  233177.087     0.989062        17224        91.43
  233701.375     0.990625        17256       106.67
  234094.591     0.992188        17284       128.00
  234225.663     0.992969        17290       142.22
  234487.807     0.993750        17306       160.00
  234881.023     0.994531        17322       182.86
  235143.167     0.995313        17331       213.33
  235536.383     0.996094        17345       256.00
  235798.527     0.996484        17351       284.44
  236191.743     0.996875        17359       320.00
  236584.959     0.997266        17369       365.71
  236716.031     0.997656        17373       426.67
  237240.319     0.998047        17380       512.00
  237502.463     0.998242        17383       568.89
  237633.535     0.998437        17387       640.00
  237764.607     0.998633        17389       731.43
  238026.751     0.998828        17393       853.33
  238288.895     0.999023        17395      1024.00
  238551.039     0.999121        17398      1137.78
  238682.111     0.999219        17401      1280.00
  238682.111     0.999316        17401      1462.86
  238944.255     0.999414        17402      1706.67
  239075.327     0.999512        17404      2048.00
  239206.399     0.999561        17406      2275.56
  239206.399     0.999609        17406      2560.00
  239337.471     0.999658        17407      2925.71
  239337.471     0.999707        17407      3413.33
  239861.759     0.999756        17408      4096.00
  239992.831     0.999780        17409      4551.11
  239992.831     0.999805        17409      5120.00
  240517.119     0.999829        17410      5851.43
  240517.119     0.999854        17410      6826.67
  240517.119     0.999878        17410      8192.00
  240648.191     0.999890        17411      9102.22
  240648.191     0.999902        17411     10240.00
  240648.191     0.999915        17411     11702.86
  240648.191     0.999927        17411     13653.33
  240648.191     0.999939        17411     16384.00
  242352.127     0.999945        17412     18204.44
  242352.127     1.000000        17412          inf
#[Mean    =   121719.852, StdDeviation   =    68223.929]
#[Max     =   242221.056, Total count    =        17412]
#[Buckets =           27, SubBuckets     =         2048]
-----------------------------------------------------------------------
  19053 requests in 5.00m, 5.18MB read
Requests/sec:     63.50  
Transfer/sec:     17.69KB
Running 10m test @ http://nginx-thrift.social-network.svc.cluster.local:8080/wrk2-api/home-timeline/read
  2 threads and 50 connections

  Thread calibration: mean lat.: 159.342ms, rate sampling interval: 722ms
  Thread calibration: mean lat.: 146.196ms, rate sampling interval: 650ms

-----------------------------------------------------------------------
Test Results @ http://nginx-thrift.social-network.svc.cluster.local:8080/wrk2-api/home-timeline/read 
  Thread Stats   Avg      Stdev     99%   +/- Stdev
    Latency     3.63m     2.33m    7.59m    56.47%
    Req/Sec    32.59     20.99   141.00     83.99%
  Latency Distribution (HdrHistogram - Recorded Latency)
 50.000%    3.64m 
 75.000%    5.71m 
 90.000%    6.86m 
 99.000%    7.59m 
 99.900%    7.72m 
 99.990%    7.80m 
 99.999%    7.83m 
100.000%    7.83m 

  Detailed Percentile spectrum:
       Value   Percentile   TotalCount 1/(1-Percentile)

      48.671     0.000000            1         1.00
   19922.943     0.100000         3901         1.11
   69861.375     0.200000         7803         1.25
  119996.415     0.300000        11705         1.43
  168951.807     0.400000        15607         1.67
  218103.807     0.500000        19508         2.00
  245104.639     0.550000        21456         2.22
  266600.447     0.600000        23404         2.50
  289931.263     0.650000        25354         2.86
  317456.383     0.700000        27314         3.33
  342622.207     0.750000        29272         4.00
  354680.831     0.775000        30238         4.44
  365428.735     0.800000        31215         5.00
  375914.495     0.825000        32198         5.71
  386924.543     0.850000        33181         6.67
  398458.879     0.875000        34135         8.00
  405012.479     0.887500        34625         8.89
  411303.935     0.900000        35113        10.00
  417333.247     0.912500        35614        11.43
  422838.271     0.925000        36088        13.33
  428605.439     0.937500        36576        16.00
  431751.167     0.943750        36821        17.78
  435159.039     0.950000        37055        20.00
  438829.055     0.956250        37312        22.86
  442236.927     0.962500        37554        26.67
  445382.655     0.968750        37791        32.00
  446955.519     0.971875        37914        35.56
  448528.383     0.975000        38042        40.00
  450101.247     0.978125        38169        45.71
  451411.967     0.981250        38276        53.33
  452984.831     0.984375        38415        64.00
  453509.119     0.985938        38457        71.11
  454295.551     0.987500        38521        80.00
  455081.983     0.989062        38588        91.43
  455868.415     0.990625        38650       106.67
  456654.847     0.992188        38715       128.00
  456916.991     0.992969        38733       142.22
  457441.279     0.993750        38763       160.00
  457965.567     0.994531        38796       182.86
  458489.855     0.995313        38826       213.33
  459014.143     0.996094        38853       256.00
  459538.431     0.996484        38878       284.44
  459800.575     0.996875        38892       320.00
  460062.719     0.997266        38901       365.71
  460587.007     0.997656        38917       426.67
  461111.295     0.998047        38931       512.00
  461635.583     0.998242        38945       568.89
  461635.583     0.998437        38945       640.00
  462159.871     0.998633        38954       731.43
  462684.159     0.998828        38962       853.33
  462946.303     0.999023        38968      1024.00
  463208.447     0.999121        38973      1137.78
  463470.591     0.999219        38977      1280.00
  463732.735     0.999316        38979      1462.86
  463994.879     0.999414        38985      1706.67
  464519.167     0.999512        38988      2048.00
  464519.167     0.999561        38988      2275.56
  465043.455     0.999609        38992      2560.00
  465043.455     0.999658        38992      2925.71
  465567.743     0.999707        38994      3413.33
  466092.031     0.999756        38996      4096.00
  466354.175     0.999780        38997      4551.11
  466616.319     0.999805        38998      5120.00
  467140.607     0.999829        38999      5851.43
  467927.039     0.999854        39000      6826.67
  468189.183     0.999878        39001      8192.00
  468189.183     0.999890        39001      9102.22
  468713.471     0.999902        39002     10240.00
  468713.471     0.999915        39002     11702.86
  468975.615     0.999927        39003     13653.33
  468975.615     0.999939        39003     16384.00
  468975.615     0.999945        39003     18204.44
  469237.759     0.999951        39004     20480.00
  469237.759     0.999957        39004     23405.71
  469237.759     0.999963        39004     27306.67
  469237.759     0.999969        39004     32768.00
  469237.759     0.999973        39004     36408.89
  469762.047     0.999976        39005     40960.00
  469762.047     1.000000        39005          inf
#[Mean    =   218035.454, StdDeviation   =   140067.445]
#[Max     =   469499.904, Total count    =        39005]
#[Buckets =           27, SubBuckets     =         2048]
-----------------------------------------------------------------------
  41990 requests in 10.00m, 11.38MB read
Requests/sec:     69.98  
Transfer/sec:     19.41KB
Running 10m test @ http://nginx-thrift.social-network2.svc.cluster.local:8080/wrk2-api/home-timeline/read
  2 threads and 50 connections

  Thread calibration: mean lat.: 3223.503ms, rate sampling interval: 13238ms
  Thread calibration: mean lat.: 3332.521ms, rate sampling interval: 13172ms

-----------------------------------------------------------------------
Test Results @ http://nginx-thrift.social-network2.svc.cluster.local:8080/wrk2-api/home-timeline/read 
  Thread Stats   Avg      Stdev     99%   +/- Stdev
    Latency     4.04m     2.21m    7.81m    58.78%
    Req/Sec    31.12      2.87    37.00     77.27%
  Latency Distribution (HdrHistogram - Recorded Latency)
 50.000%    4.04m 
 75.000%    5.93m 
 90.000%    7.10m 
 99.000%    7.81m 
 99.900%    7.94m 
 99.990%    8.00m 
 99.999%    8.01m 
100.000%    8.01m 

  Detailed Percentile spectrum:
       Value   Percentile   TotalCount 1/(1-Percentile)

    4972.543     0.000000            1         1.00
   57049.087     0.100000         3730         1.11
  105644.031     0.200000         7461         1.25
  152436.735     0.300000        11190         1.43
  195428.351     0.400000        14922         1.67
  242483.199     0.500000        18653         2.00
  265682.943     0.550000        20520         2.22
  290455.551     0.600000        22384         2.50
  313786.367     0.650000        24249         2.86
  335282.175     0.700000        26109         3.33
  355991.551     0.750000        27988         4.00
  366477.311     0.775000        28917         4.44
  377225.215     0.800000        29858         5.00
  388497.407     0.825000        30774         5.71
  400293.887     0.850000        31711         6.67
  412614.655     0.875000        32646         8.00
  418643.967     0.887500        33102         8.89
  425983.999     0.900000        33586        10.00
  432275.455     0.912500        34038        11.43
  438304.767     0.925000        34510        13.33
  443809.791     0.937500        34969        16.00
  446955.519     0.943750        35220        17.78
  450101.247     0.950000        35444        20.00
  453246.975     0.956250        35676        22.86
  456130.559     0.962500        35921        26.67
  458751.999     0.968750        36137        32.00
  460062.719     0.971875        36256        35.56
  461635.583     0.975000        36386        40.00
  462946.303     0.978125        36492        45.71
  464257.023     0.981250        36600        53.33
  465829.887     0.984375        36736        64.00
  466354.175     0.985938        36777        71.11
  467140.607     0.987500        36840        80.00
  467927.039     0.989062        36898        91.43
  468975.615     0.990625        36968       106.67
  469762.047     0.992188        37023       128.00
  470286.335     0.992969        37050       142.22
  470810.623     0.993750        37075       160.00
  471072.767     0.994531        37099       182.86
  471859.199     0.995313        37132       213.33
  472383.487     0.996094        37158       256.00
  472645.631     0.996484        37172       284.44
  472907.775     0.996875        37183       320.00
  473432.063     0.997266        37198       365.71
  473956.351     0.997656        37214       426.67
  474480.639     0.998047        37228       512.00
  475004.927     0.998242        37238       568.89
  475267.071     0.998437        37244       640.00
  475529.215     0.998633        37250       731.43
  475791.359     0.998828        37255       853.33
  476315.647     0.999023        37263      1024.00
  476839.935     0.999121        37272      1137.78
  476839.935     0.999219        37272      1280.00
  477102.079     0.999316        37273      1462.86
  477626.367     0.999414        37278      1706.67
  477888.511     0.999512        37280      2048.00
  478150.655     0.999561        37282      2275.56
  478412.799     0.999609        37286      2560.00
  478412.799     0.999658        37286      2925.71
  478674.943     0.999707        37288      3413.33
  478937.087     0.999756        37290      4096.00
  478937.087     0.999780        37290      4551.11
  479199.231     0.999805        37291      5120.00
  479461.375     0.999829        37293      5851.43
  479461.375     0.999854        37293      6826.67
  479723.519     0.999878        37294      8192.00
  479723.519     0.999890        37294      9102.22
  479985.663     0.999902        37295     10240.00
  479985.663     0.999915        37295     11702.86
  480247.807     0.999927        37297     13653.33
  480247.807     0.999939        37297     16384.00
  480247.807     0.999945        37297     18204.44
  480247.807     0.999951        37297     20480.00
  480247.807     0.999957        37297     23405.71
  480247.807     0.999963        37297     27306.67
  480247.807     0.999969        37297     32768.00
  480247.807     0.999973        37297     36408.89
  480772.095     0.999976        37298     40960.00
  480772.095     1.000000        37298          inf
#[Mean    =   242225.273, StdDeviation   =   132853.949]
#[Max     =   480509.952, Total count    =        37298]
#[Buckets =           27, SubBuckets     =         2048]
-----------------------------------------------------------------------
  37997 requests in 10.00m, 10.33MB read
Requests/sec:     63.32  
Transfer/sec:     17.64KB
Running 10m test @ http://nginx-thrift.social-network3.svc.cluster.local:8080/wrk2-api/home-timeline/read
  2 threads and 50 connections

  Thread calibration: mean lat.: 324.263ms, rate sampling interval: 1218ms
  Thread calibration: mean lat.: 278.284ms, rate sampling interval: 1002ms

-----------------------------------------------------------------------
Test Results @ http://nginx-thrift.social-network3.svc.cluster.local:8080/wrk2-api/home-timeline/read 
  Thread Stats   Avg      Stdev     99%   +/- Stdev
    Latency     3.88m     2.26m    7.76m    56.39%
    Req/Sec    29.88      9.84    49.00     74.72%
  Latency Distribution (HdrHistogram - Recorded Latency)
 50.000%    3.90m 
 75.000%    5.86m 
 90.000%    7.03m 
 99.000%    7.76m 
 99.900%    7.88m 
 99.990%    7.92m 
 99.999%    7.95m 
100.000%    7.95m 

  Detailed Percentile spectrum:
       Value   Percentile   TotalCount 1/(1-Percentile)

     454.399     0.000000            1         1.00
   48365.567     0.100000         3608         1.11
   90636.287     0.200000         7221         1.25
  137232.383     0.300000        10825         1.43
  184942.591     0.400000        14439         1.67
  233963.519     0.500000        18054         2.00
  254017.535     0.550000        19853         2.22
  275775.487     0.600000        21664         2.50
  300417.023     0.650000        23452         2.86
  324796.415     0.700000        25263         3.33
  351797.247     0.750000        27063         4.00
  365428.735     0.775000        27969         4.44
  375914.495     0.800000        28882         5.00
  386662.399     0.825000        29776         5.71
  398196.735     0.850000        30671         6.67
  409206.783     0.875000        31578         8.00
  415498.239     0.887500        32021         8.89
  421789.695     0.900000        32491        10.00
  427819.007     0.912500        32934        11.43
  433324.031     0.925000        33380        13.33
  439877.631     0.937500        33839        16.00
  443023.359     0.943750        34067        17.78
  446169.087     0.950000        34288        20.00
  449314.815     0.956250        34507        22.86
  452198.399     0.962500        34727        26.67
  455344.127     0.968750        34962        32.00
  456654.847     0.971875        35066        35.56
  458227.711     0.975000        35190        40.00
  459538.431     0.978125        35292        45.71
  461111.295     0.981250        35405        53.33
  462684.159     0.984375        35521        64.00
  463470.591     0.985938        35579        71.11
  464257.023     0.987500        35636        80.00
  465043.455     0.989062        35690        91.43
  466092.031     0.990625        35756       106.67
  466878.463     0.992188        35811       128.00
  467140.607     0.992969        35828       142.22
  467664.895     0.993750        35856       160.00
  468451.327     0.994531        35897       182.86
  468713.471     0.995313        35914       213.33
  469499.903     0.996094        35949       256.00
  469762.047     0.996484        35964       284.44
  470024.191     0.996875        35968       320.00
  470548.479     0.997266        35988       365.71
  470810.623     0.997656        35998       426.67
  471334.911     0.998047        36015       512.00
  471597.055     0.998242        36022       568.89
  471859.199     0.998437        36029       640.00
  472121.343     0.998633        36035       731.43
  472383.487     0.998828        36042       853.33
  472645.631     0.999023        36048      1024.00
  472907.775     0.999121        36054      1137.78
  472907.775     0.999219        36054      1280.00
  473169.919     0.999316        36058      1462.86
  473432.063     0.999414        36061      1706.67
  473694.207     0.999512        36066      2048.00
  473694.207     0.999561        36066      2275.56
  473694.207     0.999609        36066      2560.00
  473956.351     0.999658        36071      2925.71
  473956.351     0.999707        36071      3413.33
  474218.495     0.999756        36072      4096.00
  474742.783     0.999780        36073      4551.11
  474742.783     0.999805        36073      5120.00
  475004.927     0.999829        36074      5851.43
  475267.071     0.999854        36076      6826.67
  475267.071     0.999878        36076      8192.00
  475529.215     0.999890        36077      9102.22
  475529.215     0.999902        36077     10240.00
  475529.215     0.999915        36077     11702.86
  475791.359     0.999927        36078     13653.33
  475791.359     0.999939        36078     16384.00
  476577.791     0.999945        36079     18204.44
  476577.791     0.999951        36079     20480.00
  476577.791     0.999957        36079     23405.71
  476577.791     0.999963        36079     27306.67
  476577.791     0.999969        36079     32768.00
  476839.935     0.999973        36080     36408.89
  476839.935     1.000000        36080          inf
#[Mean    =   232986.637, StdDeviation   =   135323.285]
#[Max     =   476577.792, Total count    =        36080]
#[Buckets =           27, SubBuckets     =         2048]
-----------------------------------------------------------------------
  39009 requests in 10.00m, 10.61MB read
Requests/sec:     65.01  
Transfer/sec:     18.10KB
Running 1m test @ http://nginx-thrift.social-network.svc.cluster.local:8080/wrk2-api/home-timeline/read
  2 threads and 50 connections

  Thread calibration: mean lat.: 3602.736ms, rate sampling interval: 14589ms
  Thread calibration: mean lat.: 3572.375ms, rate sampling interval: 14573ms

-----------------------------------------------------------------------
Test Results @ http://nginx-thrift.social-network.svc.cluster.local:8080/wrk2-api/home-timeline/read 
  Thread Stats   Avg      Stdev     99%   +/- Stdev
    Latency    31.00s    12.87s    0.88m    57.02%
    Req/Sec    28.67      0.47    29.00    100.00%
  Latency Distribution (HdrHistogram - Recorded Latency)
 50.000%   30.56s 
 75.000%   42.47s 
 90.000%   48.86s 
 99.000%    0.88m 
 99.900%    0.89m 
 99.990%    0.90m 
 99.999%    0.90m 
100.000%    0.90m 

  Detailed Percentile spectrum:
       Value   Percentile   TotalCount 1/(1-Percentile)

    7983.103     0.000000            1         1.00
   13402.111     0.100000          295         1.11
   17530.879     0.200000          590         1.25
   22052.863     0.300000          885         1.43
   26738.687     0.400000         1183         1.67
   30556.159     0.500000         1476         2.00
   32735.231     0.550000         1623         2.22
   35848.191     0.600000         1770         2.50
   38076.415     0.650000         1921         2.86
   40468.479     0.700000         2065         3.33
   42467.327     0.750000         2213         4.00
   43548.671     0.775000         2288         4.44
   44433.407     0.800000         2360         5.00
   45383.679     0.825000         2435         5.71
   46465.023     0.850000         2508         6.67
   47775.743     0.875000         2582         8.00
   48463.871     0.887500         2622         8.89
   48857.087     0.900000         2656        10.00
   49348.607     0.912500         2692        11.43
   49709.055     0.925000         2730        13.33
   50167.807     0.937500         2772        16.00
   50364.415     0.943750         2786        17.78
   50593.791     0.950000         2805        20.00
   50855.935     0.956250         2822        22.86
   51085.311     0.962500         2842        26.67
   51347.455     0.968750         2859        32.00
   51544.063     0.971875         2868        35.56
   51740.671     0.975000         2880        40.00
   51838.975     0.978125         2887        45.71
   51937.279     0.981250         2895        53.33
   52068.351     0.984375         2904        64.00
   52166.655     0.985938         2909        71.11
   52363.263     0.987500         2914        80.00
   52494.335     0.989062         2920        91.43
   52592.639     0.990625         2925       106.67
   52625.407     0.992188         2927       128.00
   52822.015     0.992969         2930       142.22
   52854.783     0.993750         2932       160.00
   52920.319     0.994531         2934       182.86
   53051.391     0.995313         2937       213.33
   53084.159     0.996094         2939       256.00
   53149.695     0.996484         2940       284.44
   53215.231     0.996875         2941       320.00
   53247.999     0.997266         2942       365.71
   53346.303     0.997656         2944       426.67
   53510.143     0.998047         2946       512.00
   53510.143     0.998242         2946       568.89
   53510.143     0.998437         2946       640.00
   53510.143     0.998633         2946       731.43
   53608.447     0.998828         2948       853.33
   53608.447     0.999023         2948      1024.00
   53608.447     0.999121         2948      1137.78
   53608.447     0.999219         2948      1280.00
   53608.447     0.999316         2948      1462.86
   53706.751     0.999414         2949      1706.67
   53706.751     0.999512         2949      2048.00
   53706.751     0.999561         2949      2275.56
   53706.751     0.999609         2949      2560.00
   53706.751     0.999658         2949      2925.71
   53772.287     0.999707         2950      3413.33
   53772.287     1.000000         2950          inf
#[Mean    =    31003.150, StdDeviation   =    12869.422]
#[Max     =    53739.520, Total count    =         2950]
#[Buckets =           27, SubBuckets     =         2048]
-----------------------------------------------------------------------
  3739 requests in 1.00m, 1.01MB read
Requests/sec:     62.29  
Transfer/sec:     17.29KB
Running 1m test @ http://nginx-thrift.social-network2.svc.cluster.local:8080/wrk2-api/home-timeline/read
  2 threads and 50 connections

  Thread calibration: mean lat.: 2745.261ms, rate sampling interval: 13213ms
  Thread calibration: mean lat.: 3336.960ms, rate sampling interval: 13737ms

-----------------------------------------------------------------------
Test Results @ http://nginx-thrift.social-network2.svc.cluster.local:8080/wrk2-api/home-timeline/read 
  Thread Stats   Avg      Stdev     99%   +/- Stdev
    Latency    29.41s    12.74s    0.86m    58.23%
    Req/Sec    32.67      1.89    35.00    100.00%
  Latency Distribution (HdrHistogram - Recorded Latency)
 50.000%   29.69s 
 75.000%   40.24s 
 90.000%   46.96s 
 99.000%    0.86m 
 99.900%    0.88m 
 99.990%    0.89m 
 99.999%    0.89m 
100.000%    0.89m 

  Detailed Percentile spectrum:
       Value   Percentile   TotalCount 1/(1-Percentile)

    7348.223     0.000000            1         1.00
   11812.863     0.100000          329         1.11
   15826.943     0.200000          655         1.25
   20414.463     0.300000          984         1.43
   24461.311     0.400000         1312         1.67
   29687.807     0.500000         1639         2.00
   32227.327     0.550000         1802         2.22
   34504.703     0.600000         1965         2.50
   36634.623     0.650000         2132         2.86
   38240.255     0.700000         2297         3.33
   40271.871     0.750000         2457         4.00
   41254.911     0.775000         2539         4.44
   42205.183     0.800000         2620         5.00
   43319.295     0.825000         2703         5.71
   44630.015     0.850000         2787         6.67
   45711.359     0.875000         2868         8.00
   46268.415     0.887500         2907         8.89
   46956.543     0.900000         2950        10.00
   47546.367     0.912500         2989        11.43
   48070.655     0.925000         3031        13.33
   48660.479     0.937500         3072        16.00
   48988.159     0.943750         3092        17.78
   49283.071     0.950000         3114        20.00
   49577.983     0.956250         3136        22.86
   49840.127     0.962500         3153        26.67
   50167.807     0.968750         3174        32.00
   50364.415     0.971875         3187        35.56
   50429.951     0.975000         3195        40.00
   50692.095     0.978125         3204        45.71
   50855.935     0.981250         3215        53.33
   51019.775     0.984375         3224        64.00
   51085.311     0.985938         3229        71.11
   51249.151     0.987500         3236        80.00
   51347.455     0.989062         3241        91.43
   51478.527     0.990625         3246       106.67
   51544.063     0.992188         3250       128.00
   51642.367     0.992969         3252       142.22
   51675.135     0.993750         3255       160.00
   51806.207     0.994531         3258       182.86
   51871.743     0.995313         3260       213.33
   52035.583     0.996094         3263       256.00
   52068.351     0.996484         3265       284.44
   52068.351     0.996875         3265       320.00
   52396.031     0.997266         3267       365.71
   52428.799     0.997656         3268       426.67
   52461.567     0.998047         3269       512.00
   52592.639     0.998242         3270       568.89
   52592.639     0.998437         3270       640.00
   52625.407     0.998633         3271       731.43
   52658.175     0.998828         3272       853.33
   52658.175     0.999023         3272      1024.00
   52723.711     0.999121         3273      1137.78
   52723.711     0.999219         3273      1280.00
   52723.711     0.999316         3273      1462.86
   52953.087     0.999414         3274      1706.67
   52953.087     0.999512         3274      2048.00
   52953.087     0.999561         3274      2275.56
   52953.087     0.999609         3274      2560.00
   52953.087     0.999658         3274      2925.71
   53280.767     0.999707         3275      3413.33
   53280.767     1.000000         3275          inf
#[Mean    =    29411.826, StdDeviation   =    12744.197]
#[Max     =    53248.000, Total count    =         3275]
#[Buckets =           27, SubBuckets     =         2048]
-----------------------------------------------------------------------
  4105 requests in 1.00m, 1.12MB read
Requests/sec:     68.38  
Transfer/sec:     19.04KB
Running 1m test @ http://nginx-thrift.social-network3.svc.cluster.local:8080/wrk2-api/home-timeline/read
  2 threads and 50 connections

  Thread calibration: mean lat.: 4005.601ms, rate sampling interval: 14729ms
  Thread calibration: mean lat.: 4020.737ms, rate sampling interval: 14876ms

-----------------------------------------------------------------------
Test Results @ http://nginx-thrift.social-network3.svc.cluster.local:8080/wrk2-api/home-timeline/read 
  Thread Stats   Avg      Stdev     99%   +/- Stdev
    Latency    31.20s    13.20s    0.88m    55.99%
    Req/Sec    27.83      1.95    31.00     83.33%
  Latency Distribution (HdrHistogram - Recorded Latency)
 50.000%   30.95s 
 75.000%   42.99s 
 90.000%   49.81s 
 99.000%    0.88m 
 99.900%    0.90m 
 99.990%    0.90m 
 99.999%    0.90m 
100.000%    0.90m 

  Detailed Percentile spectrum:
       Value   Percentile   TotalCount 1/(1-Percentile)

    7901.183     0.000000            1         1.00
   13230.079     0.100000          298         1.11
   17252.351     0.200000          594         1.25
   21331.967     0.300000          889         1.43
   26394.623     0.400000         1188         1.67
   30949.375     0.500000         1482         2.00
   33439.743     0.550000         1633         2.22
   35291.135     0.600000         1780         2.50
   37715.967     0.650000         1928         2.86
   40730.623     0.700000         2075         3.33
   43024.383     0.750000         2223         4.00
   44236.799     0.775000         2297         4.44
   45645.823     0.800000         2371         5.00
   46727.167     0.825000         2445         5.71
   47775.743     0.850000         2519         6.67
   48824.319     0.875000         2594         8.00
   49283.071     0.887500         2630         8.89
   49807.359     0.900000         2668        10.00
   50200.575     0.912500         2704        11.43
   50561.023     0.925000         2742        13.33
   51052.543     0.937500         2780        16.00
   51183.615     0.943750         2797        17.78
   51412.991     0.950000         2817        20.00
   51675.135     0.956250         2838        22.86
   51773.439     0.962500         2852        26.67
   52101.119     0.968750         2873        32.00
   52166.655     0.971875         2880        35.56
   52297.727     0.975000         2892        40.00
   52396.031     0.978125         2901        45.71
   52527.103     0.981250         2909        53.33
   52625.407     0.984375         2920        64.00
   52658.175     0.985938         2922        71.11
   52690.943     0.987500         2926        80.00
   52822.015     0.989062         2931        91.43
   52920.319     0.990625         2936       106.67
   52953.087     0.992188         2940       128.00
   53018.623     0.992969         2944       142.22
   53116.927     0.993750         2945       160.00
   53215.231     0.994531         2948       182.86
   53280.767     0.995313         2951       213.33
   53411.839     0.996094         2953       256.00
   53411.839     0.996484         2953       284.44
   53444.607     0.996875         2954       320.00
   53575.679     0.997266         2956       365.71
   53706.751     0.997656         2957       426.67
   53772.287     0.998047         2958       512.00
   53772.287     0.998242         2958       568.89
   53805.055     0.998437         2959       640.00
   53805.055     0.998633         2959       731.43
   53870.591     0.998828         2960       853.33
   54034.431     0.999023         2961      1024.00
   54034.431     0.999121         2961      1137.78
   54034.431     0.999219         2961      1280.00
   54034.431     0.999316         2961      1462.86
   54132.735     0.999414         2962      1706.67
   54132.735     0.999512         2962      2048.00
   54132.735     0.999561         2962      2275.56
   54132.735     0.999609         2962      2560.00
   54132.735     0.999658         2962      2925.71
   54263.807     0.999707         2963      3413.33
   54263.807     1.000000         2963          inf
#[Mean    =    31198.275, StdDeviation   =    13198.030]
#[Max     =    54231.040, Total count    =         2963]
#[Buckets =           27, SubBuckets     =         2048]
-----------------------------------------------------------------------
  3631 requests in 1.00m, 0.99MB read
Requests/sec:     60.48  
Transfer/sec:     16.85KB
Running 5m test @ http://nginx-thrift.social-network.svc.cluster.local:8080/wrk2-api/home-timeline/read
  2 threads and 50 connections

  Thread calibration: mean lat.: 3660.502ms, rate sampling interval: 14802ms
  Thread calibration: mean lat.: 3573.541ms, rate sampling interval: 14598ms

-----------------------------------------------------------------------
Test Results @ http://nginx-thrift.social-network.svc.cluster.local:8080/wrk2-api/home-timeline/read 
  Thread Stats   Avg      Stdev     99%   +/- Stdev
    Latency     2.29m     1.22m    4.29m    56.84%
    Req/Sec    32.34      2.69    39.00     86.84%
  Latency Distribution (HdrHistogram - Recorded Latency)
 50.000%    2.30m 
 75.000%    3.39m 
 90.000%    3.93m 
 99.000%    4.29m 
 99.900%    4.36m 
 99.990%    4.40m 
 99.999%    4.42m 
100.000%    4.42m 

  Detailed Percentile spectrum:
       Value   Percentile   TotalCount 1/(1-Percentile)

    8015.871     0.000000            1         1.00
   36012.031     0.100000         1905         1.11
   61210.623     0.200000         3803         1.25
   86900.735     0.300000         5707         1.43
  112197.631     0.400000         7610         1.67
  137756.671     0.500000         9506         2.00
  151388.159     0.550000        10460         2.22
  164364.287     0.600000        11409         2.50
  177340.415     0.650000        12364         2.86
  191627.263     0.700000        13312         3.33
  203554.815     0.750000        14271         4.00
  209321.983     0.775000        14748         4.44
  214564.863     0.800000        15218         5.00
  219938.815     0.825000        15685         5.71
  225705.983     0.850000        16165         6.67
  231079.935     0.875000        16645         8.00
  233439.231     0.887500        16888         8.89
  235667.455     0.900000        17111        10.00
  238419.967     0.912500        17362        11.43
  241172.479     0.925000        17588        13.33
  244318.207     0.937500        17835        16.00
  245891.071     0.943750        17952        17.78
  247595.007     0.950000        18072        20.00
  249036.799     0.956250        18181        22.86
  250478.591     0.962500        18309        26.67
  251920.383     0.968750        18427        32.00
  252444.671     0.971875        18479        35.56
  253231.103     0.975000        18543        40.00
  254017.535     0.978125        18597        45.71
  254803.967     0.981250        18655        53.33
  255721.471     0.984375        18720        64.00
  256114.687     0.985938        18744        71.11
  256638.975     0.987500        18777        80.00
  257163.263     0.989062        18806        91.43
  257687.551     0.990625        18838       106.67
  258211.839     0.992188        18865       128.00
  258473.983     0.992969        18883       142.22
  258867.199     0.993750        18894       160.00
  259129.343     0.994531        18908       182.86
  259391.487     0.995313        18923       213.33
  259784.703     0.996094        18938       256.00
  260046.847     0.996484        18949       284.44
  260308.991     0.996875        18959       320.00
  260440.063     0.997266        18962       365.71
  260702.207     0.997656        18971       426.67
  260833.279     0.998047        18975       512.00
  260964.351     0.998242        18978       568.89
  261226.495     0.998437        18982       640.00
  261357.567     0.998633        18986       731.43
  261619.711     0.998828        18990       853.33
  261881.855     0.999023        18994      1024.00
  262143.999     0.999121        18999      1137.78
  262143.999     0.999219        18999      1280.00
  262143.999     0.999316        18999      1462.86
  262275.071     0.999414        19001      1706.67
  262406.143     0.999512        19002      2048.00
  262537.215     0.999561        19003      2275.56
  262668.287     0.999609        19004      2560.00
  262799.359     0.999658        19005      2925.71
  263061.503     0.999707        19006      3413.33
  263323.647     0.999756        19007      4096.00
  263323.647     0.999780        19007      4551.11
  263716.863     0.999805        19008      5120.00
  263716.863     0.999829        19008      5851.43
  264241.151     0.999854        19009      6826.67
  264241.151     0.999878        19009      8192.00
  264241.151     0.999890        19009      9102.22
  264503.295     0.999902        19010     10240.00
  264503.295     0.999915        19010     11702.86
  264503.295     0.999927        19010     13653.33
  264503.295     0.999939        19010     16384.00
  264503.295     0.999945        19010     18204.44
  265027.583     0.999951        19011     20480.00
  265027.583     1.000000        19011          inf
#[Mean    =   137375.141, StdDeviation   =    73071.242]
#[Max     =   264896.512, Total count    =        19011]
#[Buckets =           27, SubBuckets     =         2048]
-----------------------------------------------------------------------
  19713 requests in 5.00m, 5.34MB read
Requests/sec:     65.69  
Transfer/sec:     18.23KB
Running 5m test @ http://nginx-thrift.social-network2.svc.cluster.local:8080/wrk2-api/home-timeline/read
  2 threads and 50 connections

  Thread calibration: mean lat.: 3134.339ms, rate sampling interval: 13991ms
  Thread calibration: mean lat.: 3237.546ms, rate sampling interval: 14319ms

-----------------------------------------------------------------------
Test Results @ http://nginx-thrift.social-network2.svc.cluster.local:8080/wrk2-api/home-timeline/read 
  Thread Stats   Avg      Stdev     99%   +/- Stdev
    Latency     2.23m     1.19m    4.30m    58.11%
    Req/Sec    31.75      2.55    37.00     80.00%
  Latency Distribution (HdrHistogram - Recorded Latency)
 50.000%    2.22m 
 75.000%    3.27m 
 90.000%    3.88m 
 99.000%    4.30m 
 99.900%    4.37m 
 99.990%    4.39m 
 99.999%    4.40m 
100.000%    4.40m 

  Detailed Percentile spectrum:
       Value   Percentile   TotalCount 1/(1-Percentile)

    7770.111     0.000000            1         1.00
   35487.743     0.100000         1867         1.11
   59604.991     0.200000         3734         1.25
   84279.295     0.300000         5605         1.43
  108068.863     0.400000         7465         1.67
  133103.615     0.500000         9338         2.00
  145489.919     0.550000        10269         2.22
  158466.047     0.600000        11207         2.50
  172359.679     0.650000        12137         2.86
  184287.231     0.700000        13069         3.33
  196345.855     0.750000        14000         4.00
  202113.023     0.775000        14466         4.44
  207224.831     0.800000        14943         5.00
  213123.071     0.825000        15401         5.71
  219283.455     0.850000        15866         6.67
  225574.911     0.875000        16333         8.00
  229375.999     0.887500        16563         8.89
  233046.015     0.900000        16798        10.00
  236453.887     0.912500        17033        11.43
  239599.615     0.925000        17265        13.33
  243007.487     0.937500        17498        16.00
  244973.567     0.943750        17613        17.78
  246808.575     0.950000        17730        20.00
  248512.511     0.956250        17845        22.86
  250216.447     0.962500        17967        26.67
  251920.383     0.968750        18088        32.00
  252706.815     0.971875        18139        35.56
  253624.319     0.975000        18202        40.00
  254410.751     0.978125        18258        45.71
  255197.183     0.981250        18314        53.33
  256245.759     0.984375        18374        64.00
  256770.047     0.985938        18399        71.11
  257294.335     0.987500        18431        80.00
  257818.623     0.989062        18457        91.43
  258342.911     0.990625        18487       106.67
  258867.199     0.992188        18518       128.00
  259260.415     0.992969        18538       142.22
  259391.487     0.993750        18545       160.00
  259784.703     0.994531        18562       182.86
  260046.847     0.995313        18577       213.33
  260440.063     0.996094        18591       256.00
  260571.135     0.996484        18599       284.44
  260702.207     0.996875        18603       320.00
  260964.351     0.997266        18616       365.71
  261095.423     0.997656        18620       426.67
  261357.567     0.998047        18628       512.00
  261488.639     0.998242        18630       568.89
  261619.711     0.998437        18634       640.00
  261750.783     0.998633        18637       731.43
  261881.855     0.998828        18640       853.33
  262143.999     0.999023        18646      1024.00
  262143.999     0.999121        18646      1137.78
  262275.071     0.999219        18650      1280.00
  262275.071     0.999316        18650      1462.86
  262537.215     0.999414        18651      1706.67
  262668.287     0.999512        18652      2048.00
  262799.359     0.999561        18653      2275.56
  263061.503     0.999609        18657      2560.00
  263061.503     0.999658        18657      2925.71
  263061.503     0.999707        18657      3413.33
  263061.503     0.999756        18657      4096.00
  263061.503     0.999780        18657      4551.11
  263192.575     0.999805        18658      5120.00
  263192.575     0.999829        18658      5851.43
  263323.647     0.999854        18659      6826.67
  263323.647     0.999878        18659      8192.00
  263323.647     0.999890        18659      9102.22
  263847.935     0.999902        18660     10240.00
  263847.935     0.999915        18660     11702.86
  263847.935     0.999927        18660     13653.33
  263847.935     0.999939        18660     16384.00
  263847.935     0.999945        18660     18204.44
  263979.007     0.999951        18661     20480.00
  263979.007     1.000000        18661          inf
#[Mean    =   133921.940, StdDeviation   =    71605.433]
#[Max     =   263847.936, Total count    =        18661]
#[Buckets =           27, SubBuckets     =         2048]
-----------------------------------------------------------------------
  19439 requests in 5.00m, 5.29MB read
Requests/sec:     64.78  
Transfer/sec:     18.04KB
Running 5m test @ http://nginx-thrift.social-network3.svc.cluster.local:8080/wrk2-api/home-timeline/read
  2 threads and 50 connections

  Thread calibration: mean lat.: 3477.435ms, rate sampling interval: 14221ms
  Thread calibration: mean lat.: 3409.523ms, rate sampling interval: 14106ms

-----------------------------------------------------------------------
Test Results @ http://nginx-thrift.social-network3.svc.cluster.local:8080/wrk2-api/home-timeline/read 
  Thread Stats   Avg      Stdev     99%   +/- Stdev
    Latency     2.30m     1.21m    4.33m    58.13%
    Req/Sec    28.93      1.98    32.00     87.50%
  Latency Distribution (HdrHistogram - Recorded Latency)
 50.000%    2.31m 
 75.000%    3.36m 
 90.000%    3.96m 
 99.000%    4.33m 
 99.900%    4.41m 
 99.990%    4.43m 
 99.999%    4.45m 
100.000%    4.45m 

  Detailed Percentile spectrum:
       Value   Percentile   TotalCount 1/(1-Percentile)

    6979.583     0.000000            1         1.00
   34373.631     0.100000         1696         1.11
   64028.671     0.200000         3392         1.25
   90767.359     0.300000         5089         1.43
  114229.247     0.400000         6784         1.67
  138805.247     0.500000         8474         2.00
  151650.303     0.550000         9323         2.22
  164757.503     0.600000        10178         2.50
  176947.199     0.650000        11020         2.86
  188481.535     0.700000        11868         3.33
  201588.735     0.750000        12716         4.00
  207880.191     0.775000        13136         4.44
  214827.007     0.800000        13565         5.00
  220200.959     0.825000        13989         5.71
  225837.055     0.850000        14412         6.67
  231866.367     0.875000        14837         8.00
  234749.951     0.887500        15044         8.89
  237502.463     0.900000        15267        10.00
  240386.047     0.912500        15467        11.43
  243400.703     0.925000        15677        13.33
  246546.431     0.937500        15889        16.00
  247988.223     0.943750        15994        17.78
  249298.943     0.950000        16104        20.00
  250740.735     0.956250        16207        22.86
  252575.743     0.962500        16316        26.67
  254279.679     0.968750        16420        32.00
  255066.111     0.971875        16471        35.56
  255983.615     0.975000        16527        40.00
  256901.119     0.978125        16586        45.71
  257556.479     0.981250        16632        53.33
  258342.911     0.984375        16685        64.00
  258867.199     0.985938        16715        71.11
  259260.415     0.987500        16740        80.00
  259784.703     0.989062        16766        91.43
  260308.991     0.990625        16793       106.67
  260964.351     0.992188        16820       128.00
  261095.423     0.992969        16830       142.22
  261488.639     0.993750        16846       160.00
  261750.783     0.994531        16857       182.86
  262012.927     0.995313        16869       213.33
  262537.215     0.996094        16886       256.00
  262668.287     0.996484        16893       284.44
  262799.359     0.996875        16895       320.00
  263061.503     0.997266        16901       365.71
  263323.647     0.997656        16908       426.67
  263585.791     0.998047        16917       512.00
  263716.863     0.998242        16920       568.89
  263847.935     0.998437        16921       640.00
  264110.079     0.998633        16924       731.43
  264503.295     0.998828        16932       853.33
  264503.295     0.999023        16932      1024.00
  264634.367     0.999121        16938      1137.78
  264634.367     0.999219        16938      1280.00
  264634.367     0.999316        16938      1462.86
  264634.367     0.999414        16938      1706.67
  265027.583     0.999512        16939      2048.00
  265158.655     0.999561        16943      2275.56
  265158.655     0.999609        16943      2560.00
  265158.655     0.999658        16943      2925.71
  265158.655     0.999707        16943      3413.33
  265158.655     0.999756        16943      4096.00
  265420.799     0.999780        16944      4551.11
  265420.799     0.999805        16944      5120.00
  265945.087     0.999829        16946      5851.43
  265945.087     0.999854        16946      6826.67
  265945.087     0.999878        16946      8192.00
  265945.087     0.999890        16946      9102.22
  265945.087     0.999902        16946     10240.00
  265945.087     0.999915        16946     11702.86
  265945.087     0.999927        16946     13653.33
  265945.087     0.999939        16946     16384.00
  266731.519     0.999945        16947     18204.44
  266731.519     1.000000        16947          inf
#[Mean    =   138154.376, StdDeviation   =    72812.237]
#[Max     =   266600.448, Total count    =        16947]
#[Buckets =           27, SubBuckets     =         2048]
-----------------------------------------------------------------------
  17772 requests in 5.00m, 4.83MB read
Requests/sec:     59.22  
Transfer/sec:     16.50KB
Running 10m test @ http://nginx-thrift.social-network.svc.cluster.local:8080/wrk2-api/home-timeline/read
  2 threads and 50 connections

  Thread calibration: mean lat.: 2424.557ms, rate sampling interval: 13942ms
  Thread calibration: mean lat.: 2404.318ms, rate sampling interval: 13811ms

-----------------------------------------------------------------------
Test Results @ http://nginx-thrift.social-network.svc.cluster.local:8080/wrk2-api/home-timeline/read 
  Thread Stats   Avg      Stdev     99%   +/- Stdev
    Latency     4.43m     2.53m    8.68m    57.12%
    Req/Sec    30.05      3.34    38.00     82.14%
  Latency Distribution (HdrHistogram - Recorded Latency)
 50.000%    4.44m 
 75.000%    6.72m 
 90.000%    7.91m 
 99.000%    8.68m 
 99.900%    8.79m 
 99.990%    8.84m 
 99.999%    8.87m 
100.000%    8.87m 

  Detailed Percentile spectrum:
       Value   Percentile   TotalCount 1/(1-Percentile)

    7421.951     0.000000            1         1.00
   53346.303     0.100000         3615         1.11
  107741.183     0.200000         7228         1.25
  159776.767     0.300000        10840         1.43
  212074.495     0.400000        14458         1.67
  266338.303     0.500000        18069         2.00
  289669.119     0.550000        19878         2.22
  319815.679     0.600000        21677         2.50
  348651.519     0.650000        23492         2.86
  374079.487     0.700000        25309         3.33
  402915.327     0.750000        27106         4.00
  414449.663     0.775000        27998         4.44
  425983.999     0.800000        28905         5.00
  437518.335     0.825000        29819         5.71
  450363.391     0.850000        30712         6.67
  461897.727     0.875000        31619         8.00
  468451.327     0.887500        32082         8.89
  474742.783     0.900000        32520        10.00
  482082.815     0.912500        32979        11.43
  489160.703     0.925000        33426        13.33
  494403.583     0.937500        33872        16.00
  497025.023     0.943750        34123        17.78
  499384.319     0.950000        34335        20.00
  502005.759     0.956250        34556        22.86
  504889.343     0.962500        34780        26.67
  508559.359     0.968750        35009        32.00
  510394.367     0.971875        35113        35.56
  512491.519     0.975000        35228        40.00
  514588.671     0.978125        35345        45.71
  516423.679     0.981250        35450        53.33
  518258.687     0.984375        35577        64.00
  519045.119     0.985938        35640        71.11
  519569.407     0.987500        35680        80.00
  520355.839     0.989062        35738        91.43
  521142.271     0.990625        35792       106.67
  522190.847     0.992188        35858       128.00
  522452.991     0.992969        35878       142.22
  522977.279     0.993750        35907       160.00
  523501.567     0.994531        35943       182.86
  524025.855     0.995313        35966       213.33
  524550.143     0.996094        35991       256.00
  524812.287     0.996484        36001       284.44
  525074.431     0.996875        36016       320.00
  525598.719     0.997266        36030       365.71
  525860.863     0.997656        36043       426.67
  526385.151     0.998047        36062       512.00
  526647.295     0.998242        36068       568.89
  526909.439     0.998437        36079       640.00
  526909.439     0.998633        36079       731.43
  527171.583     0.998828        36084       853.33
  527695.871     0.999023        36094      1024.00
  527958.015     0.999121        36097      1137.78
  528220.159     0.999219        36101      1280.00
  528482.303     0.999316        36105      1462.86
  528482.303     0.999414        36105      1706.67
  528744.447     0.999512        36111      2048.00
  528744.447     0.999561        36111      2275.56
  529006.591     0.999609        36114      2560.00
  529006.591     0.999658        36114      2925.71
  529530.879     0.999707        36118      3413.33
  529530.879     0.999756        36118      4096.00
  529793.023     0.999780        36119      4551.11
  529793.023     0.999805        36119      5120.00
  530055.167     0.999829        36121      5851.43
  530055.167     0.999854        36121      6826.67
  530579.455     0.999878        36122      8192.00
  530841.599     0.999890        36124      9102.22
  530841.599     0.999902        36124     10240.00
  530841.599     0.999915        36124     11702.86
  530841.599     0.999927        36124     13653.33
  530841.599     0.999939        36124     16384.00
  531365.887     0.999945        36125     18204.44
  531365.887     0.999951        36125     20480.00
  531365.887     0.999957        36125     23405.71
  531365.887     0.999963        36125     27306.67
  531365.887     0.999969        36125     32768.00
  532152.319     0.999973        36126     36408.89
  532152.319     1.000000        36126          inf
#[Mean    =   265907.986, StdDeviation   =   152071.743]
#[Max     =   531890.176, Total count    =        36126]
#[Buckets =           27, SubBuckets     =         2048]
-----------------------------------------------------------------------
  37138 requests in 10.00m, 10.07MB read
Requests/sec:     61.89  
Transfer/sec:     17.18KB
Running 10m test @ http://nginx-thrift.social-network2.svc.cluster.local:8080/wrk2-api/home-timeline/read
  2 threads and 50 connections

  Thread calibration: mean lat.: 3033.544ms, rate sampling interval: 14073ms
  Thread calibration: mean lat.: 2899.512ms, rate sampling interval: 13328ms

-----------------------------------------------------------------------
Test Results @ http://nginx-thrift.social-network2.svc.cluster.local:8080/wrk2-api/home-timeline/read 
  Thread Stats   Avg      Stdev     99%   +/- Stdev
    Latency     4.47m     2.49m    8.65m    57.59%
    Req/Sec    31.24      2.71    37.00     80.00%
  Latency Distribution (HdrHistogram - Recorded Latency)
 50.000%    4.53m 
 75.000%    6.66m 
 90.000%    7.86m 
 99.000%    8.65m 
 99.900%    8.75m 
 99.990%    8.80m 
 99.999%    8.83m 
100.000%    8.83m 

  Detailed Percentile spectrum:
       Value   Percentile   TotalCount 1/(1-Percentile)

    7643.135     0.000000            1         1.00
   56918.015     0.100000         3754         1.11
  112525.311     0.200000         7509         1.25
  167378.943     0.300000        11272         1.43
  218890.239     0.400000        15023         1.67
  271843.327     0.500000        18774         2.00
  297795.583     0.550000        20652         2.22
  320077.823     0.600000        22541         2.50
  349175.807     0.650000        24414         2.86
  373293.055     0.700000        26282         3.33
  399507.455     0.750000        28161         4.00
  411828.223     0.775000        29093         4.44
  423624.703     0.800000        30034         5.00
  435421.183     0.825000        30989         5.71
  447479.807     0.850000        31909         6.67
  458751.999     0.875000        32860         8.00
  464781.311     0.887500        33331         8.89
  471597.055     0.900000        33786        10.00
  478150.655     0.912500        34274        11.43
  484179.967     0.925000        34745        13.33
  490209.279     0.937500        35193        16.00
  493617.151     0.943750        35429        17.78
  497025.023     0.950000        35676        20.00
  500170.751     0.956250        35906        22.86
  503578.623     0.962500        36134        26.67
  507248.639     0.968750        36367        32.00
  509083.647     0.971875        36485        35.56
  511180.799     0.975000        36611        40.00
  513015.807     0.978125        36729        45.71
  514588.671     0.981250        36839        53.33
  516161.535     0.984375        36962        64.00
  516685.823     0.985938        37012        71.11
  517734.399     0.987500        37082        80.00
  518520.831     0.989062        37144        91.43
  519045.119     0.990625        37190       106.67
  519831.551     0.992188        37248       128.00
  520355.839     0.992969        37286       142.22
  520880.127     0.993750        37322       160.00
  521142.271     0.994531        37335       182.86
  521666.559     0.995313        37366       213.33
  522452.991     0.996094        37408       256.00
  522452.991     0.996484        37408       284.44
  522977.279     0.996875        37430       320.00
  523239.423     0.997266        37437       365.71
  523763.711     0.997656        37461       426.67
  524025.855     0.998047        37471       512.00
  524287.999     0.998242        37480       568.89
  524287.999     0.998437        37480       640.00
  524550.143     0.998633        37490       731.43
  524812.287     0.998828        37498       853.33
  525074.431     0.999023        37504      1024.00
  525336.575     0.999121        37510      1137.78
  525336.575     0.999219        37510      1280.00
  525598.719     0.999316        37514      1462.86
  525860.863     0.999414        37519      1706.67
  526123.007     0.999512        37522      2048.00
  526123.007     0.999561        37522      2275.56
  526385.151     0.999609        37526      2560.00
  526385.151     0.999658        37526      2925.71
  526909.439     0.999707        37529      3413.33
  526909.439     0.999756        37529      4096.00
  527433.727     0.999780        37530      4551.11
  527958.015     0.999805        37533      5120.00
  527958.015     0.999829        37533      5851.43
  527958.015     0.999854        37533      6826.67
  528220.159     0.999878        37534      8192.00
  528220.159     0.999890        37534      9102.22
  528482.303     0.999902        37535     10240.00
  528482.303     0.999915        37535     11702.86
  529006.591     0.999927        37536     13653.33
  529006.591     0.999939        37536     16384.00
  529006.591     0.999945        37536     18204.44
  529268.735     0.999951        37537     20480.00
  529268.735     0.999957        37537     23405.71
  529268.735     0.999963        37537     27306.67
  529268.735     0.999969        37537     32768.00
  529268.735     0.999973        37537     36408.89
  529530.879     0.999976        37538     40960.00
  529530.879     1.000000        37538          inf
#[Mean    =   268430.867, StdDeviation   =   149252.541]
#[Max     =   529268.736, Total count    =        37538]
#[Buckets =           27, SubBuckets     =         2048]
-----------------------------------------------------------------------
  38389 requests in 10.00m, 10.44MB read
Requests/sec:     63.98  
Transfer/sec:     17.82KB
Running 10m test @ http://nginx-thrift.social-network3.svc.cluster.local:8080/wrk2-api/home-timeline/read
  2 threads and 50 connections

  Thread calibration: mean lat.: 3753.417ms, rate sampling interval: 14426ms
  Thread calibration: mean lat.: 3671.322ms, rate sampling interval: 14548ms

-----------------------------------------------------------------------
Test Results @ http://nginx-thrift.social-network3.svc.cluster.local:8080/wrk2-api/home-timeline/read 
  Thread Stats   Avg      Stdev     99%   +/- Stdev
    Latency     4.41m     2.43m    8.68m    58.68%
    Req/Sec    30.18      2.84    36.00     85.00%
  Latency Distribution (HdrHistogram - Recorded Latency)
 50.000%    4.35m 
 75.000%    6.44m 
 90.000%    7.87m 
 99.000%    8.68m 
 99.900%    8.80m 
 99.990%    8.86m 
 99.999%    8.90m 
100.000%    8.90m 

  Detailed Percentile spectrum:
       Value   Percentile   TotalCount 1/(1-Percentile)

    8011.775     0.000000            1         1.00
   63733.759     0.100000         3614         1.11
  115802.111     0.200000         7230         1.25
  168165.375     0.300000        10847         1.43
  213778.431     0.400000        14456         1.67
  260964.351     0.500000        18068         2.00
  284426.239     0.550000        19875         2.22
  308543.487     0.600000        21683         2.50
  335282.175     0.650000        23492         2.86
  361758.719     0.700000        25299         3.33
  386400.255     0.750000        27113         4.00
  401342.463     0.775000        28009         4.44
  416022.527     0.800000        28926         5.00
  429391.871     0.825000        29820         5.71
  442761.215     0.850000        30719         6.67
  457179.135     0.875000        31637         8.00
  464257.023     0.887500        32072         8.89
  472121.343     0.900000        32527        10.00
  478937.087     0.912500        32983        11.43
  484704.255     0.925000        33425        13.33
  490471.423     0.937500        33886        16.00
  493617.151     0.943750        34111        17.78
  497025.023     0.950000        34338        20.00
  500695.039     0.956250        34563        22.86
  504102.911     0.962500        34780        26.67
  508297.215     0.968750        35017        32.00
  510132.223     0.971875        35125        35.56
  512229.375     0.975000        35239        40.00
  514064.383     0.978125        35348        45.71
  515899.391     0.981250        35459        53.33
  517996.543     0.984375        35586        64.00
  518782.975     0.985938        35632        71.11
  519831.551     0.987500        35699        80.00
  520617.983     0.989062        35752        91.43
  521404.415     0.990625        35807       106.67
  522190.847     0.992188        35853       128.00
  522715.135     0.992969        35888       142.22
  523239.423     0.993750        35913       160.00
  523763.711     0.994531        35945       182.86
  524287.999     0.995313        35968       213.33
  524812.287     0.996094        35999       256.00
  525074.431     0.996484        36011       284.44
  525598.719     0.996875        36033       320.00
  525860.863     0.997266        36041       365.71
  526123.007     0.997656        36052       426.67
  526647.295     0.998047        36069       512.00
  526909.439     0.998242        36075       568.89
  527171.583     0.998437        36080       640.00
  527433.727     0.998633        36086       731.43
  527695.871     0.998828        36093       853.33
  528220.159     0.999023        36104      1024.00
  528220.159     0.999121        36104      1137.78
  528482.303     0.999219        36109      1280.00
  528744.447     0.999316        36113      1462.86
  528744.447     0.999414        36113      1706.67
  529268.735     0.999512        36118      2048.00
  529530.879     0.999561        36120      2275.56
  529530.879     0.999609        36120      2560.00
  530055.167     0.999658        36124      2925.71
  530055.167     0.999707        36124      3413.33
  530579.455     0.999756        36126      4096.00
  530841.599     0.999780        36127      4551.11
  530841.599     0.999805        36127      5120.00
  531103.743     0.999829        36128      5851.43
  531365.887     0.999854        36129      6826.67
  531628.031     0.999878        36130      8192.00
  531890.175     0.999890        36131      9102.22
  531890.175     0.999902        36131     10240.00
  531890.175     0.999915        36131     11702.86
  532414.463     0.999927        36132     13653.33
  532414.463     0.999939        36132     16384.00
  533463.039     0.999945        36133     18204.44
  533463.039     0.999951        36133     20480.00
  533463.039     0.999957        36133     23405.71
  533463.039     0.999963        36133     27306.67
  533463.039     0.999969        36133     32768.00
  533987.327     0.999973        36134     36408.89
  533987.327     1.000000        36134          inf
#[Mean    =   264313.338, StdDeviation   =   146007.797]
#[Max     =   533725.184, Total count    =        36134]
#[Buckets =           27, SubBuckets     =         2048]
-----------------------------------------------------------------------
  36715 requests in 10.00m, 9.99MB read
Requests/sec:     61.19  
Transfer/sec:     17.04KB
Running command1: /home/ubuntu/DeathStarBench/wrk2/wrk -D exp -t2 -c50 -d1m -L -s /home/ubuntu/DeathStarBench/socialNetwork/wrk2/scripts/social-network/read-home-timeline.lua http://nginx-thrift.social-network.svc.cluster.local:8080/wrk2-api/home-timeline/read -R300
Running command2: /home/ubuntu/DeathStarBench/wrk2/wrk -D exp -t2 -c50 -d1m -L -s /home/ubuntu/DeathStarBench/socialNetwork/wrk2/scripts/social-network/read-home-timeline.lua http://nginx-thrift.social-network2.svc.cluster.local:8080/wrk2-api/home-timeline/read -R300
Running command3: /home/ubuntu/DeathStarBench/wrk2/wrk -D exp -t2 -c50 -d1m -L -s /home/ubuntu/DeathStarBench/socialNetwork/wrk2/scripts/social-network/read-home-timeline.lua http://nginx-thrift.social-network3.svc.cluster.local:8080/wrk2-api/home-timeline/read -R300
Done
Running command1: /home/ubuntu/DeathStarBench/wrk2/wrk -D exp -t2 -c50 -d5m -L -s /home/ubuntu/DeathStarBench/socialNetwork/wrk2/scripts/social-network/read-home-timeline.lua http://nginx-thrift.social-network.svc.cluster.local:8080/wrk2-api/home-timeline/read -R300
Running command2: /home/ubuntu/DeathStarBench/wrk2/wrk -D exp -t2 -c50 -d5m -L -s /home/ubuntu/DeathStarBench/socialNetwork/wrk2/scripts/social-network/read-home-timeline.lua http://nginx-thrift.social-network2.svc.cluster.local:8080/wrk2-api/home-timeline/read -R300
Running command3: /home/ubuntu/DeathStarBench/wrk2/wrk -D exp -t2 -c50 -d5m -L -s /home/ubuntu/DeathStarBench/socialNetwork/wrk2/scripts/social-network/read-home-timeline.lua http://nginx-thrift.social-network3.svc.cluster.local:8080/wrk2-api/home-timeline/read -R300
Done
Running command1: /home/ubuntu/DeathStarBench/wrk2/wrk -D exp -t2 -c50 -d10m -L -s /home/ubuntu/DeathStarBench/socialNetwork/wrk2/scripts/social-network/read-home-timeline.lua http://nginx-thrift.social-network.svc.cluster.local:8080/wrk2-api/home-timeline/read -R300
Running command2: /home/ubuntu/DeathStarBench/wrk2/wrk -D exp -t2 -c50 -d10m -L -s /home/ubuntu/DeathStarBench/socialNetwork/wrk2/scripts/social-network/read-home-timeline.lua http://nginx-thrift.social-network2.svc.cluster.local:8080/wrk2-api/home-timeline/read -R300
Running command3: /home/ubuntu/DeathStarBench/wrk2/wrk -D exp -t2 -c50 -d10m -L -s /home/ubuntu/DeathStarBench/socialNetwork/wrk2/scripts/social-network/read-home-timeline.lua http://nginx-thrift.social-network3.svc.cluster.local:8080/wrk2-api/home-timeline/read -R300
Done
Running command1: /home/ubuntu/DeathStarBench/wrk2/wrk -D exp -t2 -c50 -d1m -L -s /home/ubuntu/DeathStarBench/socialNetwork/wrk2/scripts/social-network/read-home-timeline.lua http://nginx-thrift.social-network.svc.cluster.local:8080/wrk2-api/home-timeline/read -R500
Running command2: /home/ubuntu/DeathStarBench/wrk2/wrk -D exp -t2 -c50 -d1m -L -s /home/ubuntu/DeathStarBench/socialNetwork/wrk2/scripts/social-network/read-home-timeline.lua http://nginx-thrift.social-network2.svc.cluster.local:8080/wrk2-api/home-timeline/read -R500
Running command3: /home/ubuntu/DeathStarBench/wrk2/wrk -D exp -t2 -c50 -d1m -L -s /home/ubuntu/DeathStarBench/socialNetwork/wrk2/scripts/social-network/read-home-timeline.lua http://nginx-thrift.social-network3.svc.cluster.local:8080/wrk2-api/home-timeline/read -R500
Done
Running command1: /home/ubuntu/DeathStarBench/wrk2/wrk -D exp -t2 -c50 -d5m -L -s /home/ubuntu/DeathStarBench/socialNetwork/wrk2/scripts/social-network/read-home-timeline.lua http://nginx-thrift.social-network.svc.cluster.local:8080/wrk2-api/home-timeline/read -R500
Running command2: /home/ubuntu/DeathStarBench/wrk2/wrk -D exp -t2 -c50 -d5m -L -s /home/ubuntu/DeathStarBench/socialNetwork/wrk2/scripts/social-network/read-home-timeline.lua http://nginx-thrift.social-network2.svc.cluster.local:8080/wrk2-api/home-timeline/read -R500
Running command3: /home/ubuntu/DeathStarBench/wrk2/wrk -D exp -t2 -c50 -d5m -L -s /home/ubuntu/DeathStarBench/socialNetwork/wrk2/scripts/social-network/read-home-timeline.lua http://nginx-thrift.social-network3.svc.cluster.local:8080/wrk2-api/home-timeline/read -R500
Done
Running command1: /home/ubuntu/DeathStarBench/wrk2/wrk -D exp -t2 -c50 -d10m -L -s /home/ubuntu/DeathStarBench/socialNetwork/wrk2/scripts/social-network/read-home-timeline.lua http://nginx-thrift.social-network.svc.cluster.local:8080/wrk2-api/home-timeline/read -R500
Running command2: /home/ubuntu/DeathStarBench/wrk2/wrk -D exp -t2 -c50 -d10m -L -s /home/ubuntu/DeathStarBench/socialNetwork/wrk2/scripts/social-network/read-home-timeline.lua http://nginx-thrift.social-network2.svc.cluster.local:8080/wrk2-api/home-timeline/read -R500
Running command3: /home/ubuntu/DeathStarBench/wrk2/wrk -D exp -t2 -c50 -d10m -L -s /home/ubuntu/DeathStarBench/socialNetwork/wrk2/scripts/social-network/read-home-timeline.lua http://nginx-thrift.social-network3.svc.cluster.local:8080/wrk2-api/home-timeline/read -R500
Done
