nohup: ignoring input
Running 1m test @ http://nginx-thrift.social-network.svc.cluster.local:8080/wrk2-api/home-timeline/read
  2 threads and 50 connections

  Thread calibration: mean lat.: 3330.841ms, rate sampling interval: 12705ms
  Thread calibration: mean lat.: 3623.943ms, rate sampling interval: 13680ms

-----------------------------------------------------------------------
Test Results @ http://nginx-thrift.social-network.svc.cluster.local:8080/wrk2-api/home-timeline/read 
  Thread Stats   Avg      Stdev     99%   +/- Stdev
    Latency    28.31s    11.56s   48.04s    56.15%
    Req/Sec    28.83      1.07    30.00    100.00%
  Latency Distribution (HdrHistogram - Recorded Latency)
 50.000%   28.26s 
 75.000%   38.67s 
 90.000%   43.94s 
 99.000%   48.04s 
 99.900%   49.68s 
 99.990%   50.53s 
 99.999%   50.53s 
100.000%   50.53s 

  Detailed Percentile spectrum:
       Value   Percentile   TotalCount 1/(1-Percentile)

    6189.055     0.000000            1         1.00
   12541.951     0.100000          307         1.11
   16048.127     0.200000          614         1.25
   20119.551     0.300000          921         1.43
   24444.927     0.400000         1228         1.67
   28262.399     0.500000         1534         2.00
   30195.711     0.550000         1688         2.22
   32456.703     0.600000         1843         2.50
   34504.703     0.650000         1995         2.86
   36634.623     0.700000         2147         3.33
   38666.239     0.750000         2301         4.00
   39747.583     0.775000         2381         4.44
   40566.783     0.800000         2454         5.00
   41451.519     0.825000         2532         5.71
   42303.487     0.850000         2612         6.67
   43057.151     0.875000         2684         8.00
   43483.135     0.887500         2723         8.89
   43974.655     0.900000         2763        10.00
   44466.175     0.912500         2802        11.43
   44892.159     0.925000         2838        13.33
   45350.911     0.937500         2879        16.00
   45613.055     0.943750         2899        17.78
   45809.663     0.950000         2914        20.00
   46104.575     0.956250         2934        22.86
   46432.255     0.962500         2955        26.67
   46661.631     0.968750         2973        32.00
   46792.703     0.971875         2981        35.56
   46989.311     0.975000         2991        40.00
   47153.151     0.978125         3002        45.71
   47284.223     0.981250         3010        53.33
   47579.135     0.984375         3020        64.00
   47644.671     0.985938         3025        71.11
   47742.975     0.987500         3029        80.00
   47939.583     0.989062         3035        91.43
   48136.191     0.990625         3040       106.67
   48300.031     0.992188         3044       128.00
   48398.335     0.992969         3046       142.22
   48562.175     0.993750         3049       160.00
   48824.319     0.994531         3052       182.86
   48922.623     0.995313         3053       213.33
   49086.463     0.996094         3056       256.00
   49283.071     0.996484         3057       284.44
   49381.375     0.996875         3058       320.00
   49479.679     0.997266         3059       365.71
   49545.215     0.997656         3061       426.67
   49610.751     0.998047         3062       512.00
   49610.751     0.998242         3062       568.89
   49643.519     0.998437         3063       640.00
   49643.519     0.998633         3063       731.43
   49676.287     0.998828         3064       853.33
   50102.271     0.999023         3065      1024.00
   50102.271     0.999121         3065      1137.78
   50102.271     0.999219         3065      1280.00
   50102.271     0.999316         3065      1462.86
   50135.039     0.999414         3066      1706.67
   50135.039     0.999512         3066      2048.00
   50135.039     0.999561         3066      2275.56
   50135.039     0.999609         3066      2560.00
   50135.039     0.999658         3066      2925.71
   50528.255     0.999707         3067      3413.33
   50528.255     1.000000         3067          inf
#[Mean    =    28309.057, StdDeviation   =    11561.470]
#[Max     =    50495.488, Total count    =         3067]
#[Buckets =           27, SubBuckets     =         2048]
-----------------------------------------------------------------------
  3756 requests in 1.00m, 1.02MB read
Requests/sec:     62.57  
Transfer/sec:     17.37KB
Running 1m test @ http://nginx-thrift.social-network2.svc.cluster.local:8080/wrk2-api/home-timeline/read
  2 threads and 50 connections

  Thread calibration: mean lat.: 4015.375ms, rate sampling interval: 14032ms
  Thread calibration: mean lat.: 4098.255ms, rate sampling interval: 14041ms

-----------------------------------------------------------------------
Test Results @ http://nginx-thrift.social-network2.svc.cluster.local:8080/wrk2-api/home-timeline/read 
  Thread Stats   Avg      Stdev     99%   +/- Stdev
    Latency    27.72s    11.82s   48.14s    56.57%
    Req/Sec    30.50      2.87    33.00     83.33%
  Latency Distribution (HdrHistogram - Recorded Latency)
 50.000%   28.67s 
 75.000%   38.21s 
 90.000%   43.06s 
 99.000%   48.14s 
 99.900%   49.48s 
 99.990%   50.17s 
 99.999%   50.17s 
100.000%   50.17s 

  Detailed Percentile spectrum:
       Value   Percentile   TotalCount 1/(1-Percentile)

    6758.399     0.000000            1         1.00
   10911.743     0.100000          308         1.11
   14917.631     0.200000          613         1.25
   19283.967     0.300000          922         1.43
   23887.871     0.400000         1226         1.67
   28671.999     0.500000         1534         2.00
   30572.543     0.550000         1687         2.22
   32440.319     0.600000         1839         2.50
   34537.471     0.650000         1993         2.86
   36470.783     0.700000         2147         3.33
   38207.487     0.750000         2300         4.00
   39059.455     0.775000         2378         4.44
   39845.887     0.800000         2452         5.00
   40665.087     0.825000         2529         5.71
   41451.519     0.850000         2606         6.67
   42237.951     0.875000         2683         8.00
   42663.935     0.887500         2724         8.89
   43057.151     0.900000         2759        10.00
   43548.671     0.912500         2799        11.43
   44105.727     0.925000         2839        13.33
   44597.247     0.937500         2876        16.00
   44826.623     0.943750         2895        17.78
   45055.999     0.950000         2915        20.00
   45449.215     0.956250         2932        22.86
   45842.431     0.962500         2951        26.67
   46268.415     0.968750         2971        32.00
   46530.559     0.971875         2980        35.56
   46825.471     0.975000         2989        40.00
   47120.383     0.978125         2999        45.71
   47382.527     0.981250         3008        53.33
   47546.367     0.984375         3019        64.00
   47644.671     0.985938         3023        71.11
   47874.047     0.987500         3027        80.00
   48103.423     0.989062         3032        91.43
   48136.191     0.990625         3037       106.67
   48234.495     0.992188         3042       128.00
   48300.031     0.992969         3044       142.22
   48398.335     0.993750         3047       160.00
   48627.711     0.994531         3050       182.86
   48660.479     0.995313         3051       213.33
   48791.551     0.996094         3055       256.00
   48791.551     0.996484         3055       284.44
   48857.087     0.996875         3056       320.00
   49020.927     0.997266         3057       365.71
   49119.231     0.997656         3058       426.67
   49315.839     0.998047         3060       512.00
   49315.839     0.998242         3060       568.89
   49446.911     0.998437         3061       640.00
   49446.911     0.998633         3061       731.43
   49479.679     0.998828         3062       853.33
   49577.983     0.999023         3063      1024.00
   49577.983     0.999121         3063      1137.78
   49577.983     0.999219         3063      1280.00
   49577.983     0.999316         3063      1462.86
   49840.127     0.999414         3064      1706.67
   49840.127     0.999512         3064      2048.00
   49840.127     0.999561         3064      2275.56
   49840.127     0.999609         3064      2560.00
   49840.127     0.999658         3064      2925.71
   50167.807     0.999707         3065      3413.33
   50167.807     1.000000         3065          inf
#[Mean    =    27721.343, StdDeviation   =    11820.005]
#[Max     =    50135.040, Total count    =         3065]
#[Buckets =           27, SubBuckets     =         2048]
-----------------------------------------------------------------------
  3689 requests in 1.00m, 1.00MB read
Requests/sec:     61.45  
Transfer/sec:     17.12KB
Running 1m test @ http://nginx-thrift.social-network3.svc.cluster.local:8080/wrk2-api/home-timeline/read
  2 threads and 50 connections

  Thread calibration: mean lat.: 3311.442ms, rate sampling interval: 11796ms
  Thread calibration: mean lat.: 3169.540ms, rate sampling interval: 11534ms

-----------------------------------------------------------------------
Test Results @ http://nginx-thrift.social-network3.svc.cluster.local:8080/wrk2-api/home-timeline/read 
  Thread Stats   Avg      Stdev     99%   +/- Stdev
    Latency    30.87s    14.95s    0.86m    53.15%
    Req/Sec    19.75     11.69    33.00     50.00%
  Latency Distribution (HdrHistogram - Recorded Latency)
 50.000%   38.14s 
 75.000%   44.76s 
 90.000%   48.63s 
 99.000%    0.86m 
 99.900%    0.88m 
 99.990%    0.89m 
 99.999%    0.89m 
100.000%    0.89m 

  Detailed Percentile spectrum:
       Value   Percentile   TotalCount 1/(1-Percentile)

    7962.623     0.000000            1         1.00
   12066.815     0.100000          212         1.11
   14172.159     0.200000          423         1.25
   16908.287     0.300000          634         1.43
   20660.223     0.400000          847         1.67
   38141.951     0.500000         1058         2.00
   40239.103     0.550000         1164         2.22
   41549.823     0.600000         1270         2.50
   42762.239     0.650000         1376         2.86
   43810.815     0.700000         1485         3.33
   44761.087     0.750000         1591         4.00
   45318.143     0.775000         1639         4.44
   45973.503     0.800000         1693         5.00
   46628.863     0.825000         1745         5.71
   47316.991     0.850000         1797         6.67
   47906.815     0.875000         1849         8.00
   48267.263     0.887500         1876         8.89
   48627.711     0.900000         1904        10.00
   48955.391     0.912500         1929        11.43
   49348.607     0.925000         1956        13.33
   49610.751     0.937500         1982        16.00
   49840.127     0.943750         1997        17.78
   50003.967     0.950000         2010        20.00
   50298.879     0.956250         2023        22.86
   50462.719     0.962500         2034        26.67
   50659.327     0.968750         2048        32.00
   50757.631     0.971875         2056        35.56
   50855.935     0.975000         2061        40.00
   50987.007     0.978125         2068        45.71
   51118.079     0.981250         2074        53.33
   51281.919     0.984375         2080        64.00
   51478.527     0.985938         2085        71.11
   51511.295     0.987500         2088        80.00
   51609.599     0.989062         2091        91.43
   51806.207     0.990625         2095       106.67
   51838.975     0.992188         2097       128.00
   51970.047     0.992969         2099       142.22
   52002.815     0.993750         2100       160.00
   52101.119     0.994531         2104       182.86
   52101.119     0.995313         2104       213.33
   52166.655     0.996094         2105       256.00
   52199.423     0.996484         2106       284.44
   52494.335     0.996875         2107       320.00
   52527.103     0.997266         2108       365.71
   52559.871     0.997656         2109       426.67
   52559.871     0.998047         2109       512.00
   52592.639     0.998242         2110       568.89
   52592.639     0.998437         2110       640.00
   52789.247     0.998633         2111       731.43
   52789.247     0.998828         2111       853.33
   52789.247     0.999023         2111      1024.00
   52953.087     0.999121         2112      1137.78
   52953.087     0.999219         2112      1280.00
   52953.087     0.999316         2112      1462.86
   52953.087     0.999414         2112      1706.67
   52953.087     0.999512         2112      2048.00
   53379.071     0.999561         2113      2275.56
   53379.071     1.000000         2113          inf
#[Mean    =    30866.177, StdDeviation   =    14953.691]
#[Max     =    53346.304, Total count    =         2113]
#[Buckets =           27, SubBuckets     =         2048]
-----------------------------------------------------------------------
  2683 requests in 1.00m, 753.64KB read
  Non-2xx or 3xx responses: 50
Requests/sec:     44.70  
Transfer/sec:     12.55KB
Running 5m test @ http://nginx-thrift.social-network.svc.cluster.local:8080/wrk2-api/home-timeline/read
  2 threads and 50 connections

  Thread calibration: mean lat.: 2012.753ms, rate sampling interval: 10919ms
  Thread calibration: mean lat.: 2166.039ms, rate sampling interval: 11165ms

-----------------------------------------------------------------------
Test Results @ http://nginx-thrift.social-network.svc.cluster.local:8080/wrk2-api/home-timeline/read 
  Thread Stats   Avg      Stdev     99%   +/- Stdev
    Latency     2.04m     1.08m    3.90m    58.89%
    Req/Sec    30.86      3.97    38.00     86.27%
  Latency Distribution (HdrHistogram - Recorded Latency)
 50.000%    2.08m 
 75.000%    2.93m 
 90.000%    3.52m 
 99.000%    3.90m 
 99.900%    3.97m 
 99.990%    4.00m 
 99.999%    4.01m 
100.000%    4.01m 

  Detailed Percentile spectrum:
       Value   Percentile   TotalCount 1/(1-Percentile)

    6066.175     0.000000            1         1.00
   32473.087     0.100000         1820         1.11
   54132.735     0.200000         3639         1.25
   77004.799     0.300000         5459         1.43
  101187.583     0.400000         7279         1.67
  124583.935     0.500000         9099         2.00
  136314.879     0.550000        10016         2.22
  146276.351     0.600000        10915         2.50
  156237.823     0.650000        11825         2.86
  166461.439     0.700000        12738         3.33
  175505.407     0.750000        13645         4.00
  180355.071     0.775000        14101         4.44
  185466.879     0.800000        14557         5.00
  191758.335     0.825000        15011         5.71
  198180.863     0.850000        15468         6.67
  205127.679     0.875000        15922         8.00
  208142.335     0.887500        16144         8.89
  211156.991     0.900000        16380        10.00
  213909.503     0.912500        16600        11.43
  216662.015     0.925000        16826        13.33
  219545.599     0.937500        17055        16.00
  220987.391     0.943750        17167        17.78
  222691.327     0.950000        17286        20.00
  224264.191     0.956250        17396        22.86
  226099.199     0.962500        17510        26.67
  227672.063     0.968750        17628        32.00
  228589.567     0.971875        17684        35.56
  229244.927     0.975000        17737        40.00
  230031.359     0.978125        17797        45.71
  230817.791     0.981250        17849        53.33
  231866.367     0.984375        17909        64.00
  232390.655     0.985938        17938        71.11
  233046.015     0.987500        17969        80.00
  233439.231     0.989062        17994        91.43
  233963.519     0.990625        18026       106.67
  234487.807     0.992188        18048       128.00
  234749.951     0.992969        18063       142.22
  235143.167     0.993750        18083       160.00
  235405.311     0.994531        18093       182.86
  235667.455     0.995313        18105       213.33
  236060.671     0.996094        18124       256.00
  236191.743     0.996484        18128       284.44
  236453.887     0.996875        18136       320.00
  236584.959     0.997266        18141       365.71
  236847.103     0.997656        18148       426.67
  237240.319     0.998047        18158       512.00
  237371.391     0.998242        18160       568.89
  237502.463     0.998437        18162       640.00
  237895.679     0.998633        18166       731.43
  238026.751     0.998828        18169       853.33
  238419.967     0.999023        18173      1024.00
  238551.039     0.999121        18175      1137.78
  238682.111     0.999219        18176      1280.00
  238813.183     0.999316        18178      1462.86
  239206.399     0.999414        18180      1706.67
  239337.471     0.999512        18183      2048.00
  239337.471     0.999561        18183      2275.56
  239337.471     0.999609        18183      2560.00
  239468.543     0.999658        18185      2925.71
  239468.543     0.999707        18185      3413.33
  239861.759     0.999756        18187      4096.00
  239861.759     0.999780        18187      4551.11
  239861.759     0.999805        18187      5120.00
  239861.759     0.999829        18187      5851.43
  240254.975     0.999854        18189      6826.67
  240254.975     0.999878        18189      8192.00
  240254.975     0.999890        18189      9102.22
  240254.975     0.999902        18189     10240.00
  240254.975     0.999915        18189     11702.86
  240254.975     0.999927        18189     13653.33
  240254.975     0.999939        18189     16384.00
  240779.263     0.999945        18190     18204.44
  240779.263     1.000000        18190          inf
#[Mean    =   122105.200, StdDeviation   =    64613.814]
#[Max     =   240648.192, Total count    =        18190]
#[Buckets =           27, SubBuckets     =         2048]
-----------------------------------------------------------------------
  19238 requests in 5.00m, 5.21MB read
Requests/sec:     64.12  
Transfer/sec:     17.79KB
Running 5m test @ http://nginx-thrift.social-network2.svc.cluster.local:8080/wrk2-api/home-timeline/read
  2 threads and 50 connections

  Thread calibration: mean lat.: 3823.077ms, rate sampling interval: 14622ms
  Thread calibration: mean lat.: 3655.750ms, rate sampling interval: 13926ms

-----------------------------------------------------------------------
Test Results @ http://nginx-thrift.social-network2.svc.cluster.local:8080/wrk2-api/home-timeline/read 
  Thread Stats   Avg      Stdev     99%   +/- Stdev
    Latency     2.03m     1.07m    3.88m    58.66%
    Req/Sec    32.15      2.62    37.00     79.49%
  Latency Distribution (HdrHistogram - Recorded Latency)
 50.000%    2.03m 
 75.000%    2.93m 
 90.000%    3.48m 
 99.000%    3.88m 
 99.900%    3.96m 
 99.990%    4.01m 
 99.999%    4.03m 
100.000%    4.03m 

  Detailed Percentile spectrum:
       Value   Percentile   TotalCount 1/(1-Percentile)

    5963.775     0.000000            1         1.00
   30736.383     0.100000         1894         1.11
   55607.295     0.200000         3790         1.25
   78643.199     0.300000         5683         1.43
  101318.655     0.400000         7580         1.67
  121765.887     0.500000         9472         2.00
  132644.863     0.550000        10414         2.22
  145752.063     0.600000        11366         2.50
  156106.751     0.650000        12310         2.86
  165543.935     0.700000        13263         3.33
  175767.551     0.750000        14210         4.00
  180879.359     0.775000        14682         4.44
  186908.671     0.800000        15148         5.00
  192806.911     0.825000        15629         5.71
  197787.647     0.850000        16095         6.67
  203030.527     0.875000        16569         8.00
  205783.039     0.887500        16815         8.89
  208666.623     0.900000        17043        10.00
  211550.207     0.912500        17278        11.43
  214564.863     0.925000        17520        13.33
  217841.663     0.937500        17754        16.00
  219545.599     0.943750        17869        17.78
  221380.607     0.950000        17999        20.00
  223084.543     0.956250        18114        22.86
  224919.551     0.962500        18230        26.67
  226623.487     0.968750        18346        32.00
  227409.919     0.971875        18409        35.56
  228196.351     0.975000        18474        40.00
  228851.711     0.978125        18527        45.71
  229638.143     0.981250        18581        53.33
  230686.719     0.984375        18641        64.00
  231211.007     0.985938        18672        71.11
  231735.295     0.987500        18702        80.00
  232259.583     0.989062        18728        91.43
  232914.943     0.990625        18760       106.67
  233570.303     0.992188        18791       128.00
  233832.447     0.992969        18809       142.22
  234094.591     0.993750        18818       160.00
  234487.807     0.994531        18835       182.86
  234881.023     0.995313        18849       213.33
  235405.311     0.996094        18864       256.00
  235536.383     0.996484        18871       284.44
  235929.599     0.996875        18877       320.00
  236191.743     0.997266        18888       365.71
  236453.887     0.997656        18892       426.67
  236978.175     0.998047        18899       512.00
  237109.247     0.998242        18901       568.89
  237371.391     0.998437        18905       640.00
  237764.607     0.998633        18913       731.43
  237764.607     0.998828        18913       853.33
  238157.823     0.999023        18916      1024.00
  238288.895     0.999121        18919      1137.78
  238551.039     0.999219        18920      1280.00
  238682.111     0.999316        18923      1462.86
  238682.111     0.999414        18923      1706.67
  239075.327     0.999512        18926      2048.00
  239075.327     0.999561        18926      2275.56
  239337.471     0.999609        18927      2560.00
  239468.543     0.999658        18928      2925.71
  239992.831     0.999707        18929      3413.33
  240123.903     0.999756        18930      4096.00
  240123.903     0.999780        18930      4551.11
  240517.119     0.999805        18931      5120.00
  240517.119     0.999829        18931      5851.43
  240779.263     0.999854        18932      6826.67
  240779.263     0.999878        18932      8192.00
  240779.263     0.999890        18932      9102.22
  241434.623     0.999902        18933     10240.00
  241434.623     0.999915        18933     11702.86
  241434.623     0.999927        18933     13653.33
  241434.623     0.999939        18933     16384.00
  241434.623     0.999945        18933     18204.44
  241696.767     0.999951        18934     20480.00
  241696.767     1.000000        18934          inf
#[Mean    =   121523.215, StdDeviation   =    64157.353]
#[Max     =   241565.696, Total count    =        18934]
#[Buckets =           27, SubBuckets     =         2048]
-----------------------------------------------------------------------
  19621 requests in 5.00m, 5.34MB read
Requests/sec:     65.40  
Transfer/sec:     18.21KB
Running 5m test @ http://nginx-thrift.social-network3.svc.cluster.local:8080/wrk2-api/home-timeline/read
  2 threads and 50 connections

  Thread calibration: mean lat.: 561.744ms, rate sampling interval: 3102ms
  Thread calibration: mean lat.: 500.727ms, rate sampling interval: 2834ms

-----------------------------------------------------------------------
Test Results @ http://nginx-thrift.social-network3.svc.cluster.local:8080/wrk2-api/home-timeline/read 
  Thread Stats   Avg      Stdev     99%   +/- Stdev
    Latency     1.88m     1.11m    3.83m    57.98%
    Req/Sec    30.85      5.58    44.00     72.31%
  Latency Distribution (HdrHistogram - Recorded Latency)
 50.000%    1.82m 
 75.000%    2.82m 
 90.000%    3.46m 
 99.000%    3.83m 
 99.900%    3.92m 
 99.990%    3.97m 
 99.999%    3.99m 
100.000%    3.99m 

  Detailed Percentile spectrum:
       Value   Percentile   TotalCount 1/(1-Percentile)

    2387.967     0.000000            1         1.00
   22380.543     0.100000         1818         1.11
   43876.351     0.200000         3633         1.25
   64782.335     0.300000         5449         1.43
   86769.663     0.400000         7267         1.67
  109379.583     0.500000         9084         2.00
  120520.703     0.550000         9994         2.22
  134873.087     0.600000        10902         2.50
  146407.423     0.650000        11812         2.86
  157679.615     0.700000        12719         3.33
  169476.095     0.750000        13623         4.00
  175767.551     0.775000        14078         4.44
  182714.367     0.800000        14533         5.00
  189267.967     0.825000        14987         5.71
  195035.135     0.850000        15440         6.67
  201195.519     0.875000        15898         8.00
  204472.319     0.887500        16124         8.89
  207749.119     0.900000        16358        10.00
  210894.847     0.912500        16576        11.43
  213909.503     0.925000        16808        13.33
  216924.159     0.937500        17039        16.00
  218365.951     0.943750        17148        17.78
  219938.815     0.950000        17256        20.00
  221511.679     0.956250        17381        22.86
  222822.399     0.962500        17488        26.67
  224395.263     0.968750        17609        32.00
  225181.695     0.971875        17668        35.56
  225837.055     0.975000        17709        40.00
  226885.631     0.978125        17782        45.71
  227540.991     0.981250        17828        53.33
  228458.495     0.984375        17891        64.00
  228720.639     0.985938        17910        71.11
  229244.927     0.987500        17936        80.00
  229769.215     0.989062        17965        91.43
  230424.575     0.990625        17994       106.67
  230948.863     0.992188        18026       128.00
  231342.079     0.992969        18041       142.22
  231604.223     0.993750        18055       160.00
  231997.439     0.994531        18067       182.86
  232390.655     0.995313        18081       213.33
  232783.871     0.996094        18093       256.00
  233046.015     0.996484        18102       284.44
  233308.159     0.996875        18108       320.00
  233701.375     0.997266        18117       365.71
  233963.519     0.997656        18123       426.67
  234225.663     0.998047        18128       512.00
  234487.807     0.998242        18134       568.89
  234749.951     0.998437        18137       640.00
  234881.023     0.998633        18141       731.43
  235012.095     0.998828        18142       853.33
  235405.311     0.999023        18146      1024.00
  235536.383     0.999121        18148      1137.78
  235798.527     0.999219        18149      1280.00
  236060.671     0.999316        18151      1462.86
  236191.743     0.999414        18153      1706.67
  236716.031     0.999512        18156      2048.00
  236716.031     0.999561        18156      2275.56
  236716.031     0.999609        18156      2560.00
  236847.103     0.999658        18157      2925.71
  237109.247     0.999707        18158      3413.33
  237240.319     0.999756        18160      4096.00
  237240.319     0.999780        18160      4551.11
  237240.319     0.999805        18160      5120.00
  237240.319     0.999829        18160      5851.43
  238157.823     0.999854        18161      6826.67
  238157.823     0.999878        18161      8192.00
  238551.039     0.999890        18162      9102.22
  238551.039     0.999902        18162     10240.00
  238551.039     0.999915        18162     11702.86
  238551.039     0.999927        18162     13653.33
  238551.039     0.999939        18162     16384.00
  239599.615     0.999945        18163     18204.44
  239599.615     1.000000        18163          inf
#[Mean    =   112552.657, StdDeviation   =    66849.176]
#[Max     =   239468.544, Total count    =        18163]
#[Buckets =           27, SubBuckets     =         2048]
-----------------------------------------------------------------------
  20201 requests in 5.00m, 5.49MB read
Requests/sec:     67.32  
Transfer/sec:     18.75KB
Running 10m test @ http://nginx-thrift.social-network.svc.cluster.local:8080/wrk2-api/home-timeline/read
  2 threads and 50 connections

  Thread calibration: mean lat.: 913.902ms, rate sampling interval: 7127ms
  Thread calibration: mean lat.: 931.008ms, rate sampling interval: 7311ms

-----------------------------------------------------------------------
Test Results @ http://nginx-thrift.social-network.svc.cluster.local:8080/wrk2-api/home-timeline/read 
  Thread Stats   Avg      Stdev     99%   +/- Stdev
    Latency     3.86m     2.20m    7.68m    58.56%
    Req/Sec    32.17      4.69    43.00     71.60%
  Latency Distribution (HdrHistogram - Recorded Latency)
 50.000%    3.87m 
 75.000%    5.71m 
 90.000%    6.91m 
 99.000%    7.68m 
 99.900%    7.84m 
 99.990%    7.92m 
 99.999%    7.94m 
100.000%    7.94m 

  Detailed Percentile spectrum:
       Value   Percentile   TotalCount 1/(1-Percentile)

    3315.711     0.000000            1         1.00
   48988.159     0.100000         3847         1.11
   94044.159     0.200000         7695         1.25
  136577.023     0.300000        11537         1.43
  187301.887     0.400000        15393         1.67
  231997.439     0.500000        19233         2.00
  255328.255     0.550000        21153         2.22
  275775.487     0.600000        23091         2.50
  301465.599     0.650000        24996         2.86
  323485.695     0.700000        26926         3.33
  342884.351     0.750000        28856         4.00
  353632.255     0.775000        29814         4.44
  366215.167     0.800000        30779         5.00
  378535.935     0.825000        31734         5.71
  390856.703     0.850000        32688         6.67
  403177.471     0.875000        33657         8.00
  409206.783     0.887500        34135         8.89
  414711.807     0.900000        34611        10.00
  420478.975     0.912500        35095        11.43
  427032.575     0.925000        35576        13.33
  434372.607     0.937500        36060        16.00
  437780.479     0.943750        36299        17.78
  440926.207     0.950000        36543        20.00
  443809.791     0.956250        36788        22.86
  446693.375     0.962500        37015        26.67
  449576.959     0.968750        37268        32.00
  450887.679     0.971875        37374        35.56
  452460.543     0.975000        37502        40.00
  454033.407     0.978125        37618        45.71
  455606.271     0.981250        37739        53.33
  457441.279     0.984375        37864        64.00
  458227.711     0.985938        37919        71.11
  459014.143     0.987500        37975        80.00
  460062.719     0.989062        38038        91.43
  461111.295     0.990625        38095       106.67
  462159.871     0.992188        38161       128.00
  462946.303     0.992969        38194       142.22
  463470.591     0.993750        38225       160.00
  463994.879     0.994531        38246       182.86
  464781.311     0.995313        38276       213.33
  465567.743     0.996094        38305       256.00
  466092.031     0.996484        38326       284.44
  466616.319     0.996875        38340       320.00
  467402.751     0.997266        38360       365.71
  467664.895     0.997656        38366       426.67
  468451.327     0.998047        38382       512.00
  468975.615     0.998242        38392       568.89
  469237.759     0.998437        38395       640.00
  469762.047     0.998633        38405       731.43
  470024.191     0.998828        38409       853.33
  470548.479     0.999023        38419      1024.00
  470810.623     0.999121        38422      1137.78
  471072.767     0.999219        38424      1280.00
  471334.911     0.999316        38428      1462.86
  471859.199     0.999414        38433      1706.67
  472383.487     0.999512        38436      2048.00
  472645.631     0.999561        38439      2275.56
  472645.631     0.999609        38439      2560.00
  473432.063     0.999658        38443      2925.71
  473432.063     0.999707        38443      3413.33
  474218.495     0.999756        38445      4096.00
  474480.639     0.999780        38446      4551.11
  474742.783     0.999805        38449      5120.00
  474742.783     0.999829        38449      5851.43
  474742.783     0.999854        38449      6826.67
  475004.927     0.999878        38450      8192.00
  475004.927     0.999890        38450      9102.22
  475267.071     0.999902        38452     10240.00
  475267.071     0.999915        38452     11702.86
  475267.071     0.999927        38452     13653.33
  475267.071     0.999939        38452     16384.00
  475267.071     0.999945        38452     18204.44
  475791.359     0.999951        38453     20480.00
  475791.359     0.999957        38453     23405.71
  475791.359     0.999963        38453     27306.67
  475791.359     0.999969        38453     32768.00
  475791.359     0.999973        38453     36408.89
  476577.791     0.999976        38454     40960.00
  476577.791     1.000000        38454          inf
#[Mean    =   231438.839, StdDeviation   =   132223.340]
#[Max     =   476315.648, Total count    =        38454]
#[Buckets =           27, SubBuckets     =         2048]
-----------------------------------------------------------------------
  40000 requests in 10.00m, 10.84MB read
Requests/sec:     66.67  
Transfer/sec:     18.50KB
Running 10m test @ http://nginx-thrift.social-network2.svc.cluster.local:8080/wrk2-api/home-timeline/read
  2 threads and 50 connections

  Thread calibration: mean lat.: 3566.457ms, rate sampling interval: 13983ms
  Thread calibration: mean lat.: 3338.006ms, rate sampling interval: 12713ms

-----------------------------------------------------------------------
Test Results @ http://nginx-thrift.social-network2.svc.cluster.local:8080/wrk2-api/home-timeline/read 
  Thread Stats   Avg      Stdev     99%   +/- Stdev
    Latency     3.97m     2.27m    7.77m    58.23%
    Req/Sec    31.45      4.60    52.00     88.64%
  Latency Distribution (HdrHistogram - Recorded Latency)
 50.000%    4.01m 
 75.000%    6.01m 
 90.000%    7.06m 
 99.000%    7.77m 
 99.900%    7.90m 
 99.990%    7.99m 
 99.999%    8.05m 
100.000%    8.05m 

  Detailed Percentile spectrum:
       Value   Percentile   TotalCount 1/(1-Percentile)

    6074.367     0.000000            1         1.00
   46432.255     0.100000         3777         1.11
   95813.631     0.200000         7553         1.25
  146014.207     0.300000        11337         1.43
  188350.463     0.400000        15101         1.67
  240517.119     0.500000        18889         2.00
  263716.863     0.550000        20768         2.22
  287834.111     0.600000        22663         2.50
  314834.943     0.650000        24555         2.86
  341049.343     0.700000        26431         3.33
  360710.143     0.750000        28338         4.00
  367525.887     0.775000        29264         4.44
  376700.927     0.800000        30225         5.00
  387710.975     0.825000        31147         5.71
  399769.599     0.850000        32095         6.67
  411303.935     0.875000        33039         8.00
  417333.247     0.887500        33506         8.89
  423624.703     0.900000        33979        10.00
  430178.303     0.912500        34463        11.43
  435945.471     0.925000        34922        13.33
  441974.783     0.937500        35410        16.00
  444596.223     0.943750        35643        17.78
  447217.663     0.950000        35867        20.00
  450101.247     0.956250        36118        22.86
  452722.687     0.962500        36337        26.67
  455868.415     0.968750        36583        32.00
  457441.279     0.971875        36713        35.56
  458751.999     0.975000        36813        40.00
  460324.863     0.978125        36940        45.71
  461897.727     0.981250        37070        53.33
  463208.447     0.984375        37169        64.00
  463994.879     0.985938        37227        71.11
  464781.311     0.987500        37288        80.00
  465567.743     0.989062        37341        91.43
  466616.319     0.990625        37419       106.67
  467402.751     0.992188        37463       128.00
  467927.039     0.992969        37496       142.22
  468451.327     0.993750        37522       160.00
  468975.615     0.994531        37551       182.86
  469499.903     0.995313        37576       213.33
  470286.335     0.996094        37611       256.00
  470548.479     0.996484        37622       284.44
  471072.767     0.996875        37639       320.00
  471597.055     0.997266        37656       365.71
  472121.343     0.997656        37669       426.67
  472383.487     0.998047        37679       512.00
  472907.775     0.998242        37690       568.89
  473169.919     0.998437        37697       640.00
  473432.063     0.998633        37703       731.43
  473694.207     0.998828        37707       853.33
  474218.495     0.999023        37715      1024.00
  474742.783     0.999121        37721      1137.78
  475004.927     0.999219        37723      1280.00
  475267.071     0.999316        37727      1462.86
  475529.215     0.999414        37729      1706.67
  476053.503     0.999512        37733      2048.00
  476577.791     0.999561        37736      2275.56
  476839.935     0.999609        37738      2560.00
  477102.079     0.999658        37739      2925.71
  477364.223     0.999707        37740      3413.33
  477626.367     0.999756        37742      4096.00
  478150.655     0.999780        37744      4551.11
  478150.655     0.999805        37744      5120.00
  478674.943     0.999829        37745      5851.43
  479461.375     0.999854        37747      6826.67
  479461.375     0.999878        37747      8192.00
  479461.375     0.999890        37747      9102.22
  480247.807     0.999902        37748     10240.00
  480247.807     0.999915        37748     11702.86
  481296.383     0.999927        37749     13653.33
  481296.383     0.999939        37749     16384.00
  481296.383     0.999945        37749     18204.44
  482082.815     0.999951        37750     20480.00
  482082.815     0.999957        37750     23405.71
  482082.815     0.999963        37750     27306.67
  482082.815     0.999969        37750     32768.00
  482082.815     0.999973        37750     36408.89
  482869.247     0.999976        37751     40960.00
  482869.247     1.000000        37751          inf
#[Mean    =   238454.825, StdDeviation   =   136006.832]
#[Max     =   482607.104, Total count    =        37751]
#[Buckets =           27, SubBuckets     =         2048]
-----------------------------------------------------------------------
  38336 requests in 10.00m, 10.43MB read
Requests/sec:     63.88  
Transfer/sec:     17.79KB
Running 10m test @ http://nginx-thrift.social-network3.svc.cluster.local:8080/wrk2-api/home-timeline/read
  2 threads and 50 connections

  Thread calibration: mean lat.: 221.530ms, rate sampling interval: 856ms
  Thread calibration: mean lat.: 240.419ms, rate sampling interval: 972ms

-----------------------------------------------------------------------
Test Results @ http://nginx-thrift.social-network3.svc.cluster.local:8080/wrk2-api/home-timeline/read 
  Thread Stats   Avg      Stdev     99%   +/- Stdev
    Latency     3.42m     2.37m    7.62m    56.71%
    Req/Sec    31.90     20.51   146.00     90.50%
  Latency Distribution (HdrHistogram - Recorded Latency)
 50.000%    3.34m 
 75.000%    5.44m 
 90.000%    6.78m 
 99.000%    7.62m 
 99.900%    7.76m 
 99.990%    7.83m 
 99.999%    7.88m 
100.000%    7.88m 

  Detailed Percentile spectrum:
       Value   Percentile   TotalCount 1/(1-Percentile)

      71.487     0.000000            2         1.00
    2764.799     0.100000         3820         1.11
   51183.615     0.200000         7642         1.25
  103743.487     0.300000        11465         1.43
  151912.447     0.400000        15285         1.67
  200540.159     0.500000        19100         2.00
  225574.911     0.550000        21015         2.22
  247070.719     0.600000        22932         2.50
  270008.319     0.650000        24838         2.86
  301465.599     0.700000        26738         3.33
  326631.423     0.750000        28663         4.00
  339738.623     0.775000        29622         4.44
  356777.983     0.800000        30561         5.00
  368836.607     0.825000        31537         5.71
  380370.943     0.850000        32488         6.67
  393740.287     0.875000        33429         8.00
  400556.031     0.887500        33907         8.89
  406847.487     0.900000        34385        10.00
  413401.087     0.912500        34865        11.43
  420741.119     0.925000        35345        13.33
  427819.007     0.937500        35828        16.00
  431226.879     0.943750        36056        17.78
  434896.895     0.950000        36296        20.00
  438829.055     0.956250        36534        22.86
  443023.359     0.962500        36775        26.67
  446431.231     0.968750        37008        32.00
  448004.095     0.971875        37124        35.56
  449839.103     0.975000        37258        40.00
  451411.967     0.978125        37377        45.71
  452984.831     0.981250        37492        53.33
  454557.695     0.984375        37618        64.00
  455081.983     0.985938        37662        71.11
  456130.559     0.987500        37739        80.00
  456916.991     0.989062        37796        91.43
  457703.423     0.990625        37845       106.67
  458489.855     0.992188        37899       128.00
  459276.287     0.992969        37939       142.22
  459800.575     0.993750        37964       160.00
  460324.863     0.994531        37990       182.86
  460849.151     0.995313        38021       213.33
  461635.583     0.996094        38053       256.00
  461897.727     0.996484        38063       284.44
  462422.015     0.996875        38080       320.00
  462946.303     0.997266        38093       365.71
  463470.591     0.997656        38111       426.67
  463994.879     0.998047        38130       512.00
  463994.879     0.998242        38130       568.89
  464519.167     0.998437        38145       640.00
  464519.167     0.998633        38145       731.43
  465043.455     0.998828        38154       853.33
  465829.887     0.999023        38164      1024.00
  465829.887     0.999121        38164      1137.78
  466092.031     0.999219        38168      1280.00
  466354.175     0.999316        38172      1462.86
  466616.319     0.999414        38176      1706.67
  467402.751     0.999512        38180      2048.00
  467927.039     0.999561        38182      2275.56
  468189.183     0.999609        38184      2560.00
  468189.183     0.999658        38184      2925.71
  468713.471     0.999707        38188      3413.33
  468713.471     0.999756        38188      4096.00
  468975.615     0.999780        38190      4551.11
  468975.615     0.999805        38190      5120.00
  469499.903     0.999829        38192      5851.43
  469499.903     0.999854        38192      6826.67
  469762.047     0.999878        38193      8192.00
  469762.047     0.999890        38193      9102.22
  470548.479     0.999902        38194     10240.00
  470548.479     0.999915        38194     11702.86
  471859.199     0.999927        38195     13653.33
  471859.199     0.999939        38195     16384.00
  471859.199     0.999945        38195     18204.44
  472121.343     0.999951        38196     20480.00
  472121.343     0.999957        38196     23405.71
  472121.343     0.999963        38196     27306.67
  472121.343     0.999969        38196     32768.00
  472121.343     0.999973        38196     36408.89
  472907.775     0.999976        38197     40960.00
  472907.775     1.000000        38197          inf
#[Mean    =   205004.353, StdDeviation   =   142074.582]
#[Max     =   472645.632, Total count    =        38197]
#[Buckets =           27, SubBuckets     =         2048]
-----------------------------------------------------------------------
  41122 requests in 10.00m, 11.18MB read
Requests/sec:     68.53  
Transfer/sec:     19.08KB
Running 1m test @ http://nginx-thrift.social-network.svc.cluster.local:8080/wrk2-api/home-timeline/read
  2 threads and 50 connections

  Thread calibration: mean lat.: 3647.728ms, rate sampling interval: 14802ms
  Thread calibration: mean lat.: 3593.790ms, rate sampling interval: 14843ms

-----------------------------------------------------------------------
Test Results @ http://nginx-thrift.social-network.svc.cluster.local:8080/wrk2-api/home-timeline/read 
  Thread Stats   Avg      Stdev     99%   +/- Stdev
    Latency    30.78s    12.73s    0.87m    58.85%
    Req/Sec    30.83      0.37    31.00    100.00%
  Latency Distribution (HdrHistogram - Recorded Latency)
 50.000%   30.52s 
 75.000%   41.68s 
 90.000%   48.79s 
 99.000%    0.87m 
 99.900%    0.89m 
 99.990%    0.89m 
 99.999%    0.89m 
100.000%    0.89m 

  Detailed Percentile spectrum:
       Value   Percentile   TotalCount 1/(1-Percentile)

    8351.743     0.000000            1         1.00
   12894.207     0.100000          325         1.11
   17793.023     0.200000          649         1.25
   22167.551     0.300000          975         1.43
   26345.471     0.400000         1299         1.67
   30523.391     0.500000         1622         2.00
   33308.671     0.550000         1785         2.22
   35192.831     0.600000         1947         2.50
   36765.695     0.650000         2109         2.86
   39256.063     0.700000         2272         3.33
   41680.895     0.750000         2435         4.00
   42663.935     0.775000         2517         4.44
   44040.191     0.800000         2596         5.00
   45613.055     0.825000         2677         5.71
   46891.007     0.850000         2759         6.67
   47939.583     0.875000         2839         8.00
   48365.567     0.887500         2882         8.89
   48791.551     0.900000         2920        10.00
   49217.535     0.912500         2962        11.43
   49610.751     0.925000         3001        13.33
   50003.967     0.937500         3046        16.00
   50167.807     0.943750         3062        17.78
   50397.183     0.950000         3086        20.00
   50561.023     0.956250         3103        22.86
   50790.399     0.962500         3123        26.67
   50987.007     0.968750         3143        32.00
   51118.079     0.971875         3154        35.56
   51281.919     0.975000         3165        40.00
   51412.991     0.978125         3175        45.71
   51544.063     0.981250         3185        53.33
   51740.671     0.984375         3195        64.00
   51838.975     0.985938         3201        71.11
   51871.743     0.987500         3205        80.00
   52002.815     0.989062         3210        91.43
   52101.119     0.990625         3215       106.67
   52264.959     0.992188         3219       128.00
   52297.727     0.992969         3222       142.22
   52428.799     0.993750         3226       160.00
   52461.567     0.994531         3228       182.86
   52494.335     0.995313         3229       213.33
   52658.175     0.996094         3233       256.00
   52658.175     0.996484         3233       284.44
   52690.943     0.996875         3234       320.00
   52887.551     0.997266         3236       365.71
   53051.391     0.997656         3237       426.67
   53084.159     0.998047         3239       512.00
   53084.159     0.998242         3239       568.89
   53084.159     0.998437         3239       640.00
   53247.999     0.998633         3240       731.43
   53346.303     0.998828         3241       853.33
   53346.303     0.999023         3241      1024.00
   53379.071     0.999121         3242      1137.78
   53379.071     0.999219         3242      1280.00
   53379.071     0.999316         3242      1462.86
   53477.375     0.999414         3243      1706.67
   53477.375     0.999512         3243      2048.00
   53477.375     0.999561         3243      2275.56
   53477.375     0.999609         3243      2560.00
   53477.375     0.999658         3243      2925.71
   53542.911     0.999707         3244      3413.33
   53542.911     1.000000         3244          inf
#[Mean    =    30778.506, StdDeviation   =    12727.970]
#[Max     =    53510.144, Total count    =         3244]
#[Buckets =           27, SubBuckets     =         2048]
-----------------------------------------------------------------------
  3886 requests in 1.00m, 1.05MB read
Requests/sec:     64.74  
Transfer/sec:     17.97KB
Running 1m test @ http://nginx-thrift.social-network2.svc.cluster.local:8080/wrk2-api/home-timeline/read
  2 threads and 50 connections

  Thread calibration: mean lat.: 1504.888ms, rate sampling interval: 10084ms
  Thread calibration: mean lat.: 1428.421ms, rate sampling interval: 9846ms

-----------------------------------------------------------------------
Test Results @ http://nginx-thrift.social-network2.svc.cluster.local:8080/wrk2-api/home-timeline/read 
  Thread Stats   Avg      Stdev     99%   +/- Stdev
    Latency    28.56s    12.47s   50.76s    58.48%
    Req/Sec    31.33      1.63    34.00     77.78%
  Latency Distribution (HdrHistogram - Recorded Latency)
 50.000%   28.57s 
 75.000%   39.03s 
 90.000%   46.47s 
 99.000%   50.76s 
 99.900%    0.86m 
 99.990%    0.87m 
 99.999%    0.87m 
100.000%    0.87m 

  Detailed Percentile spectrum:
       Value   Percentile   TotalCount 1/(1-Percentile)

    6393.855     0.000000            1         1.00
   11755.519     0.100000          316         1.11
   15900.671     0.200000          633         1.25
   20037.631     0.300000          948         1.43
   23789.567     0.400000         1264         1.67
   28573.695     0.500000         1580         2.00
   30654.463     0.550000         1738         2.22
   32587.775     0.600000         1896         2.50
   34275.327     0.650000         2054         2.86
   36208.639     0.700000         2212         3.33
   39026.687     0.750000         2371         4.00
   40337.407     0.775000         2450         4.44
   41353.215     0.800000         2529         5.00
   42401.791     0.825000         2609         5.71
   43712.511     0.850000         2687         6.67
   45219.839     0.875000         2765         8.00
   45842.431     0.887500         2806         8.89
   46465.023     0.900000         2844        10.00
   47153.151     0.912500         2884        11.43
   47677.439     0.925000         2923        13.33
   48332.799     0.937500         2963        16.00
   48627.711     0.943750         2986        17.78
   48857.087     0.950000         3002        20.00
   49119.231     0.956250         3022        22.86
   49414.143     0.962500         3043        26.67
   49709.055     0.968750         3064        32.00
   49774.591     0.971875         3072        35.56
   49905.663     0.975000         3082        40.00
   50069.503     0.978125         3093        45.71
   50298.879     0.981250         3102        53.33
   50429.951     0.984375         3111        64.00
   50528.255     0.985938         3119        71.11
   50561.023     0.987500         3121        80.00
   50692.095     0.989062         3126        91.43
   50757.631     0.990625         3134       106.67
   50790.399     0.992188         3136       128.00
   50855.935     0.992969         3138       142.22
   50888.703     0.993750         3141       160.00
   50987.007     0.994531         3143       182.86
   51150.847     0.995313         3150       213.33
   51150.847     0.996094         3150       256.00
   51150.847     0.996484         3150       284.44
   51216.383     0.996875         3151       320.00
   51281.919     0.997266         3152       365.71
   51412.991     0.997656         3154       426.67
   51412.991     0.998047         3154       512.00
   51478.527     0.998242         3155       568.89
   51544.063     0.998437         3157       640.00
   51544.063     0.998633         3157       731.43
   51544.063     0.998828         3157       853.33
   51544.063     0.999023         3157      1024.00
   51609.599     0.999121         3158      1137.78
   51609.599     0.999219         3158      1280.00
   51609.599     0.999316         3158      1462.86
   51740.671     0.999414         3159      1706.67
   51740.671     0.999512         3159      2048.00
   51740.671     0.999561         3159      2275.56
   51740.671     0.999609         3159      2560.00
   51740.671     0.999658         3159      2925.71
   51937.279     0.999707         3160      3413.33
   51937.279     1.000000         3160          inf
#[Mean    =    28561.812, StdDeviation   =    12469.254]
#[Max     =    51904.512, Total count    =         3160]
#[Buckets =           27, SubBuckets     =         2048]
-----------------------------------------------------------------------
  4557 requests in 1.00m, 1.24MB read
Requests/sec:     75.92  
Transfer/sec:     21.13KB
Running 1m test @ http://nginx-thrift.social-network3.svc.cluster.local:8080/wrk2-api/home-timeline/read
  2 threads and 50 connections

  Thread calibration: mean lat.: 3772.212ms, rate sampling interval: 14868ms
  Thread calibration: mean lat.: 3809.502ms, rate sampling interval: 14589ms

-----------------------------------------------------------------------
Test Results @ http://nginx-thrift.social-network3.svc.cluster.local:8080/wrk2-api/home-timeline/read 
  Thread Stats   Avg      Stdev     99%   +/- Stdev
    Latency    32.66s    12.22s   50.10s    64.98%
    Req/Sec    39.17     11.96    57.00     66.67%
  Latency Distribution (HdrHistogram - Recorded Latency)
 50.000%   35.98s 
 75.000%   43.06s 
 90.000%   46.17s 
 99.000%   50.10s 
 99.900%    0.86m 
 99.990%    0.86m 
 99.999%    0.86m 
100.000%    0.86m 

  Detailed Percentile spectrum:
       Value   Percentile   TotalCount 1/(1-Percentile)

    8093.695     0.000000            1         1.00
   14540.799     0.100000          398         1.11
   19251.199     0.200000          796         1.25
   24231.935     0.300000         1192         1.43
   29868.031     0.400000         1592         1.67
   35979.263     0.500000         1990         2.00
   39026.687     0.550000         2185         2.22
   41254.911     0.600000         2394         2.50
   42336.255     0.650000         2587         2.86
   42762.239     0.700000         2800         3.33
   43057.151     0.750000         2995         4.00
   43220.991     0.775000         3085         4.44
   43483.135     0.800000         3185         5.00
   43679.743     0.825000         3283         5.71
   44171.263     0.850000         3379         6.67
   45154.303     0.875000         3478         8.00
   45711.359     0.887500         3526         8.89
   46170.111     0.900000         3575        10.00
   46727.167     0.912500         3631        11.43
   47185.919     0.925000         3680        13.33
   47579.135     0.937500         3727        16.00
   47775.743     0.943750         3751        17.78
   48037.887     0.950000         3774        20.00
   48463.871     0.956250         3803        22.86
   48758.783     0.962500         3826        26.67
   48988.159     0.968750         3848        32.00
   49184.767     0.971875         3863        35.56
   49283.071     0.975000         3877        40.00
   49446.911     0.978125         3888        45.71
   49545.215     0.981250         3898        53.33
   49774.591     0.984375         3910        64.00
   49905.663     0.985938         3917        71.11
   49971.199     0.987500         3924        80.00
   50036.735     0.989062         3929        91.43
   50200.575     0.990625         3936       106.67
   50331.647     0.992188         3942       128.00
   50429.951     0.992969         3946       142.22
   50462.719     0.993750         3948       160.00
   50593.791     0.994531         3951       182.86
   50692.095     0.995313         3954       213.33
   50724.863     0.996094         3957       256.00
   50921.471     0.996484         3960       284.44
   50921.471     0.996875         3960       320.00
   50954.239     0.997266         3963       365.71
   50954.239     0.997656         3963       426.67
   51150.847     0.998047         3965       512.00
   51183.615     0.998242         3966       568.89
   51183.615     0.998437         3966       640.00
   51347.455     0.998633         3967       731.43
   51412.991     0.998828         3968       853.33
   51609.599     0.999023         3969      1024.00
   51609.599     0.999121         3969      1137.78
   51609.599     0.999219         3969      1280.00
   51642.367     0.999316         3972      1462.86
   51642.367     1.000000         3972          inf
#[Mean    =    32658.578, StdDeviation   =    12217.313]
#[Max     =    51609.600, Total count    =         3972]
#[Buckets =           27, SubBuckets     =         2048]
-----------------------------------------------------------------------
  4726 requests in 1.00m, 1.28MB read
Requests/sec:     78.73  
Transfer/sec:     21.92KB
Running 5m test @ http://nginx-thrift.social-network.svc.cluster.local:8080/wrk2-api/home-timeline/read
  2 threads and 50 connections

  Thread calibration: mean lat.: 1658.177ms, rate sampling interval: 11763ms
  Thread calibration: mean lat.: 2286.454ms, rate sampling interval: 12664ms

-----------------------------------------------------------------------
Test Results @ http://nginx-thrift.social-network.svc.cluster.local:8080/wrk2-api/home-timeline/read 
  Thread Stats   Avg      Stdev     99%   +/- Stdev
    Latency     2.25m     1.20m    4.27m    58.08%
    Req/Sec    32.39      3.42    41.00     82.61%
  Latency Distribution (HdrHistogram - Recorded Latency)
 50.000%    2.25m 
 75.000%    3.31m 
 90.000%    3.86m 
 99.000%    4.27m 
 99.900%    4.34m 
 99.990%    4.37m 
 99.999%    4.38m 
100.000%    4.38m 

  Detailed Percentile spectrum:
       Value   Percentile   TotalCount 1/(1-Percentile)

    6402.047     0.000000            1         1.00
   33685.503     0.100000         1905         1.11
   60194.815     0.200000         3806         1.25
   86376.447     0.300000         5713         1.43
  109576.191     0.400000         7613         1.67
  135135.231     0.500000         9516         2.00
  149291.007     0.550000        10468         2.22
  162004.991     0.600000        11419         2.50
  176160.767     0.650000        12374         2.86
  189005.823     0.700000        13323         3.33
  198574.079     0.750000        14285         4.00
  203948.031     0.775000        14749         4.44
  208666.623     0.800000        15227         5.00
  214171.647     0.825000        15702         5.71
  220069.887     0.850000        16185         6.67
  226099.199     0.875000        16654         8.00
  228851.711     0.887500        16903         8.89
  231342.079     0.900000        17135        10.00
  234094.591     0.912500        17366        11.43
  237502.463     0.925000        17608        13.33
  241172.479     0.937500        17842        16.00
  243007.487     0.943750        17965        17.78
  244580.351     0.950000        18079        20.00
  246284.287     0.956250        18198        22.86
  247988.223     0.962500        18318        26.67
  249954.303     0.968750        18439        32.00
  250871.807     0.971875        18496        35.56
  251789.311     0.975000        18557        40.00
  252575.743     0.978125        18613        45.71
  253493.247     0.981250        18675        53.33
  254410.751     0.984375        18735        64.00
  254803.967     0.985938        18763        71.11
  255328.255     0.987500        18797        80.00
  255721.471     0.989062        18821        91.43
  256245.759     0.990625        18854       106.67
  256770.047     0.992188        18882       128.00
  257032.191     0.992969        18897       142.22
  257294.335     0.993750        18911       160.00
  257687.551     0.994531        18928       182.86
  257949.695     0.995313        18943       213.33
  258342.911     0.996094        18958       256.00
  258605.055     0.996484        18965       284.44
  258736.127     0.996875        18970       320.00
  258998.271     0.997266        18984       365.71
  259129.343     0.997656        18988       426.67
  259391.487     0.998047        18993       512.00
  259522.559     0.998242        18997       568.89
  259784.703     0.998437        19003       640.00
  259784.703     0.998633        19003       731.43
  260177.919     0.998828        19009       853.33
  260308.991     0.999023        19011      1024.00
  260571.135     0.999121        19014      1137.78
  260702.207     0.999219        19016      1280.00
  260702.207     0.999316        19016      1462.86
  261095.423     0.999414        19019      1706.67
  261357.567     0.999512        19020      2048.00
  261488.639     0.999561        19021      2275.56
  261619.711     0.999609        19023      2560.00
  261619.711     0.999658        19023      2925.71
  261750.783     0.999707        19024      3413.33
  262012.927     0.999756        19026      4096.00
  262012.927     0.999780        19026      4551.11
  262012.927     0.999805        19026      5120.00
  262012.927     0.999829        19026      5851.43
  262275.071     0.999854        19027      6826.67
  262275.071     0.999878        19027      8192.00
  262275.071     0.999890        19027      9102.22
  262406.143     0.999902        19028     10240.00
  262406.143     0.999915        19028     11702.86
  262406.143     0.999927        19028     13653.33
  262406.143     0.999939        19028     16384.00
  262406.143     0.999945        19028     18204.44
  262668.287     0.999951        19029     20480.00
  262668.287     1.000000        19029          inf
#[Mean    =   134801.815, StdDeviation   =    72087.228]
#[Max     =   262537.216, Total count    =        19029]
#[Buckets =           27, SubBuckets     =         2048]
-----------------------------------------------------------------------
  20190 requests in 5.00m, 5.47MB read
Requests/sec:     67.29  
Transfer/sec:     18.67KB
Running 5m test @ http://nginx-thrift.social-network2.svc.cluster.local:8080/wrk2-api/home-timeline/read
  2 threads and 50 connections

  Thread calibration: mean lat.: 3459.067ms, rate sampling interval: 15671ms
  Thread calibration: mean lat.: 3410.349ms, rate sampling interval: 15679ms

-----------------------------------------------------------------------
Test Results @ http://nginx-thrift.social-network2.svc.cluster.local:8080/wrk2-api/home-timeline/read 
  Thread Stats   Avg      Stdev     99%   +/- Stdev
    Latency     2.23m     1.23m    4.33m    57.75%
    Req/Sec    30.92      2.38    35.00     86.11%
  Latency Distribution (HdrHistogram - Recorded Latency)
 50.000%    2.22m 
 75.000%    3.29m 
 90.000%    3.94m 
 99.000%    4.33m 
 99.900%    4.40m 
 99.990%    4.42m 
 99.999%    4.44m 
100.000%    4.44m 

  Detailed Percentile spectrum:
       Value   Percentile   TotalCount 1/(1-Percentile)

    6991.871     0.000000            1         1.00
   33193.983     0.100000         1819         1.11
   58130.431     0.200000         3642         1.25
   82378.751     0.300000         5457         1.43
  106823.679     0.400000         7279         1.67
  133038.079     0.500000         9097         2.00
  145752.063     0.550000        10012         2.22
  158859.263     0.600000        10915         2.50
  171704.319     0.650000        11829         2.86
  183894.015     0.700000        12739         3.33
  197132.287     0.750000        13642         4.00
  204603.391     0.775000        14099         4.44
  211025.919     0.800000        14551         5.00
  218628.095     0.825000        15010         5.71
  225181.695     0.850000        15471         6.67
  230686.719     0.875000        15916         8.00
  233439.231     0.887500        16145         8.89
  236322.815     0.900000        16375        10.00
  239468.543     0.912500        16602        11.43
  242614.271     0.925000        16829        13.33
  245628.927     0.937500        17062        16.00
  247070.719     0.943750        17168        17.78
  248643.583     0.950000        17286        20.00
  250216.447     0.956250        17398        22.86
  251789.311     0.962500        17511        26.67
  253362.175     0.968750        17623        32.00
  254148.607     0.971875        17677        35.56
  255066.111     0.975000        17737        40.00
  255983.615     0.978125        17801        45.71
  256770.047     0.981250        17848        53.33
  257687.551     0.984375        17906        64.00
  258211.839     0.985938        17934        71.11
  258736.127     0.987500        17965        80.00
  259260.415     0.989062        17993        91.43
  259915.775     0.990625        18024       106.67
  260308.991     0.992188        18051       128.00
  260571.135     0.992969        18064       142.22
  260964.351     0.993750        18082       160.00
  261095.423     0.994531        18089       182.86
  261488.639     0.995313        18104       213.33
  261881.855     0.996094        18117       256.00
  262143.999     0.996484        18128       284.44
  262406.143     0.996875        18133       320.00
  262537.215     0.997266        18140       365.71
  262799.359     0.997656        18147       426.67
  263061.503     0.998047        18153       512.00
  263192.575     0.998242        18159       568.89
  263323.647     0.998437        18161       640.00
  263716.863     0.998633        18168       731.43
  263716.863     0.998828        18168       853.33
  263847.935     0.999023        18171      1024.00
  264241.151     0.999121        18174      1137.78
  264241.151     0.999219        18174      1280.00
  264372.223     0.999316        18177      1462.86
  264503.295     0.999414        18178      1706.67
  264896.511     0.999512        18180      2048.00
  265027.583     0.999561        18181      2275.56
  265027.583     0.999609        18181      2560.00
  265158.655     0.999658        18185      2925.71
  265158.655     0.999707        18185      3413.33
  265158.655     0.999756        18185      4096.00
  265158.655     0.999780        18185      4551.11
  265158.655     0.999805        18185      5120.00
  265158.655     0.999829        18185      5851.43
  265420.799     0.999854        18186      6826.67
  265420.799     0.999878        18186      8192.00
  265814.015     0.999890        18187      9102.22
  265814.015     0.999902        18187     10240.00
  265814.015     0.999915        18187     11702.86
  265814.015     0.999927        18187     13653.33
  265814.015     0.999939        18187     16384.00
  266338.303     0.999945        18188     18204.44
  266338.303     1.000000        18188          inf
#[Mean    =   133823.481, StdDeviation   =    73593.221]
#[Max     =   266207.232, Total count    =        18188]
#[Buckets =           27, SubBuckets     =         2048]
-----------------------------------------------------------------------
  18901 requests in 5.00m, 5.14MB read
Requests/sec:     62.99  
Transfer/sec:     17.54KB
Running 5m test @ http://nginx-thrift.social-network3.svc.cluster.local:8080/wrk2-api/home-timeline/read
  2 threads and 50 connections

  Thread calibration: mean lat.: 1775.635ms, rate sampling interval: 9584ms
  Thread calibration: mean lat.: 1623.184ms, rate sampling interval: 8937ms

-----------------------------------------------------------------------
Test Results @ http://nginx-thrift.social-network3.svc.cluster.local:8080/wrk2-api/home-timeline/read 
  Thread Stats   Avg      Stdev     99%   +/- Stdev
    Latency     2.22m     1.20m    4.30m    58.41%
    Req/Sec    30.29      3.38    39.00     83.87%
  Latency Distribution (HdrHistogram - Recorded Latency)
 50.000%    2.24m 
 75.000%    3.21m 
 90.000%    3.88m 
 99.000%    4.30m 
 99.900%    4.37m 
 99.990%    4.41m 
 99.999%    4.42m 
100.000%    4.42m 

  Detailed Percentile spectrum:
       Value   Percentile   TotalCount 1/(1-Percentile)

    6299.647     0.000000            1         1.00
   33374.207     0.100000         1788         1.11
   57933.823     0.200000         3577         1.25
   83886.079     0.300000         5364         1.43
  109576.191     0.400000         7152         1.67
  134479.871     0.500000         8941         2.00
  148504.575     0.550000         9834         2.22
  159514.623     0.600000        10730         2.50
  172883.967     0.650000        11624         2.86
  182845.439     0.700000        12526         3.33
  192675.839     0.750000        13408         4.00
  199622.655     0.775000        13857         4.44
  206438.399     0.800000        14308         5.00
  212074.495     0.825000        14747         5.71
  217972.735     0.850000        15207         6.67
  225181.695     0.875000        15641         8.00
  228851.711     0.887500        15868         8.89
  232652.799     0.900000        16093        10.00
  235929.599     0.912500        16314        11.43
  239075.327     0.925000        16540        13.33
  242614.271     0.937500        16767        16.00
  244187.135     0.943750        16873        17.78
  246022.143     0.950000        16986        20.00
  248119.295     0.956250        17098        22.86
  250347.519     0.962500        17207        26.67
  252444.671     0.968750        17319        32.00
  253362.175     0.971875        17376        35.56
  254279.679     0.975000        17440        40.00
  254935.039     0.978125        17485        45.71
  255721.471     0.981250        17545        53.33
  256507.903     0.984375        17600        64.00
  256901.119     0.985938        17627        71.11
  257294.335     0.987500        17652        80.00
  257687.551     0.989062        17681        91.43
  258211.839     0.990625        17715       106.67
  258605.055     0.992188        17737       128.00
  258867.199     0.992969        17752       142.22
  259129.343     0.993750        17764       160.00
  259522.559     0.994531        17786       182.86
  259784.703     0.995313        17795       213.33
  260046.847     0.996094        17807       256.00
  260308.991     0.996484        17815       284.44
  260440.063     0.996875        17820       320.00
  260702.207     0.997266        17829       365.71
  260964.351     0.997656        17837       426.67
  261357.567     0.998047        17843       512.00
  261488.639     0.998242        17846       568.89
  261619.711     0.998437        17851       640.00
  261619.711     0.998633        17851       731.43
  261881.855     0.998828        17855       853.33
  262012.927     0.999023        17858      1024.00
  262275.071     0.999121        17860      1137.78
  262406.143     0.999219        17862      1280.00
  262537.215     0.999316        17864      1462.86
  262930.431     0.999414        17866      1706.67
  263061.503     0.999512        17867      2048.00
  263323.647     0.999561        17870      2275.56
  263323.647     0.999609        17870      2560.00
  263323.647     0.999658        17870      2925.71
  263323.647     0.999707        17870      3413.33
  263585.791     0.999756        17871      4096.00
  263979.007     0.999780        17872      4551.11
  263979.007     0.999805        17872      5120.00
  263979.007     0.999829        17872      5851.43
  264372.223     0.999854        17874      6826.67
  264372.223     0.999878        17874      8192.00
  264372.223     0.999890        17874      9102.22
  264372.223     0.999902        17874     10240.00
  264372.223     0.999915        17874     11702.86
  264372.223     0.999927        17874     13653.33
  264372.223     0.999939        17874     16384.00
  265289.727     0.999945        17875     18204.44
  265289.727     1.000000        17875          inf
#[Mean    =   133436.014, StdDeviation   =    72018.611]
#[Max     =   265158.656, Total count    =        17875]
#[Buckets =           27, SubBuckets     =         2048]
-----------------------------------------------------------------------
  19473 requests in 5.00m, 5.30MB read
Requests/sec:     64.90  
Transfer/sec:     18.08KB
Running 10m test @ http://nginx-thrift.social-network.svc.cluster.local:8080/wrk2-api/home-timeline/read
  2 threads and 50 connections

  Thread calibration: mean lat.: 3528.154ms, rate sampling interval: 14360ms
  Thread calibration: mean lat.: 3512.458ms, rate sampling interval: 14245ms

-----------------------------------------------------------------------
Test Results @ http://nginx-thrift.social-network.svc.cluster.local:8080/wrk2-api/home-timeline/read 
  Thread Stats   Avg      Stdev     99%   +/- Stdev
    Latency     4.44m     2.49m    8.65m    57.80%
    Req/Sec    31.38      2.89    38.00     81.71%
  Latency Distribution (HdrHistogram - Recorded Latency)
 50.000%    4.36m 
 75.000%    6.62m 
 90.000%    7.91m 
 99.000%    8.65m 
 99.900%    8.76m 
 99.990%    8.81m 
 99.999%    8.83m 
100.000%    8.83m 

  Detailed Percentile spectrum:
       Value   Percentile   TotalCount 1/(1-Percentile)

    7081.983     0.000000            1         1.00
   58523.647     0.100000         3762         1.11
  114687.999     0.200000         7523         1.25
  163971.071     0.300000        11284         1.43
  214040.575     0.400000        15053         1.67
  261357.567     0.500000        18809         2.00
  288358.399     0.550000        20693         2.22
  316669.951     0.600000        22584         2.50
  343146.495     0.650000        24452         2.86
  368836.607     0.700000        26336         3.33
  397410.303     0.750000        28217         4.00
  410779.647     0.775000        29160         4.44
  426246.143     0.800000        30103         5.00
  438566.911     0.825000        31033         5.71
  452198.399     0.850000        31972         6.67
  463994.879     0.875000        32910         8.00
  469499.903     0.887500        33398         8.89
  474742.783     0.900000        33862        10.00
  480509.951     0.912500        34324        11.43
  486801.407     0.925000        34795        13.33
  493092.863     0.937500        35269        16.00
  497025.023     0.943750        35508        17.78
  501219.327     0.950000        35742        20.00
  504365.055     0.956250        35976        22.86
  507248.639     0.962500        36213        26.67
  509870.079     0.968750        36439        32.00
  511442.943     0.971875        36564        35.56
  512753.663     0.975000        36671        40.00
  514064.383     0.978125        36791        45.71
  515375.103     0.981250        36914        53.33
  516685.823     0.984375        37035        64.00
  517210.111     0.985938        37082        71.11
  517996.543     0.987500        37149        80.00
  518520.831     0.989062        37199        91.43
  519307.263     0.990625        37273       106.67
  520093.695     0.992188        37335       128.00
  520355.839     0.992969        37348       142.22
  520880.127     0.993750        37388       160.00
  521404.415     0.994531        37419       182.86
  521666.559     0.995313        37434       213.33
  522190.847     0.996094        37468       256.00
  522452.991     0.996484        37483       284.44
  522715.135     0.996875        37493       320.00
  523239.423     0.997266        37519       365.71
  523501.567     0.997656        37527       426.67
  524025.855     0.998047        37542       512.00
  524287.999     0.998242        37549       568.89
  524550.143     0.998437        37557       640.00
  524812.287     0.998633        37563       731.43
  525074.431     0.998828        37571       853.33
  525336.575     0.999023        37575      1024.00
  525598.719     0.999121        37581      1137.78
  525598.719     0.999219        37581      1280.00
  526123.007     0.999316        37588      1462.86
  526123.007     0.999414        37588      1706.67
  526385.151     0.999512        37592      2048.00
  526647.295     0.999561        37594      2275.56
  526909.439     0.999609        37597      2560.00
  527171.583     0.999658        37598      2925.71
  527433.727     0.999707        37599      3413.33
  527695.871     0.999756        37602      4096.00
  527695.871     0.999780        37602      4551.11
  527958.015     0.999805        37603      5120.00
  528220.159     0.999829        37605      5851.43
  528220.159     0.999854        37605      6826.67
  528482.303     0.999878        37607      8192.00
  528482.303     0.999890        37607      9102.22
  528482.303     0.999902        37607     10240.00
  528482.303     0.999915        37607     11702.86
  528744.447     0.999927        37608     13653.33
  528744.447     0.999939        37608     16384.00
  528744.447     0.999945        37608     18204.44
  529006.591     0.999951        37609     20480.00
  529006.591     0.999957        37609     23405.71
  529006.591     0.999963        37609     27306.67
  529006.591     0.999969        37609     32768.00
  529006.591     0.999973        37609     36408.89
  529793.023     0.999976        37610     40960.00
  529793.023     1.000000        37610          inf
#[Mean    =   266671.886, StdDeviation   =   149433.698]
#[Max     =   529530.880, Total count    =        37610]
#[Buckets =           27, SubBuckets     =         2048]
-----------------------------------------------------------------------
  38236 requests in 10.00m, 10.36MB read
Requests/sec:     63.72  
Transfer/sec:     17.68KB
Running 10m test @ http://nginx-thrift.social-network2.svc.cluster.local:8080/wrk2-api/home-timeline/read
  2 threads and 50 connections

  Thread calibration: mean lat.: 421.068ms, rate sampling interval: 1700ms
  Thread calibration: mean lat.: 410.186ms, rate sampling interval: 1521ms

-----------------------------------------------------------------------
Test Results @ http://nginx-thrift.social-network2.svc.cluster.local:8080/wrk2-api/home-timeline/read 
  Thread Stats   Avg      Stdev     99%   +/- Stdev
    Latency     4.43m     2.48m    8.57m    57.25%
    Req/Sec    31.08      7.83    53.00     73.30%
  Latency Distribution (HdrHistogram - Recorded Latency)
 50.000%    4.49m 
 75.000%    6.63m 
 90.000%    7.81m 
 99.000%    8.57m 
 99.900%    8.68m 
 99.990%    8.75m 
 99.999%    8.76m 
100.000%    8.76m 

  Detailed Percentile spectrum:
       Value   Percentile   TotalCount 1/(1-Percentile)

    3442.687     0.000000            1         1.00
   56197.119     0.100000         3729         1.11
  113246.207     0.200000         7454         1.25
  164757.503     0.300000        11183         1.43
  216530.943     0.400000        14911         1.67
  269221.887     0.500000        18634         2.00
  291504.127     0.550000        20508         2.22
  315621.375     0.600000        22377         2.50
  342622.207     0.650000        24225         2.86
  369885.183     0.700000        26094         3.33
  397672.447     0.750000        27961         4.00
  411041.791     0.775000        28889         4.44
  423362.559     0.800000        29825         5.00
  434110.463     0.825000        30755         5.71
  444858.367     0.850000        31688         6.67
  455868.415     0.875000        32618         8.00
  462159.871     0.887500        33071         8.89
  468451.327     0.900000        33538        10.00
  474218.495     0.912500        34007        11.43
  480772.095     0.925000        34492        13.33
  487063.551     0.937500        34948        16.00
  489947.135     0.943750        35173        17.78
  492830.719     0.950000        35409        20.00
  496238.591     0.956250        35647        22.86
  499646.463     0.962500        35875        26.67
  502792.191     0.968750        36100        32.00
  504627.199     0.971875        36224        35.56
  506462.207     0.975000        36347        40.00
  508035.071     0.978125        36455        45.71
  509607.935     0.981250        36568        53.33
  511442.943     0.984375        36691        64.00
  512229.375     0.985938        36756        71.11
  513015.807     0.987500        36805        80.00
  513802.239     0.989062        36860        91.43
  514850.815     0.990625        36919       106.67
  515899.391     0.992188        36989       128.00
  516161.535     0.992969        37002       142.22
  516685.823     0.993750        37040       160.00
  517210.111     0.994531        37067       182.86
  517734.399     0.995313        37094       213.33
  518258.687     0.996094        37119       256.00
  518520.831     0.996484        37137       284.44
  518782.975     0.996875        37148       320.00
  519045.119     0.997266        37167       365.71
  519307.263     0.997656        37177       426.67
  519831.551     0.998047        37197       512.00
  520093.695     0.998242        37207       568.89
  520093.695     0.998437        37207       640.00
  520617.983     0.998633        37221       731.43
  520617.983     0.998828        37221       853.33
  520880.127     0.999023        37228      1024.00
  521142.271     0.999121        37236      1137.78
  521142.271     0.999219        37236      1280.00
  521404.415     0.999316        37241      1462.86
  521666.559     0.999414        37245      1706.67
  521666.559     0.999512        37245      2048.00
  522190.847     0.999561        37248      2275.56
  522452.991     0.999609        37251      2560.00
  522452.991     0.999658        37251      2925.71
  523239.423     0.999707        37253      3413.33
  523501.567     0.999756        37255      4096.00
  523501.567     0.999780        37255      4551.11
  523763.711     0.999805        37256      5120.00
  524025.855     0.999829        37257      5851.43
  524550.143     0.999854        37258      6826.67
  524812.287     0.999878        37260      8192.00
  524812.287     0.999890        37260      9102.22
  524812.287     0.999902        37260     10240.00
  524812.287     0.999915        37260     11702.86
  525074.431     0.999927        37261     13653.33
  525074.431     0.999939        37261     16384.00
  525074.431     0.999945        37261     18204.44
  525598.719     0.999951        37262     20480.00
  525598.719     0.999957        37262     23405.71
  525598.719     0.999963        37262     27306.67
  525598.719     0.999969        37262     32768.00
  525598.719     0.999973        37262     36408.89
  525860.863     0.999976        37263     40960.00
  525860.863     1.000000        37263          inf
#[Mean    =   265670.585, StdDeviation   =   148698.534]
#[Max     =   525598.720, Total count    =        37263]
#[Buckets =           27, SubBuckets     =         2048]
-----------------------------------------------------------------------
  40030 requests in 10.00m, 10.89MB read
Requests/sec:     66.71  
Transfer/sec:     18.58KB
Running 10m test @ http://nginx-thrift.social-network3.svc.cluster.local:8080/wrk2-api/home-timeline/read
  2 threads and 50 connections

  Thread calibration: mean lat.: 2680.851ms, rate sampling interval: 13303ms
  Thread calibration: mean lat.: 2757.040ms, rate sampling interval: 13582ms

-----------------------------------------------------------------------
Test Results @ http://nginx-thrift.social-network3.svc.cluster.local:8080/wrk2-api/home-timeline/read 
  Thread Stats   Avg      Stdev     99%   +/- Stdev
    Latency     4.47m     2.53m    8.78m    57.36%
    Req/Sec    27.39      2.76    35.00     90.80%
  Latency Distribution (HdrHistogram - Recorded Latency)
 50.000%    4.43m 
 75.000%    6.70m 
 90.000%    7.95m 
 99.000%    8.78m 
 99.900%    8.90m 
 99.990%    8.96m 
 99.999%    9.00m 
100.000%    9.00m 

  Detailed Percentile spectrum:
       Value   Percentile   TotalCount 1/(1-Percentile)

    6590.463     0.000000            1         1.00
   60915.711     0.100000         3291         1.11
  107610.111     0.200000         6579         1.25
  161349.631     0.300000         9874         1.43
  215351.295     0.400000        13158         1.67
  265551.871     0.500000        16454         2.00
  293863.423     0.550000        18099         2.22
  322437.119     0.600000        19743         2.50
  348913.663     0.650000        21391         2.86
  375652.351     0.700000        23034         3.33
  402128.895     0.750000        24675         4.00
  413925.375     0.775000        25506         4.44
  424148.991     0.800000        26315         5.00
  438566.911     0.825000        27142         5.71
  452198.399     0.850000        27976         6.67
  463732.735     0.875000        28782         8.00
  470548.479     0.887500        29197         8.89
  476839.935     0.900000        29607        10.00
  483393.535     0.912500        30020        11.43
  490209.279     0.925000        30428        13.33
  499646.463     0.937500        30840        16.00
  503316.479     0.943750        31054        17.78
  506462.207     0.950000        31263        20.00
  509607.935     0.956250        31457        22.86
  512753.663     0.962500        31671        26.67
  515899.391     0.968750        31864        32.00
  517472.255     0.971875        31967        35.56
  519307.263     0.975000        32073        40.00
  520880.127     0.978125        32185        45.71
  522452.991     0.981250        32285        53.33
  523763.711     0.984375        32378        64.00
  524550.143     0.985938        32435        71.11
  525336.575     0.987500        32481        80.00
  526123.007     0.989062        32540        91.43
  526909.439     0.990625        32584       106.67
  527958.015     0.992188        32643       128.00
  528220.159     0.992969        32660       142.22
  528744.447     0.993750        32686       160.00
  529268.735     0.994531        32715       182.86
  529793.023     0.995313        32737       213.33
  530579.455     0.996094        32766       256.00
  530841.599     0.996484        32776       284.44
  531103.743     0.996875        32791       320.00
  531628.031     0.997266        32804       365.71
  532152.319     0.997656        32821       426.67
  532414.463     0.998047        32831       512.00
  532676.607     0.998242        32840       568.89
  532676.607     0.998437        32840       640.00
  533200.895     0.998633        32849       731.43
  533725.183     0.998828        32854       853.33
  533987.327     0.999023        32860      1024.00
  534249.471     0.999121        32863      1137.78
  534511.615     0.999219        32867      1280.00
  534773.759     0.999316        32871      1462.86
  535035.903     0.999414        32873      1706.67
  535298.047     0.999512        32875      2048.00
  535560.191     0.999561        32878      2275.56
  535822.335     0.999609        32881      2560.00
  535822.335     0.999658        32881      2925.71
  536346.623     0.999707        32885      3413.33
  536346.623     0.999756        32885      4096.00
  536346.623     0.999780        32885      4551.11
  536346.623     0.999805        32885      5120.00
  536608.767     0.999829        32886      5851.43
  537395.199     0.999854        32888      6826.67
  537395.199     0.999878        32888      8192.00
  537395.199     0.999890        32888      9102.22
  537395.199     0.999902        32888     10240.00
  538443.775     0.999915        32889     11702.86
  538443.775     0.999927        32889     13653.33
  538443.775     0.999939        32889     16384.00
  539492.351     0.999945        32890     18204.44
  539492.351     0.999951        32890     20480.00
  539492.351     0.999957        32890     23405.71
  539492.351     0.999963        32890     27306.67
  539492.351     0.999969        32890     32768.00
  540016.639     0.999973        32891     36408.89
  540016.639     1.000000        32891          inf
#[Mean    =   267933.927, StdDeviation   =   151955.940]
#[Max     =   539492.352, Total count    =        32891]
#[Buckets =           27, SubBuckets     =         2048]
-----------------------------------------------------------------------
  33889 requests in 10.00m, 9.22MB read
Requests/sec:     56.48  
Transfer/sec:     15.74KB
Running command1: /home/ubuntu/DeathStarBench/wrk2/wrk -D exp -t2 -c50 -d1m -L -s /home/ubuntu/DeathStarBench/socialNetwork/wrk2/scripts/social-network/read-home-timeline.lua http://nginx-thrift.social-network.svc.cluster.local:8080/wrk2-api/home-timeline/read -R300
Running command2: /home/ubuntu/DeathStarBench/wrk2/wrk -D exp -t2 -c50 -d1m -L -s /home/ubuntu/DeathStarBench/socialNetwork/wrk2/scripts/social-network/read-home-timeline.lua http://nginx-thrift.social-network2.svc.cluster.local:8080/wrk2-api/home-timeline/read -R300
Running command3: /home/ubuntu/DeathStarBench/wrk2/wrk -D exp -t2 -c50 -d1m -L -s /home/ubuntu/DeathStarBench/socialNetwork/wrk2/scripts/social-network/read-home-timeline.lua http://nginx-thrift.social-network3.svc.cluster.local:8080/wrk2-api/home-timeline/read -R300
Done
Running command1: /home/ubuntu/DeathStarBench/wrk2/wrk -D exp -t2 -c50 -d5m -L -s /home/ubuntu/DeathStarBench/socialNetwork/wrk2/scripts/social-network/read-home-timeline.lua http://nginx-thrift.social-network.svc.cluster.local:8080/wrk2-api/home-timeline/read -R300
Running command2: /home/ubuntu/DeathStarBench/wrk2/wrk -D exp -t2 -c50 -d5m -L -s /home/ubuntu/DeathStarBench/socialNetwork/wrk2/scripts/social-network/read-home-timeline.lua http://nginx-thrift.social-network2.svc.cluster.local:8080/wrk2-api/home-timeline/read -R300
Running command3: /home/ubuntu/DeathStarBench/wrk2/wrk -D exp -t2 -c50 -d5m -L -s /home/ubuntu/DeathStarBench/socialNetwork/wrk2/scripts/social-network/read-home-timeline.lua http://nginx-thrift.social-network3.svc.cluster.local:8080/wrk2-api/home-timeline/read -R300
Done
Running command1: /home/ubuntu/DeathStarBench/wrk2/wrk -D exp -t2 -c50 -d10m -L -s /home/ubuntu/DeathStarBench/socialNetwork/wrk2/scripts/social-network/read-home-timeline.lua http://nginx-thrift.social-network.svc.cluster.local:8080/wrk2-api/home-timeline/read -R300
Running command2: /home/ubuntu/DeathStarBench/wrk2/wrk -D exp -t2 -c50 -d10m -L -s /home/ubuntu/DeathStarBench/socialNetwork/wrk2/scripts/social-network/read-home-timeline.lua http://nginx-thrift.social-network2.svc.cluster.local:8080/wrk2-api/home-timeline/read -R300
Running command3: /home/ubuntu/DeathStarBench/wrk2/wrk -D exp -t2 -c50 -d10m -L -s /home/ubuntu/DeathStarBench/socialNetwork/wrk2/scripts/social-network/read-home-timeline.lua http://nginx-thrift.social-network3.svc.cluster.local:8080/wrk2-api/home-timeline/read -R300
Done
Running command1: /home/ubuntu/DeathStarBench/wrk2/wrk -D exp -t2 -c50 -d1m -L -s /home/ubuntu/DeathStarBench/socialNetwork/wrk2/scripts/social-network/read-home-timeline.lua http://nginx-thrift.social-network.svc.cluster.local:8080/wrk2-api/home-timeline/read -R500
Running command2: /home/ubuntu/DeathStarBench/wrk2/wrk -D exp -t2 -c50 -d1m -L -s /home/ubuntu/DeathStarBench/socialNetwork/wrk2/scripts/social-network/read-home-timeline.lua http://nginx-thrift.social-network2.svc.cluster.local:8080/wrk2-api/home-timeline/read -R500
Running command3: /home/ubuntu/DeathStarBench/wrk2/wrk -D exp -t2 -c50 -d1m -L -s /home/ubuntu/DeathStarBench/socialNetwork/wrk2/scripts/social-network/read-home-timeline.lua http://nginx-thrift.social-network3.svc.cluster.local:8080/wrk2-api/home-timeline/read -R500
Done
Running command1: /home/ubuntu/DeathStarBench/wrk2/wrk -D exp -t2 -c50 -d5m -L -s /home/ubuntu/DeathStarBench/socialNetwork/wrk2/scripts/social-network/read-home-timeline.lua http://nginx-thrift.social-network.svc.cluster.local:8080/wrk2-api/home-timeline/read -R500
Running command2: /home/ubuntu/DeathStarBench/wrk2/wrk -D exp -t2 -c50 -d5m -L -s /home/ubuntu/DeathStarBench/socialNetwork/wrk2/scripts/social-network/read-home-timeline.lua http://nginx-thrift.social-network2.svc.cluster.local:8080/wrk2-api/home-timeline/read -R500
Running command3: /home/ubuntu/DeathStarBench/wrk2/wrk -D exp -t2 -c50 -d5m -L -s /home/ubuntu/DeathStarBench/socialNetwork/wrk2/scripts/social-network/read-home-timeline.lua http://nginx-thrift.social-network3.svc.cluster.local:8080/wrk2-api/home-timeline/read -R500
Done
Running command1: /home/ubuntu/DeathStarBench/wrk2/wrk -D exp -t2 -c50 -d10m -L -s /home/ubuntu/DeathStarBench/socialNetwork/wrk2/scripts/social-network/read-home-timeline.lua http://nginx-thrift.social-network.svc.cluster.local:8080/wrk2-api/home-timeline/read -R500
Running command2: /home/ubuntu/DeathStarBench/wrk2/wrk -D exp -t2 -c50 -d10m -L -s /home/ubuntu/DeathStarBench/socialNetwork/wrk2/scripts/social-network/read-home-timeline.lua http://nginx-thrift.social-network2.svc.cluster.local:8080/wrk2-api/home-timeline/read -R500
Running command3: /home/ubuntu/DeathStarBench/wrk2/wrk -D exp -t2 -c50 -d10m -L -s /home/ubuntu/DeathStarBench/socialNetwork/wrk2/scripts/social-network/read-home-timeline.lua http://nginx-thrift.social-network3.svc.cluster.local:8080/wrk2-api/home-timeline/read -R500
Done
