nohup: ignoring input
Running 30s test @ http://nginx-thrift.social-network.svc.cluster.local:8080/wrk2-api/post/compose
  2 threads and 100 connections

  Thread calibration: mean lat.: 1829.689ms, rate sampling interval: 8552ms
  Thread calibration: mean lat.: 1450.152ms, rate sampling interval: 6893ms

-----------------------------------------------------------------------
Test Results @ http://nginx-thrift.social-network.svc.cluster.local:8080/wrk2-api/post/compose 
  Thread Stats   Avg      Stdev     99%   +/- Stdev
    Latency   419.42ms   92.05ms 663.55ms   71.60%
    Req/Sec    25.50      3.57    29.00    100.00%
  Latency Distribution (HdrHistogram - Recorded Latency)
 50.000%  399.10ms
 75.000%  471.55ms
 90.000%  571.90ms
 99.000%  663.55ms
 99.900%  695.29ms
 99.990%  701.95ms
 99.999%  701.95ms
100.000%  701.95ms

  Detailed Percentile spectrum:
       Value   Percentile   TotalCount 1/(1-Percentile)

     260.223     0.000000            1         1.00
     317.439     0.100000          100         1.11
     340.223     0.200000          200         1.25
     359.679     0.300000          300         1.43
     383.487     0.400000          401         1.67
     399.103     0.500000          500         2.00
     411.903     0.550000          550         2.22
     428.287     0.600000          600         2.50
     438.271     0.650000          650         2.86
     456.959     0.700000          700         3.33
     471.551     0.750000          752         4.00
     479.487     0.775000          775         4.44
     487.167     0.800000          803         5.00
     495.871     0.825000          826         5.71
     503.807     0.850000          850         6.67
     550.399     0.875000          875         8.00
     564.223     0.887500          889         8.89
     571.903     0.900000          900        10.00
     581.631     0.912500          913        11.43
     586.751     0.925000          927        13.33
     594.943     0.937500          939        16.00
     596.991     0.943750          944        17.78
     600.575     0.950000          951        20.00
     604.671     0.956250          957        22.86
     611.327     0.962500          963        26.67
     618.495     0.968750          970        32.00
     636.927     0.971875          972        35.56
     640.511     0.975000          975        40.00
     647.167     0.978125          980        45.71
     650.239     0.981250          983        53.33
     655.359     0.984375          985        64.00
     656.383     0.985938          986        71.11
     659.455     0.987500          988        80.00
     663.551     0.989062          991        91.43
     663.551     0.990625          991       106.67
     669.183     0.992188          993       128.00
     669.183     0.992969          993       142.22
     671.743     0.993750          994       160.00
     676.863     0.994531          995       182.86
     678.399     0.995313          996       213.33
     689.151     0.996094          997       256.00
     689.151     0.996484          997       284.44
     689.151     0.996875          997       320.00
     689.663     0.997266          998       365.71
     689.663     0.997656          998       426.67
     695.295     0.998047          999       512.00
     695.295     0.998242          999       568.89
     695.295     0.998437          999       640.00
     695.295     0.998633          999       731.43
     695.295     0.998828          999       853.33
     701.951     0.999023         1000      1024.00
     701.951     1.000000         1000          inf
#[Mean    =      419.424, StdDeviation   =       92.046]
#[Max     =      701.440, Total count    =         1000]
#[Buckets =           27, SubBuckets     =         2048]
-----------------------------------------------------------------------
  1400 requests in 30.06s, 410.28KB read
  Socket errors: connect 0, read 0, write 0, timeout 52
Requests/sec:     46.58  
Transfer/sec:     13.65KB
Running 30s test @ http://nginx-thrift.social-network.svc.cluster.local:8080/wrk2-api/post/compose
  2 threads and 100 connections

  Thread calibration: mean lat.: 544.791ms, rate sampling interval: 1512ms
  Thread calibration: mean lat.: 544.967ms, rate sampling interval: 1503ms

-----------------------------------------------------------------------
Test Results @ http://nginx-thrift.social-network.svc.cluster.local:8080/wrk2-api/post/compose 
  Thread Stats   Avg      Stdev     99%   +/- Stdev
    Latency   518.06ms  103.92ms 802.30ms   69.55%
    Req/Sec    50.50     11.62    66.00     61.54%
  Latency Distribution (HdrHistogram - Recorded Latency)
 50.000%  509.95ms
 75.000%  572.41ms
 90.000%  665.60ms
 99.000%  802.30ms
 99.900%  853.50ms
 99.990%  861.70ms
 99.999%  861.70ms
100.000%  861.70ms

  Detailed Percentile spectrum:
       Value   Percentile   TotalCount 1/(1-Percentile)

     288.255     0.000000            1         1.00
     391.167     0.100000          200         1.11
     432.639     0.200000          402         1.25
     462.079     0.300000          601         1.43
     487.679     0.400000          803         1.67
     509.951     0.500000         1000         2.00
     521.471     0.550000         1102         2.22
     531.967     0.600000         1202         2.50
     544.767     0.650000         1304         2.86
     558.591     0.700000         1402         3.33
     572.415     0.750000         1500         4.00
     582.143     0.775000         1551         4.44
     590.335     0.800000         1605         5.00
     602.623     0.825000         1652         5.71
     623.103     0.850000         1701         6.67
     639.999     0.875000         1751         8.00
     654.335     0.887500         1777         8.89
     665.599     0.900000         1800        10.00
     678.911     0.912500         1826        11.43
     693.759     0.925000         1850        13.33
     708.607     0.937500         1875        16.00
     712.703     0.943750         1888        17.78
     718.847     0.950000         1900        20.00
     723.455     0.956250         1914        22.86
     724.991     0.962500         1926        26.67
     732.159     0.968750         1938        32.00
     745.471     0.971875         1944        35.56
     750.591     0.975000         1952        40.00
     753.663     0.978125         1957        45.71
     771.583     0.981250         1964        53.33
     782.335     0.984375         1969        64.00
     785.919     0.985938         1972        71.11
     790.527     0.987500         1975        80.00
     800.255     0.989062         1979        91.43
     805.887     0.990625         1982       106.67
     809.983     0.992188         1985       128.00
     812.543     0.992969         1986       142.22
     818.687     0.993750         1988       160.00
     820.735     0.994531         1990       182.86
     822.271     0.995313         1991       213.33
     834.047     0.996094         1993       256.00
     834.047     0.996484         1993       284.44
     846.335     0.996875         1995       320.00
     846.335     0.997266         1995       365.71
     851.455     0.997656         1996       426.67
     851.967     0.998047         1997       512.00
     851.967     0.998242         1997       568.89
     851.967     0.998437         1997       640.00
     853.503     0.998633         1998       731.43
     853.503     0.998828         1998       853.33
     856.575     0.999023         1999      1024.00
     856.575     0.999121         1999      1137.78
     856.575     0.999219         1999      1280.00
     856.575     0.999316         1999      1462.86
     856.575     0.999414         1999      1706.67
     861.695     0.999512         2000      2048.00
     861.695     1.000000         2000          inf
#[Mean    =      518.061, StdDeviation   =      103.924]
#[Max     =      861.184, Total count    =         2000]
#[Buckets =           27, SubBuckets     =         2048]
-----------------------------------------------------------------------
  2900 requests in 30.05s, 849.61KB read
Requests/sec:     96.50  
Transfer/sec:     28.27KB
Running 30s test @ http://nginx-thrift.social-network.svc.cluster.local:8080/wrk2-api/post/compose
  2 threads and 100 connections

  Thread calibration: mean lat.: 543.930ms, rate sampling interval: 1453ms
  Thread calibration: mean lat.: 546.604ms, rate sampling interval: 1445ms

-----------------------------------------------------------------------
Test Results @ http://nginx-thrift.social-network.svc.cluster.local:8080/wrk2-api/post/compose 
  Thread Stats   Avg      Stdev     99%   +/- Stdev
    Latency   832.44ms  274.73ms   1.59s    66.25%
    Req/Sec   100.81     13.42   143.00     73.08%
  Latency Distribution (HdrHistogram - Recorded Latency)
 50.000%  811.01ms
 75.000%    1.02s 
 90.000%    1.19s 
 99.000%    1.59s 
 99.900%    1.77s 
 99.990%    2.10s 
 99.999%    2.10s 
100.000%    2.10s 

  Detailed Percentile spectrum:
       Value   Percentile   TotalCount 1/(1-Percentile)

     295.423     0.000000            1         1.00
     481.023     0.100000          408         1.11
     578.047     0.200000          818         1.25
     665.087     0.300000         1222         1.43
     741.887     0.400000         1629         1.67
     811.007     0.500000         2036         2.00
     843.775     0.550000         2241         2.22
     877.055     0.600000         2445         2.50
     927.231     0.650000         2648         2.86
     968.703     0.700000         2851         3.33
    1019.903     0.750000         3055         4.00
    1045.503     0.775000         3157         4.44
    1068.031     0.800000         3260         5.00
    1089.535     0.825000         3359         5.71
    1114.111     0.850000         3462         6.67
    1150.975     0.875000         3566         8.00
    1178.623     0.887500         3617         8.89
    1192.959     0.900000         3666        10.00
    1213.439     0.912500         3718        11.43
    1253.375     0.925000         3767        13.33
    1288.191     0.937500         3817        16.00
    1307.647     0.943750         3843        17.78
    1320.959     0.950000         3868        20.00
    1339.391     0.956250         3893        22.86
    1358.847     0.962500         3919        26.67
    1399.807     0.968750         3945        32.00
    1416.191     0.971875         3959        35.56
    1434.623     0.975000         3971        40.00
    1458.175     0.978125         3982        45.71
    1483.775     0.981250         3995        53.33
    1533.951     0.984375         4008        64.00
    1558.527     0.985938         4014        71.11
    1567.743     0.987500         4021        80.00
    1570.815     0.989062         4027        91.43
    1593.343     0.990625         4033       106.67
    1603.583     0.992188         4042       128.00
    1604.607     0.992969         4043       142.22
    1608.703     0.993750         4046       160.00
    1613.823     0.994531         4049       182.86
    1638.399     0.995313         4052       213.33
    1641.471     0.996094         4056       256.00
    1642.495     0.996484         4057       284.44
    1667.071     0.996875         4059       320.00
    1682.431     0.997266         4060       365.71
    1690.623     0.997656         4062       426.67
    1709.055     0.998047         4064       512.00
    1709.055     0.998242         4064       568.89
    1713.151     0.998437         4065       640.00
    1755.135     0.998633         4066       731.43
    1767.423     0.998828         4067       853.33
    1801.215     0.999023         4068      1024.00
    1801.215     0.999121         4068      1137.78
    1801.215     0.999219         4068      1280.00
    1832.959     0.999316         4069      1462.86
    1832.959     0.999414         4069      1706.67
    1905.663     0.999512         4070      2048.00
    1905.663     0.999561         4070      2275.56
    1905.663     0.999609         4070      2560.00
    1905.663     0.999658         4070      2925.71
    1905.663     0.999707         4070      3413.33
    2101.247     0.999756         4071      4096.00
    2101.247     1.000000         4071          inf
#[Mean    =      832.437, StdDeviation   =      274.730]
#[Max     =     2099.200, Total count    =         4071]
#[Buckets =           27, SubBuckets     =         2048]
-----------------------------------------------------------------------
  5878 requests in 30.01s, 1.68MB read
Requests/sec:    195.87  
Transfer/sec:     57.38KB
Running 30s test @ http://nginx-thrift.social-network.svc.cluster.local:8080/wrk2-api/home-timeline/read
  2 threads and 100 connections

  Thread calibration: mean lat.: 321.651ms, rate sampling interval: 1755ms
  Thread calibration: mean lat.: 237.715ms, rate sampling interval: 1106ms

-----------------------------------------------------------------------
Test Results @ http://nginx-thrift.social-network.svc.cluster.local:8080/wrk2-api/home-timeline/read 
  Thread Stats   Avg      Stdev     99%   +/- Stdev
    Latency   137.17ms   97.89ms 587.78ms   87.47%
    Req/Sec   100.14     14.72   133.00     86.21%
  Latency Distribution (HdrHistogram - Recorded Latency)
 50.000%  117.50ms
 75.000%  169.73ms
 90.000%  228.10ms
 99.000%  587.78ms
 99.900%  610.82ms
 99.990%  610.82ms
 99.999%  610.82ms
100.000%  610.82ms

  Detailed Percentile spectrum:
       Value   Percentile   TotalCount 1/(1-Percentile)

      33.311     0.000000            1         1.00
      47.167     0.100000          400         1.11
      60.991     0.200000          802         1.25
      85.503     0.300000         1202         1.43
      99.391     0.400000         1602         1.67
     117.503     0.500000         2000         2.00
     124.991     0.550000         2200         2.22
     134.399     0.600000         2401         2.50
     144.639     0.650000         2601         2.86
     156.927     0.700000         2801         3.33
     169.727     0.750000         3001         4.00
     179.583     0.775000         3101         4.44
     188.671     0.800000         3200         5.00
     198.655     0.825000         3300         5.71
     207.615     0.850000         3400         6.67
     216.831     0.875000         3501         8.00
     221.311     0.887500         3552         8.89
     228.095     0.900000         3600        10.00
     242.175     0.912500         3650        11.43
     246.655     0.925000         3707        13.33
     251.519     0.937500         3750        16.00
     260.991     0.943750         3775        17.78
     275.967     0.950000         3800        20.00
     282.879     0.956250         3827        22.86
     370.431     0.962500         3851        26.67
     397.055     0.968750         3875        32.00
     430.847     0.971875         3888        35.56
     437.759     0.975000         3900        40.00
     539.647     0.978125         3913        45.71
     567.807     0.981250         3925        53.33
     581.119     0.984375         3939        64.00
     586.239     0.985938         3948        71.11
     587.263     0.987500         3953        80.00
     587.775     0.989062         3970        91.43
     587.775     0.990625         3970       106.67
     587.775     0.992188         3970       128.00
     588.287     0.992969         3973       142.22
     590.847     0.993750         3975       160.00
     592.895     0.994531         3979       182.86
     594.431     0.995313         3982       213.33
     595.967     0.996094         3985       256.00
     596.479     0.996484         3986       284.44
     598.015     0.996875         3988       320.00
     600.063     0.997266         3990       365.71
     601.599     0.997656         3991       426.67
     604.159     0.998047         3993       512.00
     604.159     0.998242         3993       568.89
     607.743     0.998437         3994       640.00
     610.303     0.998633         3995       731.43
     610.815     0.998828         4000       853.33
     610.815     1.000000         4000          inf
#[Mean    =      137.171, StdDeviation   =       97.887]
#[Max     =      610.304, Total count    =         4000]
#[Buckets =           27, SubBuckets     =         2048]
-----------------------------------------------------------------------
  5802 requests in 30.04s, 1.57MB read
Requests/sec:    193.15  
Transfer/sec:     53.47KB
Running 30s test @ http://nginx-thrift.social-network.svc.cluster.local:8080/wrk2-api/home-timeline/read
  2 threads and 100 connections

  Thread calibration: mean lat.: 178.468ms, rate sampling interval: 646ms
  Thread calibration: mean lat.: 182.998ms, rate sampling interval: 670ms

-----------------------------------------------------------------------
Test Results @ http://nginx-thrift.social-network.svc.cluster.local:8080/wrk2-api/home-timeline/read 
  Thread Stats   Avg      Stdev     99%   +/- Stdev
    Latency   168.83ms  188.11ms 908.80ms   87.21%
    Req/Sec   252.73     52.74   410.00     76.27%
  Latency Distribution (HdrHistogram - Recorded Latency)
 50.000%   97.21ms
 75.000%  181.12ms
 90.000%  425.73ms
 99.000%  908.80ms
 99.900%    1.19s 
 99.990%    1.25s 
 99.999%    1.26s 
100.000%    1.26s 

  Detailed Percentile spectrum:
       Value   Percentile   TotalCount 1/(1-Percentile)

      32.351     0.000000            1         1.00
      40.223     0.100000         1012         1.11
      50.719     0.200000         2022         1.25
      63.903     0.300000         3030         1.43
      78.975     0.400000         4040         1.67
      97.215     0.500000         5051         2.00
     108.287     0.550000         5557         2.22
     118.591     0.600000         6061         2.50
     134.655     0.650000         6569         2.86
     148.607     0.700000         7072         3.33
     181.119     0.750000         7575         4.00
     211.455     0.775000         7829         4.44
     233.599     0.800000         8083         5.00
     274.431     0.825000         8334         5.71
     321.279     0.850000         8585         6.67
     360.703     0.875000         8838         8.00
     385.535     0.887500         8964         8.89
     425.727     0.900000         9092        10.00
     457.727     0.912500         9219        11.43
     486.655     0.925000         9343        13.33
     515.839     0.937500         9469        16.00
     539.647     0.943750         9532        17.78
     604.671     0.950000         9595        20.00
     641.023     0.956250         9659        22.86
     680.959     0.962500         9722        26.67
     707.071     0.968750         9785        32.00
     731.135     0.971875         9816        35.56
     766.975     0.975000         9848        40.00
     808.959     0.978125         9881        45.71
     833.023     0.981250         9915        53.33
     866.815     0.984375         9944        64.00
     879.103     0.985938         9958        71.11
     885.759     0.987500         9974        80.00
     901.631     0.989062         9990        91.43
     920.063     0.990625        10006       106.67
     937.983     0.992188        10022       128.00
     969.727     0.992969        10029       142.22
    1003.519     0.993750        10038       160.00
    1012.223     0.994531        10045       182.86
    1029.119     0.995313        10053       213.33
    1035.263     0.996094        10062       256.00
    1042.943     0.996484        10065       284.44
    1065.983     0.996875        10071       320.00
    1069.055     0.997266        10074       365.71
    1074.175     0.997656        10078       426.67
    1088.511     0.998047        10081       512.00
    1089.535     0.998242        10084       568.89
    1090.559     0.998437        10085       640.00
    1110.015     0.998633        10087       731.43
    1116.159     0.998828        10089       853.33
    1199.103     0.999023        10091      1024.00
    1206.271     0.999121        10092      1137.78
    1211.391     0.999219        10094      1280.00
    1211.391     0.999316        10094      1462.86
    1232.895     0.999414        10096      1706.67
    1232.895     0.999512        10096      2048.00
    1232.895     0.999561        10096      2275.56
    1233.919     0.999609        10097      2560.00
    1233.919     0.999658        10097      2925.71
    1243.135     0.999707        10098      3413.33
    1243.135     0.999756        10098      4096.00
    1243.135     0.999780        10098      4551.11
    1252.351     0.999805        10099      5120.00
    1252.351     0.999829        10099      5851.43
    1252.351     0.999854        10099      6826.67
    1252.351     0.999878        10099      8192.00
    1252.351     0.999890        10099      9102.22
    1255.423     0.999902        10100     10240.00
    1255.423     1.000000        10100          inf
#[Mean    =      168.833, StdDeviation   =      188.111]
#[Max     =     1254.400, Total count    =        10100]
#[Buckets =           27, SubBuckets     =         2048]
-----------------------------------------------------------------------
  14900 requests in 30.05s, 4.03MB read
Requests/sec:    495.80  
Transfer/sec:    137.21KB
Running 30s test @ http://nginx-thrift.social-network.svc.cluster.local:8080/wrk2-api/home-timeline/read
  2 threads and 100 connections

  Thread calibration: mean lat.: 792.022ms, rate sampling interval: 3293ms
  Thread calibration: mean lat.: 827.619ms, rate sampling interval: 3452ms

-----------------------------------------------------------------------
Test Results @ http://nginx-thrift.social-network.svc.cluster.local:8080/wrk2-api/home-timeline/read 
  Thread Stats   Avg      Stdev     99%   +/- Stdev
    Latency     2.95s   465.88ms   4.22s    69.38%
    Req/Sec   459.45     29.60   515.00     63.64%
  Latency Distribution (HdrHistogram - Recorded Latency)
 50.000%    2.85s 
 75.000%    3.21s 
 90.000%    3.61s 
 99.000%    4.22s 
 99.900%    4.60s 
 99.990%    4.88s 
 99.999%    4.91s 
100.000%    4.91s 

  Detailed Percentile spectrum:
       Value   Percentile   TotalCount 1/(1-Percentile)

    1776.639     0.000000            1         1.00
    2426.879     0.100000         1829         1.11
    2555.903     0.200000         3650         1.25
    2664.447     0.300000         5456         1.43
    2758.655     0.400000         7297         1.67
    2854.911     0.500000         9101         2.00
    2912.255     0.550000        10020         2.22
    2975.743     0.600000        10927         2.50
    3039.231     0.650000        11821         2.86
    3121.151     0.700000        12742         3.33
    3213.311     0.750000        13645         4.00
    3268.607     0.775000        14090         4.44
    3325.951     0.800000        14547         5.00
    3393.535     0.825000        15006         5.71
    3465.215     0.850000        15459         6.67
    3534.847     0.875000        15908         8.00
    3571.711     0.887500        16136         8.89
    3610.623     0.900000        16360        10.00
    3672.063     0.912500        16593        11.43
    3731.455     0.925000        16817        13.33
    3801.087     0.937500        17045        16.00
    3835.903     0.943750        17160        17.78
    3866.623     0.950000        17273        20.00
    3905.535     0.956250        17384        22.86
    3950.591     0.962500        17496        26.67
    4001.791     0.968750        17610        32.00
    4024.319     0.971875        17666        35.56
    4057.087     0.975000        17724        40.00
    4085.759     0.978125        17782        45.71
    4116.479     0.981250        17841        53.33
    4151.295     0.984375        17896        64.00
    4171.775     0.985938        17927        71.11
    4186.111     0.987500        17949        80.00
    4210.687     0.989062        17978        91.43
    4235.263     0.990625        18010       106.67
    4263.935     0.992188        18034       128.00
    4280.319     0.992969        18051       142.22
    4304.895     0.993750        18065       160.00
    4329.471     0.994531        18078       182.86
    4358.143     0.995313        18092       213.33
    4386.815     0.996094        18107       256.00
    4399.103     0.996484        18113       284.44
    4411.391     0.996875        18123       320.00
    4419.583     0.997266        18127       365.71
    4435.967     0.997656        18134       426.67
    4460.543     0.998047        18142       512.00
    4476.927     0.998242        18148       568.89
    4476.927     0.998437        18148       640.00
    4501.503     0.998633        18153       731.43
    4562.943     0.998828        18155       853.33
    4632.575     0.999023        18159      1024.00
    4689.919     0.999121        18161      1137.78
    4694.015     0.999219        18162      1280.00
    4767.743     0.999316        18164      1462.86
    4780.031     0.999414        18166      1706.67
    4808.703     0.999512        18168      2048.00
    4812.799     0.999561        18169      2275.56
    4812.799     0.999609        18169      2560.00
    4816.895     0.999658        18170      2925.71
    4820.991     0.999707        18171      3413.33
    4841.471     0.999756        18172      4096.00
    4866.047     0.999780        18173      4551.11
    4866.047     0.999805        18173      5120.00
    4866.047     0.999829        18173      5851.43
    4878.335     0.999854        18174      6826.67
    4878.335     0.999878        18174      8192.00
    4902.911     0.999890        18175      9102.22
    4902.911     0.999902        18175     10240.00
    4902.911     0.999915        18175     11702.86
    4902.911     0.999927        18175     13653.33
    4902.911     0.999939        18175     16384.00
    4907.007     0.999945        18176     18204.44
    4907.007     1.000000        18176          inf
#[Mean    =     2947.178, StdDeviation   =      465.881]
#[Max     =     4902.912, Total count    =        18176]
#[Buckets =           27, SubBuckets     =         2048]
-----------------------------------------------------------------------
  25990 requests in 30.03s, 7.03MB read
Requests/sec:    865.60  
Transfer/sec:    239.65KB
Running 30s test @ http://nginx-thrift.social-network.svc.cluster.local:8080/wrk2-api/user-timeline/read
  2 threads and 100 connections

  Thread calibration: mean lat.: 191.543ms, rate sampling interval: 835ms
  Thread calibration: mean lat.: 188.226ms, rate sampling interval: 822ms

-----------------------------------------------------------------------
Test Results @ http://nginx-thrift.social-network.svc.cluster.local:8080/wrk2-api/user-timeline/read 
  Thread Stats   Avg      Stdev     99%   +/- Stdev
    Latency   156.82ms  103.78ms 582.66ms   90.31%
    Req/Sec   100.66     18.86   122.00     72.34%
  Latency Distribution (HdrHistogram - Recorded Latency)
 50.000%  134.14ms
 75.000%  183.68ms
 90.000%  255.74ms
 99.000%  582.66ms
 99.900%  726.53ms
 99.990%  750.59ms
 99.999%  750.59ms
100.000%  750.59ms

  Detailed Percentile spectrum:
       Value   Percentile   TotalCount 1/(1-Percentile)

      52.383     0.000000            1         1.00
      64.383     0.100000          400         1.11
      82.751     0.200000          801         1.25
      98.495     0.300000         1200         1.43
     117.631     0.400000         1598         1.67
     134.143     0.500000         2002         2.00
     142.207     0.550000         2200         2.22
     151.167     0.600000         2398         2.50
     161.663     0.650000         2599         2.86
     170.751     0.700000         2798         3.33
     183.679     0.750000         2996         4.00
     191.231     0.775000         3096         4.44
     196.479     0.800000         3196         5.00
     203.007     0.825000         3296         5.71
     210.175     0.850000         3395         6.67
     221.951     0.875000         3495         8.00
     233.983     0.887500         3545         8.89
     255.743     0.900000         3595        10.00
     277.247     0.912500         3645        11.43
     302.847     0.925000         3695        13.33
     343.807     0.937500         3745        16.00
     375.295     0.943750         3770        17.78
     396.287     0.950000         3795        20.00
     417.791     0.956250         3820        22.86
     439.807     0.962500         3845        26.67
     465.663     0.968750         3870        32.00
     478.975     0.971875         3882        35.56
     487.935     0.975000         3895        40.00
     504.063     0.978125         3907        45.71
     520.703     0.981250         3920        53.33
     541.695     0.984375         3932        64.00
     553.983     0.985938         3938        71.11
     568.319     0.987500         3945        80.00
     580.095     0.989062         3951        91.43
     592.383     0.990625         3957       106.67
     603.135     0.992188         3963       128.00
     608.767     0.992969         3966       142.22
     616.447     0.993750         3970       160.00
     628.223     0.994531         3973       182.86
     637.439     0.995313         3976       213.33
     644.607     0.996094         3979       256.00
     661.503     0.996484         3980       284.44
     668.671     0.996875         3982       320.00
     679.935     0.997266         3984       365.71
     687.615     0.997656         3985       426.67
     689.663     0.998047         3987       512.00
     689.663     0.998242         3987       568.89
     699.391     0.998437         3988       640.00
     716.287     0.998633         3989       731.43
     726.527     0.998828         3990       853.33
     731.135     0.999023         3991      1024.00
     731.135     0.999121         3991      1137.78
     731.135     0.999219         3991      1280.00
     731.647     0.999316         3992      1462.86
     731.647     0.999414         3992      1706.67
     741.375     0.999512         3993      2048.00
     741.375     0.999561         3993      2275.56
     741.375     0.999609         3993      2560.00
     741.375     0.999658         3993      2925.71
     741.375     0.999707         3993      3413.33
     750.591     0.999756         3994      4096.00
     750.591     1.000000         3994          inf
#[Mean    =      156.822, StdDeviation   =      103.783]
#[Max     =      750.080, Total count    =         3994]
#[Buckets =           27, SubBuckets     =         2048]
-----------------------------------------------------------------------
  5896 requests in 30.01s, 6.39MB read
Requests/sec:    196.44  
Transfer/sec:    217.92KB
Running 30s test @ http://nginx-thrift.social-network.svc.cluster.local:8080/wrk2-api/user-timeline/read
  2 threads and 100 connections

  Thread calibration: mean lat.: 257.436ms, rate sampling interval: 1036ms
  Thread calibration: mean lat.: 251.055ms, rate sampling interval: 1076ms

-----------------------------------------------------------------------
Test Results @ http://nginx-thrift.social-network.svc.cluster.local:8080/wrk2-api/user-timeline/read 
  Thread Stats   Avg      Stdev     99%   +/- Stdev
    Latency   560.15ms  404.02ms   1.94s    78.57%
    Req/Sec   245.00     32.67   314.00     70.27%
  Latency Distribution (HdrHistogram - Recorded Latency)
 50.000%  437.25ms
 75.000%  743.93ms
 90.000%    1.11s 
 99.000%    1.94s 
 99.900%    2.81s 
 99.990%    2.88s 
 99.999%    2.95s 
100.000%    2.95s 

  Detailed Percentile spectrum:
       Value   Percentile   TotalCount 1/(1-Percentile)

      53.631     0.000000            1         1.00
     179.967     0.100000         1000         1.11
     246.527     0.200000         1996         1.25
     299.263     0.300000         2996         1.43
     363.775     0.400000         3992         1.67
     437.247     0.500000         4992         2.00
     482.303     0.550000         5490         2.22
     532.991     0.600000         5989         2.50
     590.335     0.650000         6485         2.86
     652.799     0.700000         6982         3.33
     743.935     0.750000         7483         4.00
     795.135     0.775000         7733         4.44
     843.775     0.800000         7981         5.00
     897.535     0.825000         8230         5.71
     962.559     0.850000         8478         6.67
    1029.119     0.875000         8729         8.00
    1064.959     0.887500         8852         8.89
    1107.967     0.900000         8977        10.00
    1165.311     0.912500         9102        11.43
    1233.919     0.925000         9226        13.33
    1289.215     0.937500         9351        16.00
    1315.839     0.943750         9414        17.78
    1356.799     0.950000         9476        20.00
    1393.663     0.956250         9540        22.86
    1436.671     0.962500         9600        26.67
    1497.087     0.968750         9663        32.00
    1535.999     0.971875         9697        35.56
    1573.887     0.975000         9725        40.00
    1628.159     0.978125         9756        45.71
    1685.503     0.981250         9787        53.33
    1757.183     0.984375         9819        64.00
    1823.743     0.985938         9835        71.11
    1867.775     0.987500         9850        80.00
    1908.735     0.989062         9865        91.43
    1960.959     0.990625         9881       106.67
    2018.303     0.992188         9897       128.00
    2082.815     0.992969         9904       142.22
    2113.535     0.993750         9912       160.00
    2234.367     0.994531         9920       182.86
    2322.431     0.995313         9928       213.33
    2414.591     0.996094         9936       256.00
    2430.975     0.996484         9939       284.44
    2461.695     0.996875         9943       320.00
    2486.271     0.997266         9947       365.71
    2504.703     0.997656         9951       426.67
    2545.663     0.998047         9956       512.00
    2564.095     0.998242         9957       568.89
    2617.343     0.998437         9960       640.00
    2721.791     0.998633         9961       731.43
    2803.711     0.998828         9963       853.33
    2834.431     0.999023         9965      1024.00
    2844.671     0.999121         9966      1137.78
    2850.815     0.999219         9967      1280.00
    2852.863     0.999316         9968      1462.86
    2854.911     0.999414         9969      1706.67
    2865.151     0.999512         9970      2048.00
    2865.151     0.999561         9970      2275.56
    2867.199     0.999609         9971      2560.00
    2867.199     0.999658         9971      2925.71
    2875.391     0.999707         9972      3413.33
    2875.391     0.999756         9972      4096.00
    2875.391     0.999780         9972      4551.11
    2877.439     0.999805         9973      5120.00
    2877.439     0.999829         9973      5851.43
    2877.439     0.999854         9973      6826.67
    2877.439     0.999878         9973      8192.00
    2877.439     0.999890         9973      9102.22
    2947.071     0.999902         9974     10240.00
    2947.071     1.000000         9974          inf
#[Mean    =      560.147, StdDeviation   =      404.021]
#[Max     =     2945.024, Total count    =         9974]
#[Buckets =           27, SubBuckets     =         2048]
-----------------------------------------------------------------------
  14695 requests in 30.00s, 15.46MB read
Requests/sec:    489.82  
Transfer/sec:    527.53KB
Running 30s test @ http://nginx-thrift.social-network.svc.cluster.local:8080/wrk2-api/user-timeline/read
  2 threads and 100 connections

  Thread calibration: mean lat.: 2303.614ms, rate sampling interval: 8839ms
  Thread calibration: mean lat.: 2322.720ms, rate sampling interval: 8830ms

-----------------------------------------------------------------------
Test Results @ http://nginx-thrift.social-network.svc.cluster.local:8080/wrk2-api/user-timeline/read 
  Thread Stats   Avg      Stdev     99%   +/- Stdev
    Latency    10.19s     3.14s   15.94s    57.75%
    Req/Sec   225.00      6.75   234.00     75.00%
  Latency Distribution (HdrHistogram - Recorded Latency)
 50.000%   10.00s 
 75.000%   12.76s 
 90.000%   14.78s 
 99.000%   15.94s 
 99.900%   16.39s 
 99.990%   16.73s 
 99.999%   16.74s 
100.000%   16.74s 

  Detailed Percentile spectrum:
       Value   Percentile   TotalCount 1/(1-Percentile)

    4378.623     0.000000            1         1.00
    5890.047     0.100000          902         1.11
    6918.143     0.200000         1805         1.25
    8269.823     0.300000         2706         1.43
    9199.615     0.400000         3609         1.67
   10002.431     0.500000         4513         2.00
   10444.799     0.550000         4960         2.22
   10829.823     0.600000         5409         2.50
   11427.839     0.650000         5862         2.86
   12058.623     0.700000         6310         3.33
   12763.135     0.750000         6766         4.00
   13123.583     0.775000         6990         4.44
   13524.991     0.800000         7219         5.00
   13860.863     0.825000         7439         5.71
   14204.927     0.850000         7669         6.67
   14508.031     0.875000         7891         8.00
   14647.295     0.887500         8008         8.89
   14778.367     0.900000         8115        10.00
   14909.439     0.912500         8228        11.43
   15040.511     0.925000         8342        13.33
   15171.583     0.937500         8452        16.00
   15237.119     0.943750         8509        17.78
   15310.847     0.950000         8566        20.00
   15368.191     0.956250         8625        22.86
   15441.919     0.962500         8680        26.67
   15532.031     0.968750         8739        32.00
   15572.991     0.971875         8762        35.56
   15622.143     0.975000         8789        40.00
   15687.679     0.978125         8820        45.71
   15745.023     0.981250         8851        53.33
   15794.175     0.984375         8875        64.00
   15835.135     0.985938         8889        71.11
   15876.095     0.987500         8902        80.00
   15917.055     0.989062         8919        91.43
   15966.207     0.990625         8931       106.67
   16007.167     0.992188         8944       128.00
   16031.743     0.992969         8952       142.22
   16072.703     0.993750         8959       160.00
   16105.471     0.994531         8966       182.86
   16138.239     0.995313         8972       213.33
   16162.815     0.996094         8980       256.00
   16203.775     0.996484         8983       284.44
   16211.967     0.996875         8986       320.00
   16236.543     0.997266         8990       365.71
   16252.927     0.997656         8994       426.67
   16277.503     0.998047         8997       512.00
   16310.271     0.998242         9001       568.89
   16310.271     0.998437         9001       640.00
   16351.231     0.998633         9003       731.43
   16375.807     0.998828         9004       853.33
   16408.575     0.999023         9006      1024.00
   16424.959     0.999121         9007      1137.78
   16424.959     0.999219         9007      1280.00
   16457.727     0.999316         9008      1462.86
   16523.263     0.999414         9009      1706.67
   16556.031     0.999512         9010      2048.00
   16637.951     0.999561         9011      2275.56
   16637.951     0.999609         9011      2560.00
   16637.951     0.999658         9011      2925.71
   16646.143     0.999707         9012      3413.33
   16646.143     0.999756         9012      4096.00
   16728.063     0.999780         9013      4551.11
   16728.063     0.999805         9013      5120.00
   16728.063     0.999829         9013      5851.43
   16728.063     0.999854         9013      6826.67
   16728.063     0.999878         9013      8192.00
   16736.255     0.999890         9014      9102.22
   16736.255     1.000000         9014          inf
#[Mean    =    10185.986, StdDeviation   =     3141.829]
#[Max     =    16728.064, Total count    =         9014]
#[Buckets =           27, SubBuckets     =         2048]
-----------------------------------------------------------------------
  14064 requests in 30.00s, 14.49MB read
Requests/sec:    468.77  
Transfer/sec:    494.71KB
Current Req is: 50 reqs/second
Average Response Time: 725.4979630842045 ms
Average Throughput: 49.44730666666666 requests/second
Current Req is: 100 reqs/second
Average Response Time: 524.2635447839036 ms
Average Throughput: 69.30516 requests/second
Current Req is: 200 reqs/second
Average Response Time: 489.83453201005693 ms
Average Throughput: 135.43333333333334 requests/second
Current Req is: 200 reqs/second
Average Response Time: 359.17003443720927 ms
Average Throughput: 197.93333333333334 requests/second
Current Req is: 500 reqs/second
Average Response Time: 117.99911582001417 ms
Average Throughput: 322.15 requests/second
Current Req is: 1000 reqs/second
Average Response Time: 100.36310114043114 ms
Average Throughput: 650.65 requests/second
Current Req is: 200 reqs/second
Average Response Time: 128.029080453963 ms
Average Throughput: 587.3333333333333 requests/second
Current Req is: 500 reqs/second
Average Response Time: 150.4784560981464 ms
Average Throughput: 314.34999999999997 requests/second
Current Req is: 1000 reqs/second
Average Response Time: 190.77639517101147 ms
Average Throughput: 498.0166666666667 requests/second
