nohup: ignoring input
Running 1m test @ http://nginx-thrift.social-network.svc.cluster.local:8080/wrk2-api/home-timeline/read
  2 threads and 50 connections

  Thread calibration: mean lat.: 4465.449ms, rate sampling interval: 14606ms
  Thread calibration: mean lat.: 4598.188ms, rate sampling interval: 14950ms

-----------------------------------------------------------------------
Test Results @ http://nginx-thrift.social-network.svc.cluster.local:8080/wrk2-api/home-timeline/read 
  Thread Stats   Avg      Stdev     99%   +/- Stdev
    Latency    28.11s    11.12s   47.38s    59.83%
    Req/Sec    32.50      4.72    39.00     83.33%
  Latency Distribution (HdrHistogram - Recorded Latency)
 50.000%   29.56s 
 75.000%   37.09s 
 90.000%   42.43s 
 99.000%   47.38s 
 99.900%   49.35s 
 99.990%   50.63s 
 99.999%   50.63s 
100.000%   50.63s 

  Detailed Percentile spectrum:
       Value   Percentile   TotalCount 1/(1-Percentile)

    7086.079     0.000000            1         1.00
   12296.191     0.100000          326         1.11
   16195.583     0.200000          649         1.25
   19922.943     0.300000          974         1.43
   24772.607     0.400000         1298         1.67
   29556.735     0.500000         1621         2.00
   31981.567     0.550000         1784         2.22
   33587.199     0.600000         1948         2.50
   34799.615     0.650000         2109         2.86
   35913.727     0.700000         2273         3.33
   37093.375     0.750000         2434         4.00
   37814.271     0.775000         2512         4.44
   38600.703     0.800000         2594         5.00
   39485.439     0.825000         2677         5.71
   40435.711     0.850000         2755         6.67
   41353.215     0.875000         2836         8.00
   41877.503     0.887500         2877         8.89
   42434.559     0.900000         2918        10.00
   43089.919     0.912500         2960        11.43
   43581.439     0.925000         2999        13.33
   44105.727     0.937500         3041        16.00
   44466.175     0.943750         3061        17.78
   44728.319     0.950000         3079        20.00
   45023.231     0.956250         3100        22.86
   45383.679     0.962500         3122        26.67
   45809.663     0.968750         3142        32.00
   45907.967     0.971875         3150        35.56
   46071.807     0.975000         3160        40.00
   46366.719     0.978125         3176        45.71
   46497.791     0.981250         3181        53.33
   46858.239     0.984375         3192        64.00
   47022.079     0.985938         3197        71.11
   47153.151     0.987500         3201        80.00
   47316.991     0.989062         3207        91.43
   47448.063     0.990625         3213       106.67
   47579.135     0.992188         3217       128.00
   47644.671     0.992969         3220       142.22
   47742.975     0.993750         3221       160.00
   47939.583     0.994531         3225       182.86
   48037.887     0.995313         3228       213.33
   48234.495     0.996094         3230       256.00
   48234.495     0.996484         3230       284.44
   48529.407     0.996875         3231       320.00
   48627.711     0.997266         3233       365.71
   48857.087     0.997656         3234       426.67
   49053.695     0.998047         3235       512.00
   49086.463     0.998242         3236       568.89
   49086.463     0.998437         3236       640.00
   49151.999     0.998633         3237       731.43
   49348.607     0.998828         3238       853.33
   49348.607     0.999023         3238      1024.00
   49446.911     0.999121         3239      1137.78
   49446.911     0.999219         3239      1280.00
   49446.911     0.999316         3239      1462.86
   49676.287     0.999414         3240      1706.67
   49676.287     0.999512         3240      2048.00
   49676.287     0.999561         3240      2275.56
   49676.287     0.999609         3240      2560.00
   49676.287     0.999658         3240      2925.71
   50626.559     0.999707         3241      3413.33
   50626.559     1.000000         3241          inf
#[Mean    =    28110.010, StdDeviation   =    11123.798]
#[Max     =    50593.792, Total count    =         3241]
#[Buckets =           27, SubBuckets     =         2048]
-----------------------------------------------------------------------
  3789 requests in 1.00m, 1.03MB read
  Non-2xx or 3xx responses: 42
Requests/sec:     63.11  
Transfer/sec:     17.56KB
Running 1m test @ http://nginx-thrift.social-network2.svc.cluster.local:8080/wrk2-api/home-timeline/read
  2 threads and 50 connections

  Thread calibration: mean lat.: 1495.935ms, rate sampling interval: 9830ms
  Thread calibration: mean lat.: 1598.431ms, rate sampling interval: 10534ms

-----------------------------------------------------------------------
Test Results @ http://nginx-thrift.social-network2.svc.cluster.local:8080/wrk2-api/home-timeline/read 
  Thread Stats   Avg      Stdev     99%   +/- Stdev
    Latency    23.61s    11.25s   43.91s    55.59%
    Req/Sec    36.33      5.25    45.00     66.67%
  Latency Distribution (HdrHistogram - Recorded Latency)
 50.000%   22.68s 
 75.000%   33.98s 
 90.000%   39.58s 
 99.000%   43.91s 
 99.900%   45.22s 
 99.990%   45.74s 
 99.999%   45.74s 
100.000%   45.74s 

  Detailed Percentile spectrum:
       Value   Percentile   TotalCount 1/(1-Percentile)

    4964.351     0.000000            1         1.00
    9248.767     0.100000          369         1.11
   11943.935     0.200000          734         1.25
   14835.711     0.300000         1098         1.43
   19005.439     0.400000         1463         1.67
   22675.455     0.500000         1830         2.00
   24461.311     0.550000         2014         2.22
   26329.087     0.600000         2195         2.50
   28737.535     0.650000         2379         2.86
   31277.055     0.700000         2565         3.33
   33980.415     0.750000         2743         4.00
   35160.063     0.775000         2835         4.44
   36208.639     0.800000         2927         5.00
   37158.911     0.825000         3022         5.71
   37978.111     0.850000         3111         6.67
   38797.311     0.875000         3200         8.00
   39256.063     0.887500         3251         8.89
   39583.743     0.900000         3292        10.00
   40075.263     0.912500         3340        11.43
   40632.319     0.925000         3387        13.33
   41156.607     0.937500         3432        16.00
   41418.751     0.943750         3453        17.78
   41779.199     0.950000         3477        20.00
   42008.575     0.956250         3502        22.86
   42270.719     0.962500         3522        26.67
   42598.399     0.968750         3544        32.00
   42762.239     0.971875         3558        35.56
   42827.775     0.975000         3566        40.00
   43122.687     0.978125         3578        45.71
   43253.759     0.981250         3589        53.33
   43450.367     0.984375         3600        64.00
   43548.671     0.985938         3606        71.11
   43646.975     0.987500         3612        80.00
   43843.583     0.989062         3618        91.43
   43974.655     0.990625         3623       106.67
   44072.959     0.992188         3630       128.00
   44105.727     0.992969         3632       142.22
   44269.567     0.993750         3636       160.00
   44335.103     0.994531         3638       182.86
   44367.871     0.995313         3640       213.33
   44531.711     0.996094         3643       256.00
   44564.479     0.996484         3645       284.44
   44695.551     0.996875         3646       320.00
   44892.159     0.997266         3649       365.71
   44892.159     0.997656         3649       426.67
   44924.927     0.998047         3650       512.00
   45023.231     0.998242         3651       568.89
   45187.071     0.998437         3652       640.00
   45219.839     0.998633         3654       731.43
   45219.839     0.998828         3654       853.33
   45219.839     0.999023         3654      1024.00
   45219.839     0.999121         3654      1137.78
   45481.983     0.999219         3655      1280.00
   45481.983     0.999316         3655      1462.86
   45481.983     0.999414         3655      1706.67
   45744.127     0.999512         3657      2048.00
   45744.127     1.000000         3657          inf
#[Mean    =    23611.995, StdDeviation   =    11250.531]
#[Max     =    45711.360, Total count    =         3657]
#[Buckets =           27, SubBuckets     =         2048]
-----------------------------------------------------------------------
  4781 requests in 1.00m, 1.30MB read
  Non-2xx or 3xx responses: 26
Requests/sec:     79.65  
Transfer/sec:     22.20KB
Running 1m test @ http://nginx-thrift.social-network3.svc.cluster.local:8080/wrk2-api/home-timeline/read
  2 threads and 50 connections

  Thread calibration: mean lat.: 1306.396ms, rate sampling interval: 7041ms
  Thread calibration: mean lat.: 1345.850ms, rate sampling interval: 7360ms

-----------------------------------------------------------------------
Test Results @ http://nginx-thrift.social-network3.svc.cluster.local:8080/wrk2-api/home-timeline/read 
  Thread Stats   Avg      Stdev     99%   +/- Stdev
    Latency    12.59s     3.90s   19.81s    63.13%
    Req/Sec   126.38     77.60   231.00     30.77%
  Latency Distribution (HdrHistogram - Recorded Latency)
 50.000%   12.83s 
 75.000%   15.71s 
 90.000%   17.68s 
 99.000%   19.81s 
 99.900%   20.50s 
 99.990%   20.59s 
 99.999%   20.61s 
100.000%   20.61s 

  Detailed Percentile spectrum:
       Value   Percentile   TotalCount 1/(1-Percentile)

    1333.247     0.000000            1         1.00
    7110.655     0.100000         1216         1.11
    8855.551     0.200000         2429         1.25
   10395.647     0.300000         3650         1.43
   11608.063     0.400000         4860         1.67
   12828.671     0.500000         6073         2.00
   13443.071     0.550000         6677         2.22
   13991.935     0.600000         7293         2.50
   14573.567     0.650000         7896         2.86
   15122.431     0.700000         8502         3.33
   15712.255     0.750000         9105         4.00
   15990.783     0.775000         9415         4.44
   16261.119     0.800000         9721         5.00
   16564.223     0.825000        10023         5.71
   16941.055     0.850000        10330         6.67
   17285.119     0.875000        10625         8.00
   17481.727     0.887500        10780         8.89
   17678.335     0.900000        10933        10.00
   17874.943     0.912500        11083        11.43
   18087.935     0.925000        11237        13.33
   18350.079     0.937500        11385        16.00
   18448.383     0.943750        11460        17.78
   18563.071     0.950000        11544        20.00
   18644.991     0.956250        11610        22.86
   18743.295     0.962500        11695        26.67
   18874.367     0.968750        11767        32.00
   18956.287     0.971875        11802        35.56
   19038.207     0.975000        11843        40.00
   19152.895     0.978125        11876        45.71
   19283.967     0.981250        11914        53.33
   19447.807     0.984375        11956        64.00
   19529.727     0.985938        11971        71.11
   19644.415     0.987500        11992        80.00
   19742.719     0.989062        12009        91.43
   19841.023     0.990625        12027       106.67
   19922.943     0.992188        12052       128.00
   19955.711     0.992969        12057       142.22
   19988.479     0.993750        12066       160.00
   20037.631     0.994531        12075       182.86
   20086.783     0.995313        12085       213.33
   20185.087     0.996094        12094       256.00
   20234.239     0.996484        12100       284.44
   20267.007     0.996875        12104       320.00
   20332.543     0.997266        12108       365.71
   20381.695     0.997656        12115       426.67
   20398.079     0.998047        12118       512.00
   20414.463     0.998242        12119       568.89
   20430.847     0.998437        12122       640.00
   20479.999     0.998633        12125       731.43
   20496.383     0.998828        12128       853.33
   20512.767     0.999023        12130      1024.00
   20512.767     0.999121        12130      1137.78
   20529.151     0.999219        12131      1280.00
   20545.535     0.999316        12133      1462.86
   20545.535     0.999414        12133      1706.67
   20578.303     0.999512        12138      2048.00
   20578.303     0.999561        12138      2275.56
   20578.303     0.999609        12138      2560.00
   20578.303     0.999658        12138      2925.71
   20578.303     0.999707        12138      3413.33
   20578.303     0.999756        12138      4096.00
   20578.303     0.999780        12138      4551.11
   20578.303     0.999805        12138      5120.00
   20578.303     0.999829        12138      5851.43
   20594.687     0.999854        12139      6826.67
   20594.687     0.999878        12139      8192.00
   20594.687     0.999890        12139      9102.22
   20594.687     0.999902        12139     10240.00
   20594.687     0.999915        12139     11702.86
   20611.071     0.999927        12140     13653.33
   20611.071     1.000000        12140          inf
#[Mean    =    12587.934, StdDeviation   =     3897.989]
#[Max     =    20594.688, Total count    =        12140]
#[Buckets =           27, SubBuckets     =         2048]
-----------------------------------------------------------------------
  13550 requests in 1.00m, 3.68MB read
Requests/sec:    225.81  
Transfer/sec:     62.74KB
Running 5m test @ http://nginx-thrift.social-network.svc.cluster.local:8080/wrk2-api/home-timeline/read
  2 threads and 50 connections

  Thread calibration: mean lat.: 3306.872ms, rate sampling interval: 12918ms
  Thread calibration: mean lat.: 3225.982ms, rate sampling interval: 13008ms

-----------------------------------------------------------------------
Test Results @ http://nginx-thrift.social-network.svc.cluster.local:8080/wrk2-api/home-timeline/read 
  Thread Stats   Avg      Stdev     99%   +/- Stdev
    Latency     1.96m     1.12m    3.91m    57.37%
    Req/Sec    31.23      3.82    38.00     81.82%
  Latency Distribution (HdrHistogram - Recorded Latency)
 50.000%    1.89m 
 75.000%    2.94m 
 90.000%    3.55m 
 99.000%    3.91m 
 99.900%    3.98m 
 99.990%    4.02m 
 99.999%    4.04m 
100.000%    4.04m 

  Detailed Percentile spectrum:
       Value   Percentile   TotalCount 1/(1-Percentile)

    6823.935     0.000000            1         1.00
   26689.535     0.100000         1843         1.11
   48267.263     0.200000         3680         1.25
   68747.263     0.300000         5517         1.43
   90046.463     0.400000         7354         1.67
  113246.207     0.500000         9195         2.00
  125698.047     0.550000        10113         2.22
  139722.751     0.600000        11035         2.50
  151519.231     0.650000        11960         2.86
  164626.431     0.700000        12871         3.33
  176685.055     0.750000        13791         4.00
  183238.655     0.775000        14255         4.44
  189530.111     0.800000        14711         5.00
  194641.919     0.825000        15169         5.71
  200015.871     0.850000        15635         6.67
  206438.399     0.875000        16098         8.00
  209453.055     0.887500        16315         8.89
  212729.855     0.900000        16552        10.00
  216006.655     0.912500        16780        11.43
  219545.599     0.925000        17007        13.33
  223084.543     0.937500        17242        16.00
  224526.335     0.943750        17358        17.78
  225837.055     0.950000        17464        20.00
  227147.775     0.956250        17585        22.86
  228327.423     0.962500        17694        26.67
  229507.071     0.968750        17813        32.00
  230162.431     0.971875        17869        35.56
  230817.791     0.975000        17925        40.00
  231473.151     0.978125        17983        45.71
  232259.583     0.981250        18046        53.33
  232914.943     0.984375        18097        64.00
  233177.087     0.985938        18124        71.11
  233701.375     0.987500        18156        80.00
  234225.663     0.989062        18192        91.43
  234618.879     0.990625        18220       106.67
  235012.095     0.992188        18242       128.00
  235274.239     0.992969        18257       142.22
  235536.383     0.993750        18270       160.00
  235929.599     0.994531        18287       182.86
  236191.743     0.995313        18298       213.33
  236716.031     0.996094        18314       256.00
  236847.103     0.996484        18321       284.44
  236978.175     0.996875        18325       320.00
  237371.391     0.997266        18334       365.71
  237633.535     0.997656        18342       426.67
  238026.751     0.998047        18348       512.00
  238157.823     0.998242        18350       568.89
  238419.967     0.998437        18358       640.00
  238419.967     0.998633        18358       731.43
  238551.039     0.998828        18362       853.33
  239075.327     0.999023        18365      1024.00
  239206.399     0.999121        18367      1137.78
  239337.471     0.999219        18370      1280.00
  239337.471     0.999316        18370      1462.86
  239599.615     0.999414        18372      1706.67
  240123.903     0.999512        18375      2048.00
  240123.903     0.999561        18375      2275.56
  240123.903     0.999609        18375      2560.00
  240254.975     0.999658        18376      2925.71
  240517.119     0.999707        18377      3413.33
  240648.191     0.999756        18378      4096.00
  240648.191     0.999780        18378      4551.11
  240910.335     0.999805        18379      5120.00
  240910.335     0.999829        18379      5851.43
  241303.551     0.999854        18380      6826.67
  241303.551     0.999878        18380      8192.00
  241303.551     0.999890        18380      9102.22
  241565.695     0.999902        18381     10240.00
  241565.695     0.999915        18381     11702.86
  241565.695     0.999927        18381     13653.33
  241565.695     0.999939        18381     16384.00
  241565.695     0.999945        18381     18204.44
  242483.199     0.999951        18382     20480.00
  242483.199     1.000000        18382          inf
#[Mean    =   117300.563, StdDeviation   =    67442.144]
#[Max     =   242352.128, Total count    =        18382]
#[Buckets =           27, SubBuckets     =         2048]
-----------------------------------------------------------------------
  19010 requests in 5.00m, 5.15MB read
Requests/sec:     63.37  
Transfer/sec:     17.59KB
Running 5m test @ http://nginx-thrift.social-network2.svc.cluster.local:8080/wrk2-api/home-timeline/read
  2 threads and 50 connections

  Thread calibration: mean lat.: 1577.209ms, rate sampling interval: 9510ms
  Thread calibration: mean lat.: 1535.918ms, rate sampling interval: 9576ms

-----------------------------------------------------------------------
Test Results @ http://nginx-thrift.social-network2.svc.cluster.local:8080/wrk2-api/home-timeline/read 
  Thread Stats   Avg      Stdev     99%   +/- Stdev
    Latency     2.02m     1.12m    3.86m    57.12%
    Req/Sec    31.80      3.35    38.00     78.33%
  Latency Distribution (HdrHistogram - Recorded Latency)
 50.000%    2.05m 
 75.000%    2.97m 
 90.000%    3.56m 
 99.000%    3.86m 
 99.900%    3.95m 
 99.990%    4.00m 
 99.999%    4.03m 
100.000%    4.03m 

  Detailed Percentile spectrum:
       Value   Percentile   TotalCount 1/(1-Percentile)

    5074.943     0.000000            1         1.00
   28049.407     0.100000         1872         1.11
   50692.095     0.200000         3749         1.25
   72482.815     0.300000         5622         1.43
   98303.999     0.400000         7489         1.67
  122748.927     0.500000         9366         2.00
  134086.655     0.550000        10299         2.22
  146014.207     0.600000        11236         2.50
  156631.039     0.650000        12170         2.86
  167510.015     0.700000        13113         3.33
  178388.991     0.750000        14040         4.00
  185597.951     0.775000        14515         4.44
  192020.479     0.800000        14986         5.00
  197525.503     0.825000        15445         5.71
  203030.527     0.850000        15925         6.67
  208928.767     0.875000        16390         8.00
  211419.135     0.887500        16624         8.89
  213778.431     0.900000        16849        10.00
  216006.655     0.912500        17092        11.43
  218103.807     0.925000        17320        13.33
  220200.959     0.937500        17563        16.00
  221249.535     0.943750        17678        17.78
  222298.111     0.950000        17796        20.00
  223346.687     0.956250        17909        22.86
  224395.263     0.962500        18019        26.67
  225705.983     0.968750        18140        32.00
  226361.343     0.971875        18194        35.56
  227147.775     0.975000        18260        40.00
  227803.135     0.978125        18315        45.71
  228589.567     0.981250        18377        53.33
  229375.999     0.984375        18431        64.00
  229900.287     0.985938        18461        71.11
  230424.575     0.987500        18494        80.00
  230948.863     0.989062        18517        91.43
  231473.151     0.990625        18546       106.67
  232128.511     0.992188        18574       128.00
  232521.727     0.992969        18592       142.22
  232783.871     0.993750        18604       160.00
  233177.087     0.994531        18619       182.86
  233570.303     0.995313        18634       213.33
  234094.591     0.996094        18647       256.00
  234225.663     0.996484        18655       284.44
  234749.951     0.996875        18664       320.00
  235012.095     0.997266        18669       365.71
  235405.311     0.997656        18679       426.67
  235798.527     0.998047        18685       512.00
  235929.599     0.998242        18688       568.89
  236191.743     0.998437        18691       640.00
  236453.887     0.998633        18696       731.43
  236716.031     0.998828        18699       853.33
  237109.247     0.999023        18702      1024.00
  237633.535     0.999121        18706      1137.78
  237633.535     0.999219        18706      1280.00
  238026.751     0.999316        18708      1462.86
  238419.967     0.999414        18711      1706.67
  238419.967     0.999512        18711      2048.00
  238682.111     0.999561        18712      2275.56
  238813.183     0.999609        18713      2560.00
  238944.255     0.999658        18714      2925.71
  239206.399     0.999707        18715      3413.33
  239468.543     0.999756        18716      4096.00
  239468.543     0.999780        18716      4551.11
  240123.903     0.999805        18717      5120.00
  240123.903     0.999829        18717      5851.43
  240254.975     0.999854        18718      6826.67
  240254.975     0.999878        18718      8192.00
  240254.975     0.999890        18718      9102.22
  240910.335     0.999902        18719     10240.00
  240910.335     0.999915        18719     11702.86
  240910.335     0.999927        18719     13653.33
  240910.335     0.999939        18719     16384.00
  240910.335     0.999945        18719     18204.44
  241696.767     0.999951        18720     20480.00
  241696.767     1.000000        18720          inf
#[Mean    =   120923.562, StdDeviation   =    66946.151]
#[Max     =   241565.696, Total count    =        18720]
#[Buckets =           27, SubBuckets     =         2048]
-----------------------------------------------------------------------
  20010 requests in 5.00m, 5.44MB read
Requests/sec:     66.69  
Transfer/sec:     18.57KB
Running 5m test @ http://nginx-thrift.social-network3.svc.cluster.local:8080/wrk2-api/home-timeline/read
  2 threads and 50 connections

  Thread calibration: mean lat.: 220.102ms, rate sampling interval: 826ms
  Thread calibration: mean lat.: 210.833ms, rate sampling interval: 787ms

-----------------------------------------------------------------------
Test Results @ http://nginx-thrift.social-network3.svc.cluster.local:8080/wrk2-api/home-timeline/read 
  Thread Stats   Avg      Stdev     99%   +/- Stdev
    Latency     1.08m     1.01m    3.02m    45.96%
    Req/Sec    54.63     36.68   164.00     85.54%
  Latency Distribution (HdrHistogram - Recorded Latency)
 50.000%    0.93m 
 75.000%    1.97m 
 90.000%    2.61m 
 99.000%    3.02m 
 99.900%    3.10m 
 99.990%    3.12m 
 99.999%    3.13m 
100.000%    3.13m 

  Detailed Percentile spectrum:
       Value   Percentile   TotalCount 1/(1-Percentile)

      94.975     0.000000            1         1.00
     150.655     0.100000         3199         1.11
     265.983     0.200000         6391         1.25
     919.551     0.300000         9586         1.43
   28180.479     0.400000        12780         1.67
   55771.135     0.500000        15979         2.00
   67829.759     0.550000        17576         2.22
   80478.207     0.600000        19178         2.50
   92078.079     0.650000        20767         2.86
  104857.599     0.700000        22368         3.33
  118292.479     0.750000        23966         4.00
  125239.295     0.775000        24766         4.44
  130940.927     0.800000        25566         5.00
  136314.879     0.825000        26376         5.71
  143130.623     0.850000        27163         6.67
  150208.511     0.875000        27956         8.00
  153485.311     0.887500        28357         8.89
  156893.183     0.900000        28760        10.00
  160169.983     0.912500        29169        11.43
  162922.495     0.925000        29567        13.33
  165675.007     0.937500        29967        16.00
  167116.799     0.943750        30164        17.78
  168558.591     0.950000        30366        20.00
  170131.455     0.956250        30570        22.86
  171966.463     0.962500        30757        26.67
  173932.543     0.968750        30952        32.00
  174981.119     0.971875        31058        35.56
  176029.695     0.975000        31161        40.00
  176947.199     0.978125        31255        45.71
  178126.847     0.981250        31362        53.33
  179306.495     0.984375        31458        64.00
  179830.783     0.985938        31503        71.11
  180355.071     0.987500        31550        80.00
  181010.431     0.989062        31607        91.43
  181665.791     0.990625        31656       106.67
  182321.151     0.992188        31710       128.00
  182583.295     0.992969        31732       142.22
  182845.439     0.993750        31754       160.00
  183238.655     0.994531        31780       182.86
  183631.871     0.995313        31802       213.33
  184156.159     0.996094        31829       256.00
  184287.231     0.996484        31839       284.44
  184549.375     0.996875        31852       320.00
  184680.447     0.997266        31866       365.71
  184942.591     0.997656        31877       426.67
  185204.735     0.998047        31888       512.00
  185466.879     0.998242        31896       568.89
  185729.023     0.998437        31905       640.00
  185860.095     0.998633        31911       731.43
  185991.167     0.998828        31914       853.33
  186253.311     0.999023        31918      1024.00
  186384.383     0.999121        31923      1137.78
  186515.455     0.999219        31925      1280.00
  186646.527     0.999316        31929      1462.86
  186777.599     0.999414        31931      1706.67
  186908.671     0.999512        31935      2048.00
  186908.671     0.999561        31935      2275.56
  187039.743     0.999609        31940      2560.00
  187039.743     0.999658        31940      2925.71
  187039.743     0.999707        31940      3413.33
  187170.815     0.999756        31942      4096.00
  187170.815     0.999780        31942      4551.11
  187301.887     0.999805        31943      5120.00
  187432.959     0.999829        31946      5851.43
  187432.959     0.999854        31946      6826.67
  187432.959     0.999878        31946      8192.00
  187432.959     0.999890        31946      9102.22
  187432.959     0.999902        31946     10240.00
  187826.175     0.999915        31947     11702.86
  187826.175     0.999927        31947     13653.33
  188088.319     0.999939        31949     16384.00
  188088.319     1.000000        31949          inf
#[Mean    =    64741.936, StdDeviation   =    60687.126]
#[Max     =   187957.248, Total count    =        31949]
#[Buckets =           27, SubBuckets     =         2048]
-----------------------------------------------------------------------
  34893 requests in 5.00m, 9.48MB read
Requests/sec:    116.29  
Transfer/sec:     32.34KB
Running 10m test @ http://nginx-thrift.social-network.svc.cluster.local:8080/wrk2-api/home-timeline/read
  2 threads and 50 connections

  Thread calibration: mean lat.: 107.999ms, rate sampling interval: 389ms
  Thread calibration: mean lat.: 112.430ms, rate sampling interval: 432ms

-----------------------------------------------------------------------
Test Results @ http://nginx-thrift.social-network.svc.cluster.local:8080/wrk2-api/home-timeline/read 
  Thread Stats   Avg      Stdev     99%   +/- Stdev
    Latency     2.12m     2.25m    6.70m    78.28%
    Req/Sec    45.71     43.06   187.00     77.02%
  Latency Distribution (HdrHistogram - Recorded Latency)
 50.000%    1.39m 
 75.000%    4.01m 
 90.000%    5.70m 
 99.000%    6.70m 
 99.900%    6.84m 
 99.990%    6.90m 
 99.999%    6.94m 
100.000%    6.95m 

  Detailed Percentile spectrum:
       Value   Percentile   TotalCount 1/(1-Percentile)

      48.319     0.000000            1         1.00
      59.423     0.100000         5439         1.11
      89.855     0.200000        10881         1.25
     141.695     0.300000        16317         1.43
   15802.367     0.400000        21755         1.67
   83296.255     0.500000        27193         2.00
  115671.039     0.550000        29918         2.22
  148766.719     0.600000        32640         2.50
  182452.223     0.650000        35362         2.86
  209059.839     0.700000        38073         3.33
  240517.119     0.750000        40791         4.00
  257032.191     0.775000        42154         4.44
  273678.335     0.800000        43513         5.00
  291766.271     0.825000        44887         5.71
  308019.199     0.850000        46231         6.67
  323223.551     0.875000        47603         8.00
  332398.591     0.887500        48277         8.89
  341835.775     0.900000        48952        10.00
  351535.103     0.912500        49637        11.43
  358875.135     0.925000        50309        13.33
  367788.031     0.937500        50993        16.00
  371982.335     0.943750        51337        17.78
  376438.783     0.950000        51685        20.00
  380633.087     0.956250        52012        22.86
  384565.247     0.962500        52367        26.67
  388235.263     0.968750        52704        32.00
  390070.271     0.971875        52863        35.56
  392167.423     0.975000        53050        40.00
  393740.287     0.978125        53202        45.71
  395837.439     0.981250        53378        53.33
  397934.591     0.984375        53544        64.00
  398983.167     0.985938        53625        71.11
  400293.887     0.987500        53720        80.00
  401342.463     0.989062        53802        91.43
  402653.183     0.990625        53898       106.67
  403701.759     0.992188        53968       128.00
  404226.047     0.992969        54005       142.22
  405012.479     0.993750        54054       160.00
  405798.911     0.994531        54103       182.86
  406323.199     0.995313        54136       213.33
  406847.487     0.996094        54176       256.00
  407371.775     0.996484        54205       284.44
  407633.919     0.996875        54220       320.00
  408158.207     0.997266        54247       365.71
  408420.351     0.997656        54260       426.67
  408944.639     0.998047        54288       512.00
  409206.783     0.998242        54296       568.89
  409468.927     0.998437        54302       640.00
  409731.071     0.998633        54314       731.43
  410255.359     0.998828        54328       853.33
  410517.503     0.999023        54340      1024.00
  410517.503     0.999121        54340      1137.78
  410779.647     0.999219        54347      1280.00
  411041.791     0.999316        54353      1462.86
  411303.935     0.999414        54358      1706.67
  411566.079     0.999512        54361      2048.00
  411828.223     0.999561        54366      2275.56
  411828.223     0.999609        54366      2560.00
  412352.511     0.999658        54369      2925.71
  412614.655     0.999707        54372      3413.33
  412876.799     0.999756        54373      4096.00
  413401.087     0.999780        54376      4551.11
  413401.087     0.999805        54376      5120.00
  413663.231     0.999829        54377      5851.43
  414187.519     0.999854        54381      6826.67
  414187.519     0.999878        54381      8192.00
  414187.519     0.999890        54381      9102.22
  414187.519     0.999902        54381     10240.00
  414449.663     0.999915        54382     11702.86
  415236.095     0.999927        54383     13653.33
  415236.095     0.999939        54383     16384.00
  415498.239     0.999945        54384     18204.44
  415498.239     0.999951        54384     20480.00
  415498.239     0.999957        54384     23405.71
  416546.815     0.999963        54385     27306.67
  416546.815     0.999969        54385     32768.00
  416546.815     0.999973        54385     36408.89
  416546.815     0.999976        54385     40960.00
  416546.815     0.999979        54385     46811.43
  417071.103     0.999982        54386     54613.33
  417071.103     1.000000        54386          inf
#[Mean    =   127339.626, StdDeviation   =   135081.967]
#[Max     =   416808.960, Total count    =        54386]
#[Buckets =           27, SubBuckets     =         2048]
-----------------------------------------------------------------------
  57358 requests in 10.00m, 15.52MB read
Requests/sec:     95.59  
Transfer/sec:     26.49KB
Running 10m test @ http://nginx-thrift.social-network2.svc.cluster.local:8080/wrk2-api/home-timeline/read
  2 threads and 50 connections

  Thread calibration: mean lat.: 550.567ms, rate sampling interval: 4354ms
  Thread calibration: mean lat.: 572.957ms, rate sampling interval: 4481ms

-----------------------------------------------------------------------
Test Results @ http://nginx-thrift.social-network2.svc.cluster.local:8080/wrk2-api/home-timeline/read 
  Thread Stats   Avg      Stdev     99%   +/- Stdev
    Latency     3.88m     2.19m    7.62m    58.78%
    Req/Sec    33.28      5.50    45.00     74.44%
  Latency Distribution (HdrHistogram - Recorded Latency)
 50.000%    3.86m 
 75.000%    5.76m 
 90.000%    6.96m 
 99.000%    7.62m 
 99.900%    7.73m 
 99.990%    7.81m 
 99.999%    7.86m 
100.000%    7.86m 

  Detailed Percentile spectrum:
       Value   Percentile   TotalCount 1/(1-Percentile)

    3078.143     0.000000            1         1.00
   55017.471     0.100000         3991         1.11
  100204.543     0.200000         7977         1.25
  136839.167     0.300000        11960         1.43
  185860.095     0.400000        15947         1.67
  231735.295     0.500000        19941         2.00
  252313.599     0.550000        21930         2.22
  275513.343     0.600000        23930         2.50
  299368.447     0.650000        25926         2.86
  323223.551     0.700000        27930         3.33
  345505.791     0.750000        29917         4.00
  356777.983     0.775000        30904         4.44
  368312.319     0.800000        31903         5.00
  380895.231     0.825000        32902         5.71
  393740.287     0.850000        33887         6.67
  406061.055     0.875000        34887         8.00
  411828.223     0.887500        35400         8.89
  417595.391     0.900000        35890        10.00
  423624.703     0.912500        36379        11.43
  429654.015     0.925000        36879        13.33
  434634.751     0.937500        37386        16.00
  437256.191     0.943750        37629        17.78
  440401.919     0.950000        37875        20.00
  443547.647     0.956250        38142        22.86
  446169.087     0.962500        38391        26.67
  448528.383     0.968750        38622        32.00
  449839.103     0.971875        38771        35.56
  450887.679     0.975000        38888        40.00
  451936.255     0.978125        38998        45.71
  453246.975     0.981250        39130        53.33
  454557.695     0.984375        39258        64.00
  455081.983     0.985938        39305        71.11
  455868.415     0.987500        39385        80.00
  456392.703     0.989062        39434        91.43
  457179.135     0.990625        39496       106.67
  457965.567     0.992188        39557       128.00
  458489.855     0.992969        39606       142.22
  458751.999     0.993750        39623       160.00
  459276.287     0.994531        39649       182.86
  460062.719     0.995313        39688       213.33
  460587.007     0.996094        39716       256.00
  460849.151     0.996484        39728       284.44
  461111.295     0.996875        39741       320.00
  461635.583     0.997266        39767       365.71
  461897.727     0.997656        39774       426.67
  462422.015     0.998047        39795       512.00
  462422.015     0.998242        39795       568.89
  462946.303     0.998437        39810       640.00
  463208.447     0.998633        39816       731.43
  463470.591     0.998828        39822       853.33
  463732.735     0.999023        39828      1024.00
  463994.879     0.999121        39832      1137.78
  464257.023     0.999219        39836      1280.00
  464519.167     0.999316        39839      1462.86
  464781.311     0.999414        39844      1706.67
  465043.455     0.999512        39846      2048.00
  465305.599     0.999561        39849      2275.56
  465567.743     0.999609        39851      2560.00
  465829.887     0.999658        39854      2925.71
  465829.887     0.999707        39854      3413.33
  466354.175     0.999756        39857      4096.00
  466354.175     0.999780        39857      4551.11
  466878.463     0.999805        39858      5120.00
  467402.751     0.999829        39859      5851.43
  468189.183     0.999854        39860      6826.67
  468713.471     0.999878        39861      8192.00
  468713.471     0.999890        39861      9102.22
  469499.903     0.999902        39862     10240.00
  469499.903     0.999915        39862     11702.86
  470286.335     0.999927        39863     13653.33
  470286.335     0.999939        39863     16384.00
  470286.335     0.999945        39863     18204.44
  471334.911     0.999951        39864     20480.00
  471334.911     0.999957        39864     23405.71
  471334.911     0.999963        39864     27306.67
  471334.911     0.999969        39864     32768.00
  471334.911     0.999973        39864     36408.89
  471859.199     0.999976        39865     40960.00
  471859.199     1.000000        39865          inf
#[Mean    =   232563.305, StdDeviation   =   131302.014]
#[Max     =   471597.056, Total count    =        39865]
#[Buckets =           27, SubBuckets     =         2048]
-----------------------------------------------------------------------
  41625 requests in 10.00m, 11.32MB read
Requests/sec:     69.37  
Transfer/sec:     19.32KB
Running 10m test @ http://nginx-thrift.social-network3.svc.cluster.local:8080/wrk2-api/home-timeline/read
  2 threads and 50 connections

  Thread calibration: mean lat.: 2535.393ms, rate sampling interval: 11263ms
  Thread calibration: mean lat.: 2564.615ms, rate sampling interval: 11083ms

-----------------------------------------------------------------------
Test Results @ http://nginx-thrift.social-network3.svc.cluster.local:8080/wrk2-api/home-timeline/read 
  Thread Stats   Avg      Stdev     99%   +/- Stdev
    Latency     3.27m     1.93m    6.61m    57.90%
    Req/Sec    49.07     22.66   158.00     90.48%
  Latency Distribution (HdrHistogram - Recorded Latency)
 50.000%    3.08m 
 75.000%    5.06m 
 90.000%    6.01m 
 99.000%    6.61m 
 99.900%    6.78m 
 99.990%    6.91m 
 99.999%    6.95m 
100.000%    6.95m 

  Detailed Percentile spectrum:
       Value   Percentile   TotalCount 1/(1-Percentile)

    4155.391     0.000000            1         1.00
   53444.607     0.100000         5846         1.11
   81657.855     0.200000        11691         1.25
  112066.559     0.300000        17559         1.43
  132120.575     0.400000        23379         1.67
  185073.663     0.500000        29225         2.00
  211025.919     0.550000        32143         2.22
  233570.303     0.600000        35069         2.50
  257687.551     0.650000        37991         2.86
  283115.519     0.700000        40908         3.33
  303824.895     0.750000        43875         4.00
  310902.783     0.775000        45309         4.44
  322174.975     0.800000        46752         5.00
  333971.455     0.825000        48230         5.71
  345243.647     0.850000        49691         6.67
  354942.975     0.875000        51170         8.00
  358088.703     0.887500        51899         8.89
  360710.143     0.900000        52599        10.00
  363855.871     0.912500        53343        11.43
  366477.311     0.925000        54058        13.33
  370671.615     0.937500        54818        16.00
  372768.767     0.943750        55150        17.78
  375652.351     0.950000        55546        20.00
  378535.935     0.956250        55897        22.86
  381681.663     0.962500        56258        26.67
  384827.391     0.968750        56619        32.00
  386400.255     0.971875        56805        35.56
  387973.119     0.975000        56973        40.00
  389808.127     0.978125        57171        45.71
  391380.991     0.981250        57338        53.33
  393215.999     0.984375        57528        64.00
  394264.575     0.985938        57620        71.11
  395313.151     0.987500        57716        80.00
  396361.727     0.989062        57823        91.43
  397148.159     0.990625        57887       106.67
  398458.879     0.992188        57984       128.00
  398983.167     0.992969        58022       142.22
  399769.599     0.993750        58075       160.00
  400556.031     0.994531        58126       182.86
  401342.463     0.995313        58170       213.33
  402128.895     0.996094        58211       256.00
  402391.039     0.996484        58227       284.44
  403177.471     0.996875        58256       320.00
  403701.759     0.997266        58279       365.71
  404226.047     0.997656        58302       426.67
  404750.335     0.998047        58325       512.00
  405012.479     0.998242        58333       568.89
  405536.767     0.998437        58345       640.00
  405798.911     0.998633        58353       731.43
  406323.199     0.998828        58367       853.33
  406585.343     0.999023        58375      1024.00
  407109.631     0.999121        58384      1137.78
  407371.775     0.999219        58391      1280.00
  407633.919     0.999316        58397      1462.86
  407896.063     0.999414        58400      1706.67
  408420.351     0.999512        58406      2048.00
  408682.495     0.999561        58407      2275.56
  408944.639     0.999609        58411      2560.00
  409206.783     0.999658        58413      2925.71
  409468.927     0.999707        58415      3413.33
  410517.503     0.999756        58418      4096.00
  412090.367     0.999780        58420      4551.11
  412352.511     0.999805        58421      5120.00
  413401.087     0.999829        58423      5851.43
  413663.231     0.999854        58424      6826.67
  413925.375     0.999878        58425      8192.00
  414449.663     0.999890        58426      9102.22
  414973.951     0.999902        58427     10240.00
  415498.239     0.999915        58428     11702.86
  415498.239     0.999927        58428     13653.33
  416022.527     0.999939        58429     16384.00
  416022.527     0.999945        58429     18204.44
  416546.815     0.999951        58430     20480.00
  416546.815     0.999957        58430     23405.71
  416546.815     0.999963        58430     27306.67
  416808.959     0.999969        58431     32768.00
  416808.959     0.999973        58431     36408.89
  416808.959     0.999976        58431     40960.00
  416808.959     0.999979        58431     46811.43
  416808.959     0.999982        58431     54613.33
  417071.103     0.999985        58432     65536.00
  417071.103     1.000000        58432          inf
#[Mean    =   196419.505, StdDeviation   =   115527.581]
#[Max     =   416808.960, Total count    =        58432]
#[Buckets =           27, SubBuckets     =         2048]
-----------------------------------------------------------------------
  59421 requests in 10.00m, 16.15MB read
Requests/sec:     99.02  
Transfer/sec:     27.56KB
Running 1m test @ http://nginx-thrift.social-network.svc.cluster.local:8080/wrk2-api/home-timeline/read
  2 threads and 50 connections

  Thread calibration: mean lat.: 1690.046ms, rate sampling interval: 10420ms
  Thread calibration: mean lat.: 1663.750ms, rate sampling interval: 10133ms

-----------------------------------------------------------------------
Test Results @ http://nginx-thrift.social-network.svc.cluster.local:8080/wrk2-api/home-timeline/read 
  Thread Stats   Avg      Stdev     99%   +/- Stdev
    Latency    29.41s    11.55s   49.84s    59.23%
    Req/Sec    34.62      4.77    39.00     75.00%
  Latency Distribution (HdrHistogram - Recorded Latency)
 50.000%   29.66s 
 75.000%   39.45s 
 90.000%   45.25s 
 99.000%   49.84s 
 99.900%    0.85m 
 99.990%    0.88m 
 99.999%    0.88m 
100.000%    0.88m 

  Detailed Percentile spectrum:
       Value   Percentile   TotalCount 1/(1-Percentile)

    6750.207     0.000000            1         1.00
   14213.119     0.100000          348         1.11
   17858.559     0.200000          695         1.25
   21413.887     0.300000         1042         1.43
   25460.735     0.400000         1390         1.67
   29655.039     0.500000         1737         2.00
   31375.359     0.550000         1913         2.22
   33292.287     0.600000         2083         2.50
   35356.671     0.650000         2260         2.86
   36995.071     0.700000         2431         3.33
   39485.439     0.750000         2606         4.00
   40435.711     0.775000         2692         4.44
   41254.911     0.800000         2784         5.00
   42074.111     0.825000         2864         5.71
   43057.151     0.850000         2955         6.67
   44236.799     0.875000         3041         8.00
   44695.551     0.887500         3081         8.89
   45252.607     0.900000         3126        10.00
   45744.127     0.912500         3172        11.43
   46333.951     0.925000         3214        13.33
   46858.239     0.937500         3255        16.00
   47153.151     0.943750         3276        17.78
   47480.831     0.950000         3299        20.00
   47841.279     0.956250         3321        22.86
   48103.423     0.962500         3343        26.67
   48431.103     0.968750         3363        32.00
   48660.479     0.971875         3375        35.56
   48824.319     0.975000         3385        40.00
   49020.927     0.978125         3396        45.71
   49315.839     0.981250         3406        53.33
   49512.447     0.984375         3417        64.00
   49610.751     0.985938         3424        71.11
   49709.055     0.987500         3429        80.00
   49807.359     0.989062         3435        91.43
   49840.127     0.990625         3439       106.67
   50069.503     0.992188         3445       128.00
   50167.807     0.992969         3448       142.22
   50200.575     0.993750         3451       160.00
   50331.647     0.994531         3453       182.86
   50429.951     0.995313         3455       213.33
   50561.023     0.996094         3458       256.00
   50626.559     0.996484         3459       284.44
   50757.631     0.996875         3463       320.00
   50757.631     0.997266         3463       365.71
   50757.631     0.997656         3463       426.67
   50823.167     0.998047         3465       512.00
   50823.167     0.998242         3465       568.89
   50855.935     0.998437         3466       640.00
   51085.311     0.998633         3467       731.43
   51085.311     0.998828         3467       853.33
   51150.847     0.999023         3468      1024.00
   51150.847     0.999121         3468      1137.78
   51707.903     0.999219         3469      1280.00
   51707.903     0.999316         3469      1462.86
   51707.903     0.999414         3469      1706.67
   51937.279     0.999512         3470      2048.00
   51937.279     0.999561         3470      2275.56
   51937.279     0.999609         3470      2560.00
   51937.279     0.999658         3470      2925.71
   51937.279     0.999707         3470      3413.33
   52527.103     0.999756         3471      4096.00
   52527.103     1.000000         3471          inf
#[Mean    =    29405.149, StdDeviation   =    11554.586]
#[Max     =    52494.336, Total count    =         3471]
#[Buckets =           27, SubBuckets     =         2048]
-----------------------------------------------------------------------
  4916 requests in 1.00m, 1.33MB read
Requests/sec:     81.90  
Transfer/sec:     22.71KB
Running 1m test @ http://nginx-thrift.social-network2.svc.cluster.local:8080/wrk2-api/home-timeline/read
  2 threads and 50 connections

  Thread calibration: mean lat.: 4044.044ms, rate sampling interval: 14614ms
  Thread calibration: mean lat.: 4118.515ms, rate sampling interval: 14909ms

-----------------------------------------------------------------------
Test Results @ http://nginx-thrift.social-network2.svc.cluster.local:8080/wrk2-api/home-timeline/read 
  Thread Stats   Avg      Stdev     99%   +/- Stdev
    Latency    29.46s    12.07s    0.86m    58.88%
    Req/Sec    31.83      4.22    38.00     83.33%
  Latency Distribution (HdrHistogram - Recorded Latency)
 50.000%   28.82s 
 75.000%   39.35s 
 90.000%   46.96s 
 99.000%    0.86m 
 99.900%    0.89m 
 99.990%    0.89m 
 99.999%    0.89m 
100.000%    0.89m 

  Detailed Percentile spectrum:
       Value   Percentile   TotalCount 1/(1-Percentile)

    7987.199     0.000000            1         1.00
   13197.311     0.100000          319         1.11
   17317.887     0.200000          638         1.25
   21610.495     0.300000          959         1.43
   25559.039     0.400000         1277         1.67
   28819.455     0.500000         1595         2.00
   30572.543     0.550000         1758         2.22
   32374.783     0.600000         1914         2.50
   34570.239     0.650000         2078         2.86
   36896.767     0.700000         2233         3.33
   39354.367     0.750000         2391         4.00
   40566.783     0.775000         2474         4.44
   42205.183     0.800000         2551         5.00
   43384.831     0.825000         2631         5.71
   44498.943     0.850000         2712         6.67
   45613.055     0.875000         2790         8.00
   46399.487     0.887500         2831         8.89
   46956.543     0.900000         2872        10.00
   47448.063     0.912500         2911        11.43
   47972.351     0.925000         2950        13.33
   48627.711     0.937500         2990        16.00
   48955.391     0.943750         3012        17.78
   49250.303     0.950000         3029        20.00
   49577.983     0.956250         3052        22.86
   49840.127     0.962500         3069        26.67
   50298.879     0.968750         3089        32.00
   50561.023     0.971875         3101        35.56
   50692.095     0.975000         3110        40.00
   50921.471     0.978125         3119        45.71
   51150.847     0.981250         3130        53.33
   51281.919     0.984375         3139        64.00
   51347.455     0.985938         3144        71.11
   51511.295     0.987500         3151        80.00
   51576.831     0.989062         3154        91.43
   51773.439     0.990625         3159       106.67
   51904.511     0.992188         3164       128.00
   52002.815     0.992969         3166       142.22
   52133.887     0.993750         3169       160.00
   52232.191     0.994531         3172       182.86
   52396.031     0.995313         3174       213.33
   52559.871     0.996094         3178       256.00
   52559.871     0.996484         3178       284.44
   52592.639     0.996875         3179       320.00
   52625.407     0.997266         3180       365.71
   52658.175     0.997656         3181       426.67
   52920.319     0.998047         3182       512.00
   52953.087     0.998242         3183       568.89
   53018.623     0.998437         3184       640.00
   53018.623     0.998633         3184       731.43
   53247.999     0.998828         3186       853.33
   53247.999     0.999023         3186      1024.00
   53247.999     0.999121         3186      1137.78
   53247.999     0.999219         3186      1280.00
   53247.999     0.999316         3186      1462.86
   53477.375     0.999414         3188      1706.67
   53477.375     1.000000         3188          inf
#[Mean    =    29456.131, StdDeviation   =    12073.116]
#[Max     =    53444.608, Total count    =         3188]
#[Buckets =           27, SubBuckets     =         2048]
-----------------------------------------------------------------------
  3955 requests in 1.00m, 1.08MB read
Requests/sec:     65.89  
Transfer/sec:     18.35KB
Running 1m test @ http://nginx-thrift.social-network3.svc.cluster.local:8080/wrk2-api/home-timeline/read
  2 threads and 50 connections

  Thread calibration: mean lat.: 2580.181ms, rate sampling interval: 11526ms
  Thread calibration: mean lat.: 2607.788ms, rate sampling interval: 11960ms

-----------------------------------------------------------------------
Test Results @ http://nginx-thrift.social-network3.svc.cluster.local:8080/wrk2-api/home-timeline/read 
  Thread Stats   Avg      Stdev     99%   +/- Stdev
    Latency    29.79s     6.73s   36.96s    83.19%
    Req/Sec   103.00     64.39   200.00     75.00%
  Latency Distribution (HdrHistogram - Recorded Latency)
 50.000%   32.08s 
 75.000%   34.47s 
 90.000%   35.65s 
 99.000%   36.96s 
 99.900%   37.52s 
 99.990%   37.91s 
 99.999%   38.08s 
100.000%   38.08s 

  Detailed Percentile spectrum:
       Value   Percentile   TotalCount 1/(1-Percentile)

    6533.119     0.000000            1         1.00
   18169.855     0.100000         1103         1.11
   27623.423     0.200000         2210         1.25
   29097.983     0.300000         3324         1.43
   29949.951     0.400000         4426         1.67
   32079.871     0.500000         5514         2.00
   32767.999     0.550000         6077         2.22
   33243.135     0.600000         6617         2.50
   33685.503     0.650000         7185         2.86
   34111.487     0.700000         7769         3.33
   34471.935     0.750000         8298         4.00
   34635.775     0.775000         8550         4.44
   34832.383     0.800000         8866         5.00
   34996.223     0.825000         9112         5.71
   35160.063     0.850000         9379         6.67
   35389.439     0.875000         9664         8.00
   35520.511     0.887500         9796         8.89
   35651.583     0.900000         9953        10.00
   35749.887     0.912500        10075        11.43
   35848.191     0.925000        10208        13.33
   35979.263     0.937500        10355        16.00
   36044.799     0.943750        10421        17.78
   36143.103     0.950000        10508        20.00
   36208.639     0.956250        10549        22.86
   36306.943     0.962500        10615        26.67
   36438.015     0.968750        10691        32.00
   36503.551     0.971875        10721        35.56
   36569.087     0.975000        10756        40.00
   36634.623     0.978125        10790        45.71
   36732.927     0.981250        10821        53.33
   36831.231     0.984375        10862        64.00
   36863.999     0.985938        10875        71.11
   36896.767     0.987500        10895        80.00
   36929.535     0.989062        10910        91.43
   36962.303     0.990625        10925       106.67
   37027.839     0.992188        10946       128.00
   37060.607     0.992969        10951       142.22
   37093.375     0.993750        10959       160.00
   37158.911     0.994531        10970       182.86
   37224.447     0.995313        10978       213.33
   37257.215     0.996094        10985       256.00
   37289.983     0.996484        10990       284.44
   37322.751     0.996875        10993       320.00
   37355.519     0.997266        10996       365.71
   37388.287     0.997656        11001       426.67
   37421.055     0.998047        11005       512.00
   37453.823     0.998242        11008       568.89
   37486.591     0.998437        11011       640.00
   37486.591     0.998633        11011       731.43
   37519.359     0.998828        11016       853.33
   37519.359     0.999023        11016      1024.00
   37584.895     0.999121        11017      1137.78
   37617.663     0.999219        11019      1280.00
   37617.663     0.999316        11019      1462.86
   37650.431     0.999414        11020      1706.67
   37715.967     0.999512        11022      2048.00
   37715.967     0.999561        11022      2275.56
   37715.967     0.999609        11022      2560.00
   37781.503     0.999658        11023      2925.71
   37781.503     0.999707        11023      3413.33
   37814.271     0.999756        11024      4096.00
   37814.271     0.999780        11024      4551.11
   37814.271     0.999805        11024      5120.00
   37912.575     0.999829        11025      5851.43
   37912.575     0.999854        11025      6826.67
   37912.575     0.999878        11025      8192.00
   37912.575     0.999890        11025      9102.22
   37912.575     0.999902        11025     10240.00
   38076.415     0.999915        11026     11702.86
   38076.415     1.000000        11026          inf
#[Mean    =    29787.825, StdDeviation   =     6729.353]
#[Max     =    38043.648, Total count    =        11026]
#[Buckets =           27, SubBuckets     =         2048]
-----------------------------------------------------------------------
  12356 requests in 1.00m, 3.35MB read
Requests/sec:    205.83  
Transfer/sec:     57.21KB
Running 5m test @ http://nginx-thrift.social-network.svc.cluster.local:8080/wrk2-api/home-timeline/read
  2 threads and 50 connections

  Thread calibration: mean lat.: 859.597ms, rate sampling interval: 6963ms
  Thread calibration: mean lat.: 814.196ms, rate sampling interval: 6811ms

-----------------------------------------------------------------------
Test Results @ http://nginx-thrift.social-network.svc.cluster.local:8080/wrk2-api/home-timeline/read 
  Thread Stats   Avg      Stdev     99%   +/- Stdev
    Latency     2.22m     1.20m    4.30m    59.23%
    Req/Sec    30.11      4.55    40.00     77.11%
  Latency Distribution (HdrHistogram - Recorded Latency)
 50.000%    2.26m 
 75.000%    3.22m 
 90.000%    3.86m 
 99.000%    4.30m 
 99.900%    4.36m 
 99.990%    4.38m 
 99.999%    4.40m 
100.000%    4.40m 

  Detailed Percentile spectrum:
       Value   Percentile   TotalCount 1/(1-Percentile)

    4853.759     0.000000            1         1.00
   30638.079     0.100000         1781         1.11
   59768.831     0.200000         3555         1.25
   83951.615     0.300000         5341         1.43
  109182.975     0.400000         7114         1.67
  135528.447     0.500000         8892         2.00
  147587.071     0.550000         9779         2.22
  160825.343     0.600000        10672         2.50
  172097.535     0.650000        11561         2.86
  182452.223     0.700000        12451         3.33
  193200.127     0.750000        13343         4.00
  199884.799     0.775000        13780         4.44
  206438.399     0.800000        14230         5.00
  212336.639     0.825000        14669         5.71
  217710.591     0.850000        15114         6.67
  223739.903     0.875000        15558         8.00
  227409.919     0.887500        15779         8.89
  231473.151     0.900000        16010        10.00
  234881.023     0.912500        16219        11.43
  238026.751     0.925000        16443        13.33
  241827.839     0.937500        16665        16.00
  244580.351     0.943750        16778        17.78
  246939.647     0.950000        16889        20.00
  248774.655     0.956250        17000        22.86
  250347.519     0.962500        17108        26.67
  251920.383     0.968750        17221        32.00
  252837.887     0.971875        17278        35.56
  253624.319     0.975000        17333        40.00
  254541.823     0.978125        17386        45.71
  255459.327     0.981250        17444        53.33
  256376.831     0.984375        17503        64.00
  256770.047     0.985938        17526        71.11
  257163.263     0.987500        17552        80.00
  257687.551     0.989062        17584        91.43
  258211.839     0.990625        17615       106.67
  258605.055     0.992188        17636       128.00
  258867.199     0.992969        17652       142.22
  259129.343     0.993750        17672       160.00
  259260.415     0.994531        17679       182.86
  259522.559     0.995313        17691       213.33
  259915.775     0.996094        17707       256.00
  260046.847     0.996484        17712       284.44
  260308.991     0.996875        17720       320.00
  260440.063     0.997266        17727       365.71
  260702.207     0.997656        17736       426.67
  260964.351     0.998047        17745       512.00
  260964.351     0.998242        17745       568.89
  261226.495     0.998437        17752       640.00
  261226.495     0.998633        17752       731.43
  261357.567     0.998828        17754       853.33
  261619.711     0.999023        17757      1024.00
  261750.783     0.999121        17760      1137.78
  261881.855     0.999219        17763      1280.00
  261881.855     0.999316        17763      1462.86
  262012.927     0.999414        17764      1706.67
  262275.071     0.999512        17766      2048.00
  262406.143     0.999561        17768      2275.56
  262406.143     0.999609        17768      2560.00
  262406.143     0.999658        17768      2925.71
  262668.287     0.999707        17770      3413.33
  262668.287     0.999756        17770      4096.00
  263061.503     0.999780        17772      4551.11
  263061.503     0.999805        17772      5120.00
  263061.503     0.999829        17772      5851.43
  263061.503     0.999854        17772      6826.67
  263061.503     0.999878        17772      8192.00
  263323.647     0.999890        17773      9102.22
  263323.647     0.999902        17773     10240.00
  263323.647     0.999915        17773     11702.86
  263323.647     0.999927        17773     13653.33
  263323.647     0.999939        17773     16384.00
  263716.863     0.999945        17774     18204.44
  263716.863     1.000000        17774          inf
#[Mean    =   133152.314, StdDeviation   =    72171.887]
#[Max     =   263585.792, Total count    =        17774]
#[Buckets =           27, SubBuckets     =         2048]
-----------------------------------------------------------------------
  19960 requests in 5.00m, 5.41MB read
Requests/sec:     66.50  
Transfer/sec:     18.45KB
Running 5m test @ http://nginx-thrift.social-network2.svc.cluster.local:8080/wrk2-api/home-timeline/read
  2 threads and 50 connections

  Thread calibration: mean lat.: 2184.877ms, rate sampling interval: 13221ms
  Thread calibration: mean lat.: 2103.143ms, rate sampling interval: 12886ms

-----------------------------------------------------------------------
Test Results @ http://nginx-thrift.social-network2.svc.cluster.local:8080/wrk2-api/home-timeline/read 
  Thread Stats   Avg      Stdev     99%   +/- Stdev
    Latency     2.23m     1.22m    4.29m    57.27%
    Req/Sec    31.53      3.34    39.00     74.42%
  Latency Distribution (HdrHistogram - Recorded Latency)
 50.000%    2.27m 
 75.000%    3.31m 
 90.000%    3.90m 
 99.000%    4.29m 
 99.900%    4.36m 
 99.990%    4.39m 
 99.999%    4.40m 
100.000%    4.40m 

  Detailed Percentile spectrum:
       Value   Percentile   TotalCount 1/(1-Percentile)

    7450.623     0.000000            1         1.00
   30801.919     0.100000         1850         1.11
   54820.863     0.200000         3699         1.25
   81264.639     0.300000         5551         1.43
  109445.119     0.400000         7395         1.67
  135921.663     0.500000         9245         2.00
  147980.287     0.550000        10183         2.22
  160169.983     0.600000        11096         2.50
  174718.975     0.650000        12019         2.86
  187039.743     0.700000        12944         3.33
  198574.079     0.750000        13866         4.00
  203423.743     0.775000        14330         4.44
  208928.767     0.800000        14792         5.00
  213647.359     0.825000        15255         5.71
  219414.527     0.850000        15719         6.67
  227278.847     0.875000        16182         8.00
  230817.791     0.887500        16411         8.89
  233701.375     0.900000        16654        10.00
  236584.959     0.912500        16876        11.43
  240123.903     0.925000        17115        13.33
  243269.631     0.937500        17345        16.00
  244580.351     0.943750        17449        17.78
  245891.071     0.950000        17566        20.00
  247332.863     0.956250        17680        22.86
  248905.727     0.962500        17801        26.67
  250609.663     0.968750        17910        32.00
  251527.167     0.971875        17968        35.56
  252575.743     0.975000        18032        40.00
  253624.319     0.978125        18086        45.71
  254672.895     0.981250        18143        53.33
  255852.543     0.984375        18206        64.00
  256245.759     0.985938        18230        71.11
  256638.975     0.987500        18256        80.00
  257163.263     0.989062        18285        91.43
  257687.551     0.990625        18314       106.67
  258211.839     0.992188        18347       128.00
  258605.055     0.992969        18363       142.22
  258867.199     0.993750        18375       160.00
  259129.343     0.994531        18387       182.86
  259391.487     0.995313        18401       213.33
  259784.703     0.996094        18417       256.00
  260046.847     0.996484        18423       284.44
  260308.991     0.996875        18432       320.00
  260571.135     0.997266        18440       365.71
  260702.207     0.997656        18444       426.67
  260964.351     0.998047        18452       512.00
  261095.423     0.998242        18455       568.89
  261226.495     0.998437        18459       640.00
  261357.567     0.998633        18465       731.43
  261488.639     0.998828        18466       853.33
  261750.783     0.999023        18469      1024.00
  261881.855     0.999121        18472      1137.78
  262012.927     0.999219        18473      1280.00
  262143.999     0.999316        18475      1462.86
  262275.071     0.999414        18477      1706.67
  262406.143     0.999512        18479      2048.00
  262406.143     0.999561        18479      2275.56
  262537.215     0.999609        18480      2560.00
  262799.359     0.999658        18481      2925.71
  262930.431     0.999707        18483      3413.33
  262930.431     0.999756        18483      4096.00
  262930.431     0.999780        18483      4551.11
  263323.647     0.999805        18484      5120.00
  263323.647     0.999829        18484      5851.43
  263454.719     0.999854        18486      6826.67
  263454.719     0.999878        18486      8192.00
  263454.719     0.999890        18486      9102.22
  263454.719     0.999902        18486     10240.00
  263454.719     0.999915        18486     11702.86
  263454.719     0.999927        18486     13653.33
  263454.719     0.999939        18486     16384.00
  263454.719     0.999945        18486     18204.44
  264110.079     0.999951        18487     20480.00
  264110.079     1.000000        18487          inf
#[Mean    =   133601.900, StdDeviation   =    73468.764]
#[Max     =   263979.008, Total count    =        18487]
#[Buckets =           27, SubBuckets     =         2048]
-----------------------------------------------------------------------
  19597 requests in 5.00m, 5.33MB read
Requests/sec:     65.31  
Transfer/sec:     18.19KB
Running 5m test @ http://nginx-thrift.social-network3.svc.cluster.local:8080/wrk2-api/home-timeline/read
  2 threads and 50 connections

  Thread calibration: mean lat.: 1621.337ms, rate sampling interval: 9928ms
  Thread calibration: mean lat.: 1702.683ms, rate sampling interval: 10018ms

-----------------------------------------------------------------------
Test Results @ http://nginx-thrift.social-network3.svc.cluster.local:8080/wrk2-api/home-timeline/read 
  Thread Stats   Avg      Stdev     99%   +/- Stdev
    Latency     2.15m     1.14m    4.08m    57.83%
    Req/Sec    42.30      4.72    52.00     85.96%
  Latency Distribution (HdrHistogram - Recorded Latency)
 50.000%    2.17m 
 75.000%    3.16m 
 90.000%    3.68m 
 99.000%    4.08m 
 99.900%    4.15m 
 99.990%    4.18m 
 99.999%    4.20m 
100.000%    4.20m 

  Detailed Percentile spectrum:
       Value   Percentile   TotalCount 1/(1-Percentile)

    6201.343     0.000000            1         1.00
   33947.647     0.100000         2486         1.11
   59244.543     0.200000         4973         1.25
   83165.183     0.300000         7456         1.43
  106627.071     0.400000         9944         1.67
  130482.175     0.500000        12434         2.00
  141819.903     0.550000        13672         2.22
  153354.239     0.600000        14922         2.50
  165412.863     0.650000        16156         2.86
  176160.767     0.700000        17414         3.33
  189661.183     0.750000        18650         4.00
  195166.207     0.775000        19270         4.44
  200540.159     0.800000        19885         5.00
  204603.391     0.825000        20506         5.71
  209846.271     0.850000        21131         6.67
  214695.935     0.875000        21756         8.00
  217317.375     0.887500        22059         8.89
  220594.175     0.900000        22372        10.00
  224264.191     0.912500        22689        11.43
  227934.207     0.925000        22993        13.33
  231342.079     0.937500        23303        16.00
  233177.087     0.943750        23465        17.78
  234749.951     0.950000        23614        20.00
  236322.815     0.956250        23769        22.86
  238026.751     0.962500        23930        26.67
  239599.615     0.968750        24088        32.00
  240254.975     0.971875        24157        35.56
  241041.407     0.975000        24242        40.00
  241696.767     0.978125        24313        45.71
  242483.199     0.981250        24393        53.33
  243269.631     0.984375        24467        64.00
  243662.847     0.985938        24508        71.11
  244187.135     0.987500        24549        80.00
  244580.351     0.989062        24585        91.43
  245104.639     0.990625        24628       106.67
  245497.855     0.992188        24659       128.00
  245891.071     0.992969        24685       142.22
  246153.215     0.993750        24702       160.00
  246546.431     0.994531        24723       182.86
  246808.575     0.995313        24742       213.33
  247201.791     0.996094        24764       256.00
  247332.863     0.996484        24770       284.44
  247595.007     0.996875        24781       320.00
  247857.151     0.997266        24791       365.71
  247988.223     0.997656        24795       426.67
  248250.367     0.998047        24805       512.00
  248512.511     0.998242        24811       568.89
  248643.583     0.998437        24815       640.00
  248905.727     0.998633        24822       731.43
  249036.799     0.998828        24827       853.33
  249167.871     0.999023        24829      1024.00
  249430.015     0.999121        24834      1137.78
  249430.015     0.999219        24834      1280.00
  249561.087     0.999316        24837      1462.86
  249692.159     0.999414        24839      1706.67
  249823.231     0.999512        24842      2048.00
  250085.375     0.999561        24846      2275.56
  250085.375     0.999609        24846      2560.00
  250085.375     0.999658        24846      2925.71
  250085.375     0.999707        24846      3413.33
  250216.447     0.999756        24848      4096.00
  250216.447     0.999780        24848      4551.11
  250478.591     0.999805        24849      5120.00
  250478.591     0.999829        24849      5851.43
  250740.735     0.999854        24850      6826.67
  250740.735     0.999878        24850      8192.00
  250871.807     0.999890        24851      9102.22
  250871.807     0.999902        24851     10240.00
  250871.807     0.999915        24851     11702.86
  251002.879     0.999927        24852     13653.33
  251002.879     0.999939        24852     16384.00
  251002.879     0.999945        24852     18204.44
  251002.879     0.999951        24852     20480.00
  251002.879     0.999957        24852     23405.71
  252051.455     0.999963        24853     27306.67
  252051.455     1.000000        24853          inf
#[Mean    =   129049.599, StdDeviation   =    68298.478]
#[Max     =   251920.384, Total count    =        24853]
#[Buckets =           27, SubBuckets     =         2048]
-----------------------------------------------------------------------
  26485 requests in 5.00m, 7.20MB read
Requests/sec:     88.27  
Transfer/sec:     24.57KB
Running 10m test @ http://nginx-thrift.social-network.svc.cluster.local:8080/wrk2-api/home-timeline/read
  2 threads and 50 connections

  Thread calibration: mean lat.: 2932.171ms, rate sampling interval: 13901ms
  Thread calibration: mean lat.: 2875.386ms, rate sampling interval: 13541ms

-----------------------------------------------------------------------
Test Results @ http://nginx-thrift.social-network.svc.cluster.local:8080/wrk2-api/home-timeline/read 
  Thread Stats   Avg      Stdev     99%   +/- Stdev
    Latency     4.39m     2.45m    8.66m    58.28%
    Req/Sec    30.07      3.02    36.00     76.47%
  Latency Distribution (HdrHistogram - Recorded Latency)
 50.000%    4.31m 
 75.000%    6.51m 
 90.000%    7.86m 
 99.000%    8.66m 
 99.900%    8.77m 
 99.990%    8.82m 
 99.999%    8.87m 
100.000%    8.87m 

  Detailed Percentile spectrum:
       Value   Percentile   TotalCount 1/(1-Percentile)

    7196.671     0.000000            1         1.00
   64618.495     0.100000         3598         1.11
  114884.607     0.200000         7195         1.25
  158597.119     0.300000        10794         1.43
  209321.983     0.400000        14401         1.67
  258867.199     0.500000        17991         2.00
  285736.959     0.550000        19806         2.22
  309854.207     0.600000        21600         2.50
  335020.031     0.650000        23395         2.86
  363069.439     0.700000        25196         3.33
  390594.559     0.750000        26995         4.00
  404226.047     0.775000        27884         4.44
  418643.967     0.800000        28796         5.00
  432013.311     0.825000        29680         5.71
  444596.223     0.850000        30579         6.67
  458751.999     0.875000        31490         8.00
  465043.455     0.887500        31936         8.89
  471859.199     0.900000        32388        10.00
  478674.943     0.912500        32848        11.43
  484966.399     0.925000        33287        13.33
  491519.999     0.937500        33727        16.00
  494927.871     0.943750        33952        17.78
  498335.743     0.950000        34192        20.00
  501743.615     0.956250        34411        22.86
  505413.631     0.962500        34626        26.67
  508821.503     0.968750        34861        32.00
  510132.223     0.971875        34974        35.56
  511442.943     0.975000        35091        40.00
  512491.519     0.978125        35189        45.71
  514326.527     0.981250        35318        53.33
  515899.391     0.984375        35417        64.00
  516947.967     0.985938        35474        71.11
  517996.543     0.987500        35530        80.00
  519045.119     0.989062        35591        91.43
  520093.695     0.990625        35650       106.67
  521142.271     0.992188        35710       128.00
  521404.415     0.992969        35727       142.22
  521928.703     0.993750        35757       160.00
  522452.991     0.994531        35783       182.86
  522977.279     0.995313        35810       213.33
  523501.567     0.996094        35837       256.00
  523763.711     0.996484        35852       284.44
  524025.855     0.996875        35864       320.00
  524550.143     0.997266        35883       365.71
  524812.287     0.997656        35894       426.67
  525074.431     0.998047        35905       512.00
  525336.575     0.998242        35914       568.89
  525598.719     0.998437        35919       640.00
  525860.863     0.998633        35929       731.43
  526123.007     0.998828        35935       853.33
  526385.151     0.999023        35944      1024.00
  526385.151     0.999121        35944      1137.78
  526647.295     0.999219        35949      1280.00
  526909.439     0.999316        35954      1462.86
  526909.439     0.999414        35954      1706.67
  527433.727     0.999512        35960      2048.00
  527433.727     0.999561        35960      2275.56
  527695.871     0.999609        35962      2560.00
  527958.015     0.999658        35965      2925.71
  527958.015     0.999707        35965      3413.33
  528220.159     0.999756        35967      4096.00
  528482.303     0.999780        35968      4551.11
  528482.303     0.999805        35968      5120.00
  528744.447     0.999829        35969      5851.43
  529006.591     0.999854        35970      6826.67
  529268.735     0.999878        35971      8192.00
  529530.879     0.999890        35972      9102.22
  529530.879     0.999902        35972     10240.00
  529530.879     0.999915        35972     11702.86
  530055.167     0.999927        35973     13653.33
  530055.167     0.999939        35973     16384.00
  530841.599     0.999945        35974     18204.44
  530841.599     0.999951        35974     20480.00
  530841.599     0.999957        35974     23405.71
  530841.599     0.999963        35974     27306.67
  530841.599     0.999969        35974     32768.00
  532152.319     0.999973        35975     36408.89
  532152.319     1.000000        35975          inf
#[Mean    =   263594.810, StdDeviation   =   147205.841]
#[Max     =   531890.176, Total count    =        35975]
#[Buckets =           27, SubBuckets     =         2048]
-----------------------------------------------------------------------
  36891 requests in 10.00m, 10.00MB read
Requests/sec:     61.48  
Transfer/sec:     17.06KB
Running 10m test @ http://nginx-thrift.social-network2.svc.cluster.local:8080/wrk2-api/home-timeline/read
  2 threads and 50 connections

  Thread calibration: mean lat.: 4290.791ms, rate sampling interval: 15286ms
  Thread calibration: mean lat.: 4269.207ms, rate sampling interval: 15679ms

-----------------------------------------------------------------------
Test Results @ http://nginx-thrift.social-network2.svc.cluster.local:8080/wrk2-api/home-timeline/read 
  Thread Stats   Avg      Stdev     99%   +/- Stdev
    Latency     4.41m     2.49m    8.67m    57.52%
    Req/Sec    30.80      3.60    48.00     93.33%
  Latency Distribution (HdrHistogram - Recorded Latency)
 50.000%    4.37m 
 75.000%    6.55m 
 90.000%    7.89m 
 99.000%    8.67m 
 99.900%    8.78m 
 99.990%    8.83m 
 99.999%    8.84m 
100.000%    8.84m 

  Detailed Percentile spectrum:
       Value   Percentile   TotalCount 1/(1-Percentile)

    7458.815     0.000000            1         1.00
   59932.671     0.100000         3709         1.11
  109772.799     0.200000         7416         1.25
  164364.287     0.300000        11142         1.43
  208404.479     0.400000        14843         1.67
  262012.927     0.500000        18546         2.00
  289406.975     0.550000        20402         2.22
  314048.511     0.600000        22255         2.50
  340000.767     0.650000        24106         2.86
  367525.887     0.700000        25957         3.33
  393215.999     0.750000        27825         4.00
  407371.775     0.775000        28755         4.44
  421265.407     0.800000        29674         5.00
  433848.319     0.825000        30596         5.71
  447479.807     0.850000        31524         6.67
  460324.863     0.875000        32462         8.00
  466616.319     0.887500        32918         8.89
  473169.919     0.900000        33372        10.00
  479723.519     0.912500        33840        11.43
  486014.975     0.925000        34302        13.33
  493092.863     0.937500        34771        16.00
  496238.591     0.943750        34997        17.78
  499384.319     0.950000        35233        20.00
  502792.191     0.956250        35473        22.86
  505937.919     0.962500        35694        26.67
  509345.791     0.968750        35933        32.00
  510918.655     0.971875        36044        35.56
  512491.519     0.975000        36157        40.00
  514064.383     0.978125        36269        45.71
  515899.391     0.981250        36399        53.33
  517472.255     0.984375        36507        64.00
  518258.687     0.985938        36567        71.11
  519045.119     0.987500        36626        80.00
  519831.551     0.989062        36691        91.43
  520355.839     0.990625        36733       106.67
  521404.415     0.992188        36801       128.00
  521666.559     0.992969        36820       142.22
  522190.847     0.993750        36858       160.00
  522715.135     0.994531        36886       182.86
  523239.423     0.995313        36917       213.33
  523763.711     0.996094        36945       256.00
  524025.855     0.996484        36958       284.44
  524287.999     0.996875        36965       320.00
  524550.143     0.997266        36982       365.71
  524812.287     0.997656        36994       426.67
  525336.575     0.998047        37011       512.00
  525598.719     0.998242        37017       568.89
  525860.863     0.998437        37026       640.00
  526123.007     0.998633        37031       731.43
  526385.151     0.998828        37037       853.33
  526647.295     0.999023        37044      1024.00
  526909.439     0.999121        37048      1137.78
  527433.727     0.999219        37055      1280.00
  527433.727     0.999316        37055      1462.86
  527695.871     0.999414        37059      1706.67
  527958.015     0.999512        37063      2048.00
  528220.159     0.999561        37065      2275.56
  528482.303     0.999609        37067      2560.00
  528744.447     0.999658        37070      2925.71
  528744.447     0.999707        37070      3413.33
  529006.591     0.999756        37071      4096.00
  529268.735     0.999780        37074      4551.11
  529268.735     0.999805        37074      5120.00
  529268.735     0.999829        37074      5851.43
  529530.879     0.999854        37076      6826.67
  529530.879     0.999878        37076      8192.00
  529530.879     0.999890        37076      9102.22
  529793.023     0.999902        37079     10240.00
  529793.023     0.999915        37079     11702.86
  529793.023     0.999927        37079     13653.33
  529793.023     0.999939        37079     16384.00
  529793.023     0.999945        37079     18204.44
  529793.023     0.999951        37079     20480.00
  529793.023     0.999957        37079     23405.71
  529793.023     0.999963        37079     27306.67
  529793.023     0.999969        37079     32768.00
  529793.023     0.999973        37079     36408.89
  530579.455     0.999976        37080     40960.00
  530579.455     1.000000        37080          inf
#[Mean    =   264508.811, StdDeviation   =   149215.609]
#[Max     =   530317.312, Total count    =        37080]
#[Buckets =           27, SubBuckets     =         2048]
-----------------------------------------------------------------------
  37796 requests in 10.00m, 10.28MB read
Requests/sec:     62.99  
Transfer/sec:     17.54KB
Running 10m test @ http://nginx-thrift.social-network3.svc.cluster.local:8080/wrk2-api/home-timeline/read
  2 threads and 50 connections

  Thread calibration: mean lat.: 796.677ms, rate sampling interval: 2910ms
  Thread calibration: mean lat.: 781.100ms, rate sampling interval: 3104ms

-----------------------------------------------------------------------
Test Results @ http://nginx-thrift.social-network3.svc.cluster.local:8080/wrk2-api/home-timeline/read 
  Thread Stats   Avg      Stdev     99%   +/- Stdev
    Latency     4.12m     2.34m    8.12m    58.66%
    Req/Sec    42.88      9.93    87.00     89.80%
  Latency Distribution (HdrHistogram - Recorded Latency)
 50.000%    4.14m 
 75.000%    6.14m 
 90.000%    7.37m 
 99.000%    8.12m 
 99.900%    8.24m 
 99.990%    8.26m 
 99.999%    8.28m 
100.000%    8.28m 

  Detailed Percentile spectrum:
       Value   Percentile   TotalCount 1/(1-Percentile)

    1550.335     0.000000            1         1.00
   52559.871     0.100000         5119         1.11
  103743.487     0.200000        10242         1.25
  151126.015     0.300000        15366         1.43
  197918.719     0.400000        20484         1.67
  248512.511     0.500000        25592         2.00
  272367.615     0.550000        28168         2.22
  296222.719     0.600000        30727         2.50
  318504.959     0.650000        33270         2.86
  343932.927     0.700000        35847         3.33
  368312.319     0.750000        38395         4.00
  382205.951     0.775000        39680         4.44
  390332.415     0.800000        40968         5.00
  402653.183     0.825000        42245         5.71
  416546.815     0.850000        43510         6.67
  430178.303     0.875000        44808         8.00
  436207.615     0.887500        45437         8.89
  442236.927     0.900000        46082        10.00
  447741.951     0.912500        46720        11.43
  453771.263     0.925000        47352        13.33
  460062.719     0.937500        47990        16.00
  463470.591     0.943750        48309        17.78
  466878.463     0.950000        48644        20.00
  469762.047     0.956250        48958        22.86
  472907.775     0.962500        49276        26.67
  476315.647     0.968750        49595        32.00
  478150.655     0.971875        49754        35.56
  479985.663     0.975000        49906        40.00
  482082.815     0.978125        50074        45.71
  483655.679     0.981250        50230        53.33
  485228.543     0.984375        50419        64.00
  485752.831     0.985938        50494        71.11
  486277.119     0.987500        50575        80.00
  486801.407     0.989062        50638        91.43
  487325.695     0.990625        50712       106.67
  488112.127     0.992188        50788       128.00
  488636.415     0.992969        50832       142.22
  489160.703     0.993750        50873       160.00
  489947.135     0.994531        50911       182.86
  490471.423     0.995313        50943       213.33
  491782.143     0.996094        50996       256.00
  492044.287     0.996484        51009       284.44
  492568.575     0.996875        51040       320.00
  492830.719     0.997266        51050       365.71
  493355.007     0.997656        51076       426.67
  493617.151     0.998047        51100       512.00
  493617.151     0.998242        51100       568.89
  493879.295     0.998437        51120       640.00
  493879.295     0.998633        51120       731.43
  494141.439     0.998828        51135       853.33
  494141.439     0.999023        51135      1024.00
  494403.583     0.999121        51152      1137.78
  494403.583     0.999219        51152      1280.00
  494403.583     0.999316        51152      1462.86
  494403.583     0.999414        51152      1706.67
  494665.727     0.999512        51162      2048.00
  494665.727     0.999561        51162      2275.56
  494665.727     0.999609        51162      2560.00
  494927.871     0.999658        51167      2925.71
  494927.871     0.999707        51167      3413.33
  495190.015     0.999756        51172      4096.00
  495190.015     0.999780        51172      4551.11
  495190.015     0.999805        51172      5120.00
  495452.159     0.999829        51174      5851.43
  495452.159     0.999854        51174      6826.67
  495714.303     0.999878        51177      8192.00
  495714.303     0.999890        51177      9102.22
  495714.303     0.999902        51177     10240.00
  495714.303     0.999915        51177     11702.86
  495976.447     0.999927        51179     13653.33
  495976.447     0.999939        51179     16384.00
  495976.447     0.999945        51179     18204.44
  495976.447     0.999951        51179     20480.00
  495976.447     0.999957        51179     23405.71
  496500.735     0.999963        51181     27306.67
  496500.735     1.000000        51181          inf
#[Mean    =   247117.783, StdDeviation   =   140339.379]
#[Max     =   496238.592, Total count    =        51181]
#[Buckets =           27, SubBuckets     =         2048]
-----------------------------------------------------------------------
  54900 requests in 10.00m, 14.92MB read
Requests/sec:     91.49  
Transfer/sec:     25.46KB
Running command1: /home/ubuntu/DeathStarBench/wrk2/wrk -D exp -t2 -c50 -d1m -L -s /home/ubuntu/DeathStarBench/socialNetwork/wrk2/scripts/social-network/read-home-timeline.lua http://nginx-thrift.social-network.svc.cluster.local:8080/wrk2-api/home-timeline/read -R300
Running command2: /home/ubuntu/DeathStarBench/wrk2/wrk -D exp -t2 -c50 -d1m -L -s /home/ubuntu/DeathStarBench/socialNetwork/wrk2/scripts/social-network/read-home-timeline.lua http://nginx-thrift.social-network2.svc.cluster.local:8080/wrk2-api/home-timeline/read -R300
Running command3: /home/ubuntu/DeathStarBench/wrk2/wrk -D exp -t2 -c50 -d1m -L -s /home/ubuntu/DeathStarBench/socialNetwork/wrk2/scripts/social-network/read-home-timeline.lua http://nginx-thrift.social-network3.svc.cluster.local:8080/wrk2-api/home-timeline/read -R300
Done
Running command1: /home/ubuntu/DeathStarBench/wrk2/wrk -D exp -t2 -c50 -d5m -L -s /home/ubuntu/DeathStarBench/socialNetwork/wrk2/scripts/social-network/read-home-timeline.lua http://nginx-thrift.social-network.svc.cluster.local:8080/wrk2-api/home-timeline/read -R300
Running command2: /home/ubuntu/DeathStarBench/wrk2/wrk -D exp -t2 -c50 -d5m -L -s /home/ubuntu/DeathStarBench/socialNetwork/wrk2/scripts/social-network/read-home-timeline.lua http://nginx-thrift.social-network2.svc.cluster.local:8080/wrk2-api/home-timeline/read -R300
Running command3: /home/ubuntu/DeathStarBench/wrk2/wrk -D exp -t2 -c50 -d5m -L -s /home/ubuntu/DeathStarBench/socialNetwork/wrk2/scripts/social-network/read-home-timeline.lua http://nginx-thrift.social-network3.svc.cluster.local:8080/wrk2-api/home-timeline/read -R300
Done
Running command1: /home/ubuntu/DeathStarBench/wrk2/wrk -D exp -t2 -c50 -d10m -L -s /home/ubuntu/DeathStarBench/socialNetwork/wrk2/scripts/social-network/read-home-timeline.lua http://nginx-thrift.social-network.svc.cluster.local:8080/wrk2-api/home-timeline/read -R300
Running command2: /home/ubuntu/DeathStarBench/wrk2/wrk -D exp -t2 -c50 -d10m -L -s /home/ubuntu/DeathStarBench/socialNetwork/wrk2/scripts/social-network/read-home-timeline.lua http://nginx-thrift.social-network2.svc.cluster.local:8080/wrk2-api/home-timeline/read -R300
Running command3: /home/ubuntu/DeathStarBench/wrk2/wrk -D exp -t2 -c50 -d10m -L -s /home/ubuntu/DeathStarBench/socialNetwork/wrk2/scripts/social-network/read-home-timeline.lua http://nginx-thrift.social-network3.svc.cluster.local:8080/wrk2-api/home-timeline/read -R300
Done
Running command1: /home/ubuntu/DeathStarBench/wrk2/wrk -D exp -t2 -c50 -d1m -L -s /home/ubuntu/DeathStarBench/socialNetwork/wrk2/scripts/social-network/read-home-timeline.lua http://nginx-thrift.social-network.svc.cluster.local:8080/wrk2-api/home-timeline/read -R500
Running command2: /home/ubuntu/DeathStarBench/wrk2/wrk -D exp -t2 -c50 -d1m -L -s /home/ubuntu/DeathStarBench/socialNetwork/wrk2/scripts/social-network/read-home-timeline.lua http://nginx-thrift.social-network2.svc.cluster.local:8080/wrk2-api/home-timeline/read -R500
Running command3: /home/ubuntu/DeathStarBench/wrk2/wrk -D exp -t2 -c50 -d1m -L -s /home/ubuntu/DeathStarBench/socialNetwork/wrk2/scripts/social-network/read-home-timeline.lua http://nginx-thrift.social-network3.svc.cluster.local:8080/wrk2-api/home-timeline/read -R500
Done
Running command1: /home/ubuntu/DeathStarBench/wrk2/wrk -D exp -t2 -c50 -d5m -L -s /home/ubuntu/DeathStarBench/socialNetwork/wrk2/scripts/social-network/read-home-timeline.lua http://nginx-thrift.social-network.svc.cluster.local:8080/wrk2-api/home-timeline/read -R500
Running command2: /home/ubuntu/DeathStarBench/wrk2/wrk -D exp -t2 -c50 -d5m -L -s /home/ubuntu/DeathStarBench/socialNetwork/wrk2/scripts/social-network/read-home-timeline.lua http://nginx-thrift.social-network2.svc.cluster.local:8080/wrk2-api/home-timeline/read -R500
Running command3: /home/ubuntu/DeathStarBench/wrk2/wrk -D exp -t2 -c50 -d5m -L -s /home/ubuntu/DeathStarBench/socialNetwork/wrk2/scripts/social-network/read-home-timeline.lua http://nginx-thrift.social-network3.svc.cluster.local:8080/wrk2-api/home-timeline/read -R500
Done
Running command1: /home/ubuntu/DeathStarBench/wrk2/wrk -D exp -t2 -c50 -d10m -L -s /home/ubuntu/DeathStarBench/socialNetwork/wrk2/scripts/social-network/read-home-timeline.lua http://nginx-thrift.social-network.svc.cluster.local:8080/wrk2-api/home-timeline/read -R500
Running command2: /home/ubuntu/DeathStarBench/wrk2/wrk -D exp -t2 -c50 -d10m -L -s /home/ubuntu/DeathStarBench/socialNetwork/wrk2/scripts/social-network/read-home-timeline.lua http://nginx-thrift.social-network2.svc.cluster.local:8080/wrk2-api/home-timeline/read -R500
Running command3: /home/ubuntu/DeathStarBench/wrk2/wrk -D exp -t2 -c50 -d10m -L -s /home/ubuntu/DeathStarBench/socialNetwork/wrk2/scripts/social-network/read-home-timeline.lua http://nginx-thrift.social-network3.svc.cluster.local:8080/wrk2-api/home-timeline/read -R500
Done
