nohup: ignoring input
Running 30s test @ http://nginx-thrift.social-network.svc.cluster.local:8080/wrk2-api/post/compose
  2 threads and 100 connections

  Thread calibration: mean lat.: 717.012ms, rate sampling interval: 1775ms
  Thread calibration: mean lat.: 722.930ms, rate sampling interval: 1754ms

-----------------------------------------------------------------------
Test Results @ http://nginx-thrift.social-network.svc.cluster.local:8080/wrk2-api/post/compose 
  Thread Stats   Avg      Stdev     99%   +/- Stdev
    Latency   811.95ms  183.46ms   1.29s    69.90%
    Req/Sec    25.36      5.43    28.00     90.91%
  Latency Distribution (HdrHistogram - Recorded Latency)
 50.000%  779.26ms
 75.000%  949.76ms
 90.000%    1.06s 
 99.000%    1.29s 
 99.900%    1.36s 
 99.990%    1.36s 
 99.999%    1.36s 
100.000%    1.36s 

  Detailed Percentile spectrum:
       Value   Percentile   TotalCount 1/(1-Percentile)

     219.775     0.000000            1         1.00
     585.215     0.100000          100         1.11
     697.343     0.200000          200         1.25
     735.743     0.300000          300         1.43
     757.759     0.400000          407         1.67
     779.263     0.500000          501         2.00
     804.351     0.550000          551         2.22
     825.343     0.600000          600         2.50
     870.399     0.650000          650         2.86
     915.967     0.700000          701         3.33
     949.759     0.750000          752         4.00
     961.023     0.775000          775         4.44
     974.335     0.800000          802         5.00
     990.207     0.825000          826         5.71
    1012.223     0.850000          850         6.67
    1034.751     0.875000          875         8.00
    1051.647     0.887500          889         8.89
    1055.743     0.900000          902        10.00
    1071.103     0.912500          913        11.43
    1081.343     0.925000          925        13.33
    1088.511     0.937500          939        16.00
    1091.583     0.943750          945        17.78
    1108.991     0.950000          952        20.00
    1112.063     0.956250          957        22.86
    1116.159     0.962500          963        26.67
    1122.303     0.968750          970        32.00
    1126.399     0.971875          972        35.56
    1129.471     0.975000          975        40.00
    1146.879     0.978125          980        45.71
    1161.215     0.981250          982        53.33
    1192.959     0.984375          985        64.00
    1196.031     0.985938          986        71.11
    1217.535     0.987500          988        80.00
    1294.335     0.989062          991        91.43
    1294.335     0.990625          991       106.67
    1307.647     0.992188          994       128.00
    1307.647     0.992969          994       142.22
    1307.647     0.993750          994       160.00
    1318.911     0.994531          995       182.86
    1346.559     0.995313          996       213.33
    1350.655     0.996094          997       256.00
    1350.655     0.996484          997       284.44
    1350.655     0.996875          997       320.00
    1351.679     0.997266          998       365.71
    1351.679     0.997656          998       426.67
    1356.799     0.998047          999       512.00
    1356.799     0.998242          999       568.89
    1356.799     0.998437          999       640.00
    1356.799     0.998633          999       731.43
    1356.799     0.998828          999       853.33
    1363.967     0.999023         1000      1024.00
    1363.967     1.000000         1000          inf
#[Mean    =      811.950, StdDeviation   =      183.459]
#[Max     =     1362.944, Total count    =         1000]
#[Buckets =           27, SubBuckets     =         2048]
-----------------------------------------------------------------------
  1400 requests in 30.05s, 418.47KB read
  Socket errors: connect 0, read 0, write 0, timeout 2
  Non-2xx or 3xx responses: 190
Requests/sec:     46.58  
Transfer/sec:     13.92KB
Running 30s test @ http://nginx-thrift.social-network.svc.cluster.local:8080/wrk2-api/post/compose
  2 threads and 100 connections

  Thread calibration: mean lat.: 762.843ms, rate sampling interval: 2848ms
  Thread calibration: mean lat.: 757.344ms, rate sampling interval: 2707ms

-----------------------------------------------------------------------
Test Results @ http://nginx-thrift.social-network.svc.cluster.local:8080/wrk2-api/post/compose 
  Thread Stats   Avg      Stdev     99%   +/- Stdev
    Latency   664.00ms  213.46ms   1.19s    65.45%
    Req/Sec    49.64      5.20    58.00     71.43%
  Latency Distribution (HdrHistogram - Recorded Latency)
 50.000%  616.96ms
 75.000%  778.75ms
 90.000%  991.74ms
 99.000%    1.19s 
 99.900%    1.34s 
 99.990%    1.36s 
 99.999%    1.36s 
100.000%    1.36s 

  Detailed Percentile spectrum:
       Value   Percentile   TotalCount 1/(1-Percentile)

     349.695     0.000000            1         1.00
     417.791     0.100000          200         1.11
     474.367     0.200000          400         1.25
     521.983     0.300000          600         1.43
     576.511     0.400000          801         1.67
     616.959     0.500000         1002         2.00
     636.927     0.550000         1102         2.22
     659.455     0.600000         1204         2.50
     698.879     0.650000         1301         2.86
     740.863     0.700000         1400         3.33
     778.751     0.750000         1500         4.00
     820.735     0.775000         1551         4.44
     860.159     0.800000         1601         5.00
     915.967     0.825000         1651         5.71
     944.127     0.850000         1700         6.67
     968.191     0.875000         1750         8.00
     973.311     0.887500         1775         8.89
     991.743     0.900000         1801        10.00
    1010.687     0.912500         1825        11.43
    1053.695     0.925000         1851        13.33
    1073.151     0.937500         1876        16.00
    1096.703     0.943750         1892        17.78
    1098.751     0.950000         1902        20.00
    1107.967     0.956250         1917        22.86
    1110.015     0.962500         1931        26.67
    1111.039     0.968750         1940        32.00
    1112.063     0.971875         1946        35.56
    1116.159     0.975000         1950        40.00
    1131.519     0.978125         1958        45.71
    1136.639     0.981250         1963        53.33
    1145.855     0.984375         1969        64.00
    1149.951     0.985938         1972        71.11
    1160.191     0.987500         1975        80.00
    1175.551     0.989062         1979        91.43
    1186.815     0.990625         1982       106.67
    1191.935     0.992188         1985       128.00
    1209.343     0.992969         1986       142.22
    1217.535     0.993750         1988       160.00
    1222.655     0.994531         1990       182.86
    1223.679     0.995313         1991       213.33
    1249.279     0.996094         1993       256.00
    1249.279     0.996484         1993       284.44
    1250.303     0.996875         1994       320.00
    1261.567     0.997266         1995       365.71
    1313.791     0.997656         1996       426.67
    1333.247     0.998047         1997       512.00
    1333.247     0.998242         1997       568.89
    1333.247     0.998437         1997       640.00
    1341.439     0.998633         1998       731.43
    1341.439     0.998828         1998       853.33
    1346.559     0.999023         1999      1024.00
    1346.559     0.999121         1999      1137.78
    1346.559     0.999219         1999      1280.00
    1346.559     0.999316         1999      1462.86
    1346.559     0.999414         1999      1706.67
    1356.799     0.999512         2000      2048.00
    1356.799     1.000000         2000          inf
#[Mean    =      663.996, StdDeviation   =      213.459]
#[Max     =     1355.776, Total count    =         2000]
#[Buckets =           27, SubBuckets     =         2048]
-----------------------------------------------------------------------
  2900 requests in 30.05s, 852.01KB read
  Non-2xx or 3xx responses: 49
Requests/sec:     96.51  
Transfer/sec:     28.35KB
Running 30s test @ http://nginx-thrift.social-network.svc.cluster.local:8080/wrk2-api/post/compose
  2 threads and 100 connections

  Thread calibration: mean lat.: 1859.669ms, rate sampling interval: 4694ms
  Thread calibration: mean lat.: 1792.441ms, rate sampling interval: 4370ms

-----------------------------------------------------------------------
Test Results @ http://nginx-thrift.social-network.svc.cluster.local:8080/wrk2-api/post/compose 
  Thread Stats   Avg      Stdev     99%   +/- Stdev
    Latency     3.32s   841.52ms   5.30s    66.57%
    Req/Sec    85.62      8.53   102.00     62.50%
  Latency Distribution (HdrHistogram - Recorded Latency)
 50.000%    3.20s 
 75.000%    3.84s 
 90.000%    4.56s 
 99.000%    5.30s 
 99.900%    5.69s 
 99.990%    5.95s 
 99.999%    5.95s 
100.000%    5.95s 

  Detailed Percentile spectrum:
       Value   Percentile   TotalCount 1/(1-Percentile)

    1501.183     0.000000            1         1.00
    2213.887     0.100000          341         1.11
    2662.399     0.200000          684         1.25
    2877.439     0.300000         1026         1.43
    3067.903     0.400000         1361         1.67
    3203.071     0.500000         1701         2.00
    3280.895     0.550000         1873         2.22
    3371.007     0.600000         2046         2.50
    3512.319     0.650000         2213         2.86
    3708.927     0.700000         2384         3.33
    3842.047     0.750000         2551         4.00
    3950.591     0.775000         2637         4.44
    4048.895     0.800000         2721         5.00
    4202.495     0.825000         2807         5.71
    4337.663     0.850000         2891         6.67
    4440.063     0.875000         2976         8.00
    4530.175     0.887500         3020         8.89
    4562.943     0.900000         3067        10.00
    4624.383     0.912500         3104        11.43
    4681.727     0.925000         3149        13.33
    4751.359     0.937500         3192        16.00
    4808.703     0.943750         3210        17.78
    4849.663     0.950000         3231        20.00
    4890.623     0.956250         3253        22.86
    4919.295     0.962500         3274        26.67
    4988.927     0.968750         3295        32.00
    5029.887     0.971875         3306        35.56
    5054.463     0.975000         3319        40.00
    5066.751     0.978125         3327        45.71
    5136.383     0.981250         3339        53.33
    5169.151     0.984375         3348        64.00
    5206.015     0.985938         3354        71.11
    5218.303     0.987500         3360        80.00
    5238.783     0.989062         3364        91.43
    5312.511     0.990625         3370       106.67
    5345.279     0.992188         3375       128.00
    5357.567     0.992969         3378       142.22
    5386.239     0.993750         3381       160.00
    5390.335     0.994531         3383       182.86
    5410.815     0.995313         3386       213.33
    5455.871     0.996094         3388       256.00
    5484.543     0.996484         3390       284.44
    5521.407     0.996875         3391       320.00
    5566.463     0.997266         3392       365.71
    5631.999     0.997656         3394       426.67
    5660.671     0.998047         3395       512.00
    5664.767     0.998242         3396       568.89
    5664.767     0.998437         3396       640.00
    5672.959     0.998633         3397       731.43
    5693.439     0.998828         3398       853.33
    5693.439     0.999023         3398      1024.00
    5804.031     0.999121         3399      1137.78
    5804.031     0.999219         3399      1280.00
    5804.031     0.999316         3399      1462.86
    5853.183     0.999414         3400      1706.67
    5853.183     0.999512         3400      2048.00
    5853.183     0.999561         3400      2275.56
    5853.183     0.999609         3400      2560.00
    5853.183     0.999658         3400      2925.71
    5951.487     0.999707         3401      3413.33
    5951.487     1.000000         3401          inf
#[Mean    =     3316.749, StdDeviation   =      841.515]
#[Max     =     5947.392, Total count    =         3401]
#[Buckets =           27, SubBuckets     =         2048]
-----------------------------------------------------------------------
  4850 requests in 30.00s, 1.39MB read
Requests/sec:    161.67  
Transfer/sec:     47.37KB
Running 30s test @ http://nginx-thrift.social-network.svc.cluster.local:8080/wrk2-api/home-timeline/read
  2 threads and 100 connections

  Thread calibration: mean lat.: 106.296ms, rate sampling interval: 436ms
  Thread calibration: mean lat.: 107.376ms, rate sampling interval: 434ms

-----------------------------------------------------------------------
Test Results @ http://nginx-thrift.social-network.svc.cluster.local:8080/wrk2-api/home-timeline/read 
  Thread Stats   Avg      Stdev     99%   +/- Stdev
    Latency   102.45ms   46.13ms 265.21ms   85.78%
    Req/Sec   100.59     32.78   183.00     81.32%
  Latency Distribution (HdrHistogram - Recorded Latency)
 50.000%   86.97ms
 75.000%  123.78ms
 90.000%  166.65ms
 99.000%  265.21ms
 99.900%  300.80ms
 99.990%  356.61ms
 99.999%  356.61ms
100.000%  356.61ms

  Detailed Percentile spectrum:
       Value   Percentile   TotalCount 1/(1-Percentile)

      57.919     0.000000            2         1.00
      61.055     0.100000          408         1.11
      64.159     0.200000          802         1.25
      68.351     0.300000         1204         1.43
      76.031     0.400000         1605         1.67
      86.975     0.500000         2000         2.00
      94.207     0.550000         2200         2.22
     102.463     0.600000         2400         2.50
     108.479     0.650000         2601         2.86
     114.815     0.700000         2800         3.33
     123.775     0.750000         3000         4.00
     129.855     0.775000         3100         4.44
     134.143     0.800000         3204         5.00
     139.647     0.825000         3300         5.71
     148.095     0.850000         3402         6.67
     155.391     0.875000         3501         8.00
     157.183     0.887500         3550         8.89
     166.655     0.900000         3600        10.00
     177.023     0.912500         3650        11.43
     180.991     0.925000         3701        13.33
     188.031     0.937500         3750        16.00
     196.351     0.943750         3775        17.78
     201.471     0.950000         3800        20.00
     206.463     0.956250         3826        22.86
     208.639     0.962500         3850        26.67
     214.911     0.968750         3875        32.00
     218.495     0.971875         3888        35.56
     223.103     0.975000         3900        40.00
     226.431     0.978125         3913        45.71
     237.695     0.981250         3925        53.33
     246.527     0.984375         3940        64.00
     249.087     0.985938         3946        71.11
     249.471     0.987500         3951        80.00
     250.367     0.989062         3957        91.43
     265.727     0.990625         3963       106.67
     270.847     0.992188         3969       128.00
     274.943     0.992969         3972       142.22
     276.735     0.993750         3975       160.00
     278.783     0.994531         3979       182.86
     279.551     0.995313         3983       213.33
     280.575     0.996094         3985       256.00
     281.087     0.996484         3986       284.44
     284.415     0.996875         3989       320.00
     286.719     0.997266         3990       365.71
     287.231     0.997656         3991       426.67
     289.791     0.998047         3993       512.00
     289.791     0.998242         3993       568.89
     292.095     0.998437         3994       640.00
     294.399     0.998633         3995       731.43
     300.799     0.998828         3996       853.33
     301.823     0.999023         3997      1024.00
     301.823     0.999121         3997      1137.78
     301.823     0.999219         3997      1280.00
     308.991     0.999316         3998      1462.86
     308.991     0.999414         3998      1706.67
     309.503     0.999512         3999      2048.00
     309.503     0.999561         3999      2275.56
     309.503     0.999609         3999      2560.00
     309.503     0.999658         3999      2925.71
     309.503     0.999707         3999      3413.33
     356.607     0.999756         4000      4096.00
     356.607     1.000000         4000          inf
#[Mean    =      102.448, StdDeviation   =       46.128]
#[Max     =      356.352, Total count    =         4000]
#[Buckets =           27, SubBuckets     =         2048]
-----------------------------------------------------------------------
  5900 requests in 30.05s, 1.60MB read
  Non-2xx or 3xx responses: 93
Requests/sec:    196.32  
Transfer/sec:     54.49KB
Running 30s test @ http://nginx-thrift.social-network.svc.cluster.local:8080/wrk2-api/home-timeline/read
  2 threads and 100 connections

  Thread calibration: mean lat.: 112.254ms, rate sampling interval: 364ms
  Thread calibration: mean lat.: 111.852ms, rate sampling interval: 360ms

-----------------------------------------------------------------------
Test Results @ http://nginx-thrift.social-network.svc.cluster.local:8080/wrk2-api/home-timeline/read 
  Thread Stats   Avg      Stdev     99%   +/- Stdev
    Latency   100.98ms   41.12ms 234.24ms   78.66%
    Req/Sec   250.08     43.41   347.00     69.72%
  Latency Distribution (HdrHistogram - Recorded Latency)
 50.000%   89.73ms
 75.000%  120.70ms
 90.000%  156.16ms
 99.000%  234.24ms
 99.900%  308.99ms
 99.990%  320.77ms
 99.999%  321.54ms
100.000%  321.54ms

  Detailed Percentile spectrum:
       Value   Percentile   TotalCount 1/(1-Percentile)

      57.279     0.000000            1         1.00
      61.119     0.100000         1004         1.11
      65.919     0.200000         2000         1.25
      71.551     0.300000         3012         1.43
      79.359     0.400000         4003         1.67
      89.727     0.500000         5004         2.00
      95.551     0.550000         5503         2.22
     101.247     0.600000         6003         2.50
     106.943     0.650000         6502         2.86
     114.047     0.700000         7003         3.33
     120.703     0.750000         7500         4.00
     125.887     0.775000         7750         4.44
     131.455     0.800000         8008         5.00
     136.319     0.825000         8253         5.71
     141.439     0.850000         8501         6.67
     148.607     0.875000         8755         8.00
     151.679     0.887500         8883         8.89
     156.159     0.900000         9001        10.00
     159.359     0.912500         9127        11.43
     167.039     0.925000         9250        13.33
     177.407     0.937500         9375        16.00
     179.583     0.943750         9438        17.78
     182.655     0.950000         9501        20.00
     188.031     0.956250         9563        22.86
     193.791     0.962500         9625        26.67
     201.087     0.968750         9690        32.00
     202.751     0.971875         9719        35.56
     208.255     0.975000         9752        40.00
     212.991     0.978125         9782        45.71
     216.447     0.981250         9813        53.33
     225.919     0.984375         9844        64.00
     228.607     0.985938         9862        71.11
     230.655     0.987500         9875        80.00
     232.319     0.989062         9891        91.43
     235.263     0.990625         9908       106.67
     243.839     0.992188         9922       128.00
     247.807     0.992969         9931       142.22
     251.903     0.993750         9938       160.00
     259.839     0.994531         9946       182.86
     266.239     0.995313         9955       213.33
     275.199     0.996094         9962       256.00
     275.455     0.996484         9966       284.44
     275.967     0.996875         9970       320.00
     276.223     0.997266         9973       365.71
     276.735     0.997656         9977       426.67
     277.503     0.998047         9981       512.00
     303.871     0.998242         9983       568.89
     304.383     0.998437         9985       640.00
     307.199     0.998633         9987       731.43
     308.479     0.998828         9989       853.33
     311.807     0.999023         9991      1024.00
     312.319     0.999121         9992      1137.78
     312.575     0.999219         9994      1280.00
     312.575     0.999316         9994      1462.86
     313.599     0.999414         9995      1706.67
     314.111     0.999512         9996      2048.00
     314.111     0.999561         9996      2275.56
     318.975     0.999609         9997      2560.00
     318.975     0.999658         9997      2925.71
     319.231     0.999707         9998      3413.33
     319.231     0.999756         9998      4096.00
     319.231     0.999780         9998      4551.11
     320.767     0.999805         9999      5120.00
     320.767     0.999829         9999      5851.43
     320.767     0.999854         9999      6826.67
     320.767     0.999878         9999      8192.00
     320.767     0.999890         9999      9102.22
     321.535     0.999902        10000     10240.00
     321.535     1.000000        10000          inf
#[Mean    =      100.984, StdDeviation   =       41.116]
#[Max     =      321.280, Total count    =        10000]
#[Buckets =           27, SubBuckets     =         2048]
-----------------------------------------------------------------------
  14900 requests in 30.05s, 4.02MB read
Requests/sec:    495.82  
Transfer/sec:    137.14KB
Running 30s test @ http://nginx-thrift.social-network.svc.cluster.local:8080/wrk2-api/home-timeline/read
  2 threads and 100 connections

  Thread calibration: mean lat.: 201.126ms, rate sampling interval: 676ms
  Thread calibration: mean lat.: 203.499ms, rate sampling interval: 699ms

-----------------------------------------------------------------------
Test Results @ http://nginx-thrift.social-network.svc.cluster.local:8080/wrk2-api/home-timeline/read 
  Thread Stats   Avg      Stdev     99%   +/- Stdev
    Latency     1.49s     1.23s    4.25s    66.43%
    Req/Sec   401.23     83.38   568.00     66.67%
  Latency Distribution (HdrHistogram - Recorded Latency)
 50.000%  932.35ms
 75.000%    2.45s 
 90.000%    3.63s 
 99.000%    4.25s 
 99.900%    4.57s 
 99.990%    4.71s 
 99.999%    4.75s 
100.000%    4.75s 

  Detailed Percentile spectrum:
       Value   Percentile   TotalCount 1/(1-Percentile)

      57.663     0.000000            1         1.00
     231.039     0.100000         1602         1.11
     534.527     0.200000         3207         1.25
     663.551     0.300000         4811         1.43
     769.023     0.400000         6406         1.67
     932.351     0.500000         8009         2.00
    1068.031     0.550000         8809         2.22
    1239.039     0.600000         9620         2.50
    1465.343     0.650000        10411         2.86
    1893.375     0.700000        11213         3.33
    2451.455     0.750000        12012         4.00
    2699.263     0.775000        12417         4.44
    2883.583     0.800000        12812         5.00
    3065.855     0.825000        13219         5.71
    3262.463     0.850000        13618         6.67
    3450.879     0.875000        14014         8.00
    3540.991     0.887500        14217         8.89
    3633.151     0.900000        14421        10.00
    3710.975     0.912500        14616        11.43
    3778.559     0.925000        14827        13.33
    3842.047     0.937500        15017        16.00
    3872.767     0.943750        15117        17.78
    3897.343     0.950000        15218        20.00
    3946.495     0.956250        15315        22.86
    3983.359     0.962500        15418        26.67
    4020.223     0.968750        15515        32.00
    4055.039     0.971875        15569        35.56
    4073.471     0.975000        15615        40.00
    4098.047     0.978125        15668        45.71
    4130.815     0.981250        15715        53.33
    4179.967     0.984375        15766        64.00
    4190.207     0.985938        15791        71.11
    4210.687     0.987500        15817        80.00
    4239.359     0.989062        15844        91.43
    4263.935     0.990625        15872       106.67
    4276.223     0.992188        15892       128.00
    4288.511     0.992969        15903       142.22
    4304.895     0.993750        15916       160.00
    4345.855     0.994531        15929       182.86
    4362.239     0.995313        15940       213.33
    4382.719     0.996094        15954       256.00
    4390.911     0.996484        15959       284.44
    4399.103     0.996875        15965       320.00
    4435.967     0.997266        15973       365.71
    4468.735     0.997656        15978       426.67
    4489.215     0.998047        15984       512.00
    4509.695     0.998242        15987       568.89
    4526.079     0.998437        15990       640.00
    4546.559     0.998633        15994       731.43
    4562.943     0.998828        15998       853.33
    4579.327     0.999023        16001      1024.00
    4579.327     0.999121        16001      1137.78
    4591.615     0.999219        16003      1280.00
    4628.479     0.999316        16005      1462.86
    4648.959     0.999414        16006      1706.67
    4665.343     0.999512        16008      2048.00
    4665.343     0.999561        16008      2275.56
    4673.535     0.999609        16009      2560.00
    4677.631     0.999658        16011      2925.71
    4677.631     0.999707        16011      3413.33
    4710.399     0.999756        16012      4096.00
    4710.399     0.999780        16012      4551.11
    4710.399     0.999805        16012      5120.00
    4714.495     0.999829        16013      5851.43
    4714.495     0.999854        16013      6826.67
    4739.071     0.999878        16014      8192.00
    4739.071     0.999890        16014      9102.22
    4739.071     0.999902        16014     10240.00
    4739.071     0.999915        16014     11702.86
    4739.071     0.999927        16014     13653.33
    4751.359     0.999939        16015     16384.00
    4751.359     1.000000        16015          inf
#[Mean    =     1491.179, StdDeviation   =     1234.880]
#[Max     =     4747.264, Total count    =        16015]
#[Buckets =           27, SubBuckets     =         2048]
-----------------------------------------------------------------------
  25315 requests in 30.05s, 6.84MB read
Requests/sec:    842.38  
Transfer/sec:    233.22KB
Running 30s test @ http://nginx-thrift.social-network.svc.cluster.local:8080/wrk2-api/user-timeline/read
  2 threads and 100 connections

  Thread calibration: mean lat.: 552.625ms, rate sampling interval: 1674ms
  Thread calibration: mean lat.: 575.598ms, rate sampling interval: 1712ms

-----------------------------------------------------------------------
Test Results @ http://nginx-thrift.social-network.svc.cluster.local:8080/wrk2-api/user-timeline/read 
  Thread Stats   Avg      Stdev     99%   +/- Stdev
    Latency   547.92ms  175.69ms 964.61ms   68.33%
    Req/Sec    99.86      5.42   109.00     77.27%
  Latency Distribution (HdrHistogram - Recorded Latency)
 50.000%  553.47ms
 75.000%  666.11ms
 90.000%  758.78ms
 99.000%  964.61ms
 99.900%    1.22s 
 99.990%    1.32s 
 99.999%    1.32s 
100.000%    1.32s 

  Detailed Percentile spectrum:
       Value   Percentile   TotalCount 1/(1-Percentile)

     106.367     0.000000            1         1.00
     315.391     0.100000          401         1.11
     397.311     0.200000          802         1.25
     456.447     0.300000         1203         1.43
     511.231     0.400000         1604         1.67
     553.471     0.500000         2006         2.00
     574.463     0.550000         2210         2.22
     594.943     0.600000         2409         2.50
     616.447     0.650000         2609         2.86
     639.487     0.700000         2807         3.33
     666.111     0.750000         3008         4.00
     681.471     0.775000         3115         4.44
     694.271     0.800000         3211         5.00
     706.559     0.825000         3311         5.71
     724.991     0.850000         3410         6.67
     738.815     0.875000         3510         8.00
     749.055     0.887500         3559         8.89
     758.783     0.900000         3609        10.00
     774.143     0.912500         3660        11.43
     785.919     0.925000         3710        13.33
     809.471     0.937500         3760        16.00
     816.639     0.943750         3785        17.78
     828.927     0.950000         3813        20.00
     840.703     0.956250         3838        22.86
     852.991     0.962500         3860        26.67
     873.471     0.968750         3885        32.00
     878.591     0.971875         3898        35.56
     894.463     0.975000         3910        40.00
     905.727     0.978125         3923        45.71
     914.431     0.981250         3935        53.33
     932.351     0.984375         3948        64.00
     940.543     0.985938         3954        71.11
     947.711     0.987500         3961        80.00
     952.319     0.989062         3967        91.43
     983.039     0.990625         3973       106.67
     995.839     0.992188         3979       128.00
    1001.983     0.992969         3982       142.22
    1017.343     0.993750         3985       160.00
    1029.631     0.994531         3989       182.86
    1043.455     0.995313         3992       213.33
    1060.863     0.996094         3995       256.00
    1079.295     0.996484         3996       284.44
    1106.943     0.996875         3998       320.00
    1117.183     0.997266         4000       365.71
    1118.207     0.997656         4001       426.67
    1138.687     0.998047         4003       512.00
    1138.687     0.998242         4003       568.89
    1144.831     0.998437         4004       640.00
    1147.903     0.998633         4005       731.43
    1215.487     0.998828         4006       853.33
    1223.679     0.999023         4007      1024.00
    1223.679     0.999121         4007      1137.78
    1223.679     0.999219         4007      1280.00
    1229.823     0.999316         4008      1462.86
    1229.823     0.999414         4008      1706.67
    1300.479     0.999512         4009      2048.00
    1300.479     0.999561         4009      2275.56
    1300.479     0.999609         4009      2560.00
    1300.479     0.999658         4009      2925.71
    1300.479     0.999707         4009      3413.33
    1319.935     0.999756         4010      4096.00
    1319.935     1.000000         4010          inf
#[Mean    =      547.920, StdDeviation   =      175.686]
#[Max     =     1318.912, Total count    =         4010]
#[Buckets =           27, SubBuckets     =         2048]
-----------------------------------------------------------------------
  5843 requests in 30.01s, 70.77MB read
  Non-2xx or 3xx responses: 153
Requests/sec:    194.69  
Transfer/sec:      2.36MB
Running 30s test @ http://nginx-thrift.social-network.svc.cluster.local:8080/wrk2-api/user-timeline/read
  2 threads and 100 connections

  Thread calibration: mean lat.: 3401.463ms, rate sampling interval: 10715ms
  Thread calibration: mean lat.: 2999.897ms, rate sampling interval: 9617ms

-----------------------------------------------------------------------
Test Results @ http://nginx-thrift.social-network.svc.cluster.local:8080/wrk2-api/user-timeline/read 
  Thread Stats   Avg      Stdev     99%   +/- Stdev
    Latency    12.80s     3.48s   18.69s    61.98%
    Req/Sec    88.33      7.59    99.00     66.67%
  Latency Distribution (HdrHistogram - Recorded Latency)
 50.000%   12.92s 
 75.000%   15.83s 
 90.000%   17.33s 
 99.000%   18.69s 
 99.900%   19.35s 
 99.990%   19.94s 
 99.999%   19.94s 
100.000%   19.94s 

  Detailed Percentile spectrum:
       Value   Percentile   TotalCount 1/(1-Percentile)

    4988.927     0.000000            1         1.00
    7995.391     0.100000          372         1.11
    9617.407     0.200000          744         1.25
   10665.983     0.300000         1116         1.43
   11788.287     0.400000         1487         1.67
   12918.783     0.500000         1859         2.00
   13475.839     0.550000         2044         2.22
   14065.663     0.600000         2231         2.50
   14688.255     0.650000         2416         2.86
   15286.271     0.700000         2605         3.33
   15826.943     0.750000         2789         4.00
   16072.703     0.775000         2880         4.44
   16326.655     0.800000         2975         5.00
   16588.799     0.825000         3066         5.71
   16842.751     0.850000         3159         6.67
   17088.511     0.875000         3260         8.00
   17203.199     0.887500         3305         8.89
   17334.271     0.900000         3346        10.00
   17465.343     0.912500         3398        11.43
   17612.799     0.925000         3442        13.33
   17727.487     0.937500         3485        16.00
   17809.407     0.943750         3510        17.78
   17924.095     0.950000         3532        20.00
   18006.015     0.956250         3556        22.86
   18087.935     0.962500         3580        26.67
   18186.239     0.968750         3600        32.00
   18235.391     0.971875         3615        35.56
   18284.543     0.975000         3628        40.00
   18333.695     0.978125         3636        45.71
   18415.615     0.981250         3649        53.33
   18530.303     0.984375         3659        64.00
   18563.071     0.985938         3664        71.11
   18595.839     0.987500         3670        80.00
   18661.375     0.989062         3677        91.43
   18710.527     0.990625         3683       106.67
   18759.679     0.992188         3687       128.00
   18792.447     0.992969         3691       142.22
   18825.215     0.993750         3694       160.00
   18841.599     0.994531         3696       182.86
   18874.367     0.995313         3699       213.33
   18956.287     0.996094         3702       256.00
   18972.671     0.996484         3703       284.44
   18989.055     0.996875         3705       320.00
   19038.207     0.997266         3706       365.71
   19103.743     0.997656         3708       426.67
   19169.279     0.998047         3709       512.00
   19267.583     0.998242         3711       568.89
   19267.583     0.998437         3711       640.00
   19267.583     0.998633         3711       731.43
   19349.503     0.998828         3713       853.33
   19349.503     0.999023         3713      1024.00
   19349.503     0.999121         3713      1137.78
   19415.039     0.999219         3714      1280.00
   19415.039     0.999316         3714      1462.86
   19415.039     0.999414         3714      1706.67
   19873.791     0.999512         3715      2048.00
   19873.791     0.999561         3715      2275.56
   19873.791     0.999609         3715      2560.00
   19873.791     0.999658         3715      2925.71
   19873.791     0.999707         3715      3413.33
   19939.327     0.999756         3716      4096.00
   19939.327     1.000000         3716          inf
#[Mean    =    12796.930, StdDeviation   =     3481.488]
#[Max     =    19922.944, Total count    =         3716]
#[Buckets =           27, SubBuckets     =         2048]
-----------------------------------------------------------------------
  5585 requests in 30.04s, 69.54MB read
Requests/sec:    185.92  
Transfer/sec:      2.31MB
Running 30s test @ http://nginx-thrift.social-network.svc.cluster.local:8080/wrk2-api/user-timeline/read
  2 threads and 100 connections

  Thread calibration: mean lat.: 4471.199ms, rate sampling interval: 14557ms
  Thread calibration: mean lat.: 4078.669ms, rate sampling interval: 13123ms

-----------------------------------------------------------------------
Test Results @ http://nginx-thrift.social-network.svc.cluster.local:8080/wrk2-api/user-timeline/read 
  Thread Stats   Avg      Stdev     99%   +/- Stdev
    Latency    15.17s     4.45s   23.04s    57.28%
    Req/Sec   109.50      1.50   111.00    100.00%
  Latency Distribution (HdrHistogram - Recorded Latency)
 50.000%   15.17s 
 75.000%   19.04s 
 90.000%   21.33s 
 99.000%   23.04s 
 99.900%   23.43s 
 99.990%   23.63s 
 99.999%   23.63s 
100.000%   23.63s 

  Detailed Percentile spectrum:
       Value   Percentile   TotalCount 1/(1-Percentile)

    6877.183     0.000000            2         1.00
    9109.503     0.100000          435         1.11
   10452.991     0.200000          871         1.25
   12042.239     0.300000         1309         1.43
   13680.639     0.400000         1744         1.67
   15171.583     0.500000         2178         2.00
   15908.863     0.550000         2392         2.22
   16662.527     0.600000         2611         2.50
   17481.727     0.650000         2828         2.86
   18284.543     0.700000         3048         3.33
   19038.207     0.750000         3273         4.00
   19382.271     0.775000         3371         4.44
   19759.103     0.800000         3484         5.00
   20168.703     0.825000         3589         5.71
   20578.303     0.850000         3697         6.67
   20955.135     0.875000         3810         8.00
   21168.127     0.887500         3867         8.89
   21331.967     0.900000         3915        10.00
   21528.575     0.912500         3969        11.43
   21741.567     0.925000         4023        13.33
   21905.407     0.937500         4082        16.00
   22003.711     0.943750         4106        17.78
   22102.015     0.950000         4135        20.00
   22183.935     0.956250         4164        22.86
   22298.623     0.962500         4191        26.67
   22446.079     0.968750         4215        32.00
   22511.615     0.971875         4229        35.56
   22577.151     0.975000         4242        40.00
   22675.455     0.978125         4254        45.71
   22757.375     0.981250         4269        53.33
   22855.679     0.984375         4283        64.00
   22921.215     0.985938         4289        71.11
   22986.751     0.987500         4295        80.00
   23035.903     0.989062         4306        91.43
   23068.671     0.990625         4310       106.67
   23117.823     0.992188         4317       128.00
   23134.207     0.992969         4319       142.22
   23166.975     0.993750         4322       160.00
   23216.127     0.994531         4328       182.86
   23232.511     0.995313         4330       213.33
   23298.047     0.996094         4333       256.00
   23314.431     0.996484         4336       284.44
   23314.431     0.996875         4336       320.00
   23347.199     0.997266         4338       365.71
   23363.583     0.997656         4340       426.67
   23396.351     0.998047         4342       512.00
   23396.351     0.998242         4342       568.89
   23412.735     0.998437         4344       640.00
   23412.735     0.998633         4344       731.43
   23412.735     0.998828         4344       853.33
   23429.119     0.999023         4345      1024.00
   23527.423     0.999121         4346      1137.78
   23527.423     0.999219         4346      1280.00
   23560.191     0.999316         4347      1462.86
   23560.191     0.999414         4347      1706.67
   23560.191     0.999512         4347      2048.00
   23576.575     0.999561         4348      2275.56
   23576.575     0.999609         4348      2560.00
   23576.575     0.999658         4348      2925.71
   23576.575     0.999707         4348      3413.33
   23576.575     0.999756         4348      4096.00
   23625.727     0.999780         4349      4551.11
   23625.727     1.000000         4349          inf
#[Mean    =    15174.823, StdDeviation   =     4454.890]
#[Max     =    23609.344, Total count    =         4349]
#[Buckets =           27, SubBuckets     =         2048]
-----------------------------------------------------------------------
  6344 requests in 30.02s, 78.83MB read
Requests/sec:    211.33  
Transfer/sec:      2.63MB
Current Req is: 50 reqs/second
Average Response Time: 1135.3363785182448 ms
Average Throughput: 32.888888888888886 requests/second
Current Req is: 100 reqs/second
Average Response Time: 854.1894444444446 ms
Average Throughput: 75.55555555555556 requests/second
Current Req is: 200 reqs/second
Average Response Time: 861.5392200183295 ms
Average Throughput: 126.66666666666667 requests/second
Current Req is: 200 reqs/second
Average Response Time: 111.84140003507262 ms
Average Throughput: 148.77777777777777 requests/second
Current Req is: 500 reqs/second
Average Response Time: 106.99451076184239 ms
Average Throughput: 378.5777777777778 requests/second
Current Req is: 1000 reqs/second
Average Response Time: 176.6647194573833 ms
Average Throughput: 610.5333333333333 requests/second
Current Req is: 200 reqs/second
Average Response Time: 603.3382094660307 ms
Average Throughput: 152.04444444444445 requests/second
Current Req is: 500 reqs/second
Average Response Time: 685.119794105544 ms
Average Throughput: 139.91111111111113 requests/second
Current Req is: 1000 reqs/second
Average Response Time: 601.0225920211593 ms
Average Throughput: 170.6 requests/second
